ARM GAS  C:\Users\kvl6\AppData\Local\Temp\ccw3Ez0u.s 			page 1


   1              		.syntax unified
   2              		.cpu cortex-m3
   3              		.fpu softvfp
   4              		.eabi_attribute 20, 1
   5              		.eabi_attribute 21, 1
   6              		.eabi_attribute 23, 3
   7              		.eabi_attribute 24, 1
   8              		.eabi_attribute 25, 1
   9              		.eabi_attribute 26, 1
  10              		.eabi_attribute 30, 1
  11              		.eabi_attribute 34, 1
  12              		.eabi_attribute 18, 4
  13              		.thumb
  14              		.syntax unified
  15              		.file	"cymetadata.c"
  16              		.text
  17              	.Ltext0:
  18              		.cfi_sections	.debug_frame
  19              		.global	cy_metadata
  20              		.global	cy_meta_flashprotect
  21              		.global	cy_meta_wonvl
  22              		.global	cy_meta_custnvl
  23              		.global	cy_meta_configecc
  24              		.section	.cyconfigecc,"a",%progbits
  25              		.align	2
  26              		.type	cy_meta_configecc, %object
  27              		.size	cy_meta_configecc, 344
  28              	cy_meta_configecc:
  29 0000 02       		.byte	2
  30 0001 45       		.byte	69
  31 0002 00       		.byte	0
  32 0003 40       		.byte	64
  33 0004 01       		.byte	1
  34 0005 4F       		.byte	79
  35 0006 00       		.byte	0
  36 0007 40       		.byte	64
  37 0008 03       		.byte	3
  38 0009 52       		.byte	82
  39 000a 00       		.byte	0
  40 000b 40       		.byte	64
  41 000c 01       		.byte	1
  42 000d 03       		.byte	3
  43 000e 01       		.byte	1
  44 000f 40       		.byte	64
  45 0010 02       		.byte	2
  46 0011 0D       		.byte	13
  47 0012 01       		.byte	1
  48 0013 40       		.byte	64
  49 0014 07       		.byte	7
  50 0015 0E       		.byte	14
  51 0016 01       		.byte	1
  52 0017 40       		.byte	64
  53 0018 05       		.byte	5
  54 0019 0F       		.byte	15
  55 001a 01       		.byte	1
  56 001b 40       		.byte	64
  57 001c 01       		.byte	1
ARM GAS  C:\Users\kvl6\AppData\Local\Temp\ccw3Ez0u.s 			page 2


  58 001d 15       		.byte	21
  59 001e 01       		.byte	1
  60 001f 40       		.byte	64
  61 0020 01       		.byte	1
  62 0021 17       		.byte	23
  63 0022 01       		.byte	1
  64 0023 40       		.byte	64
  65 0024 01       		.byte	1
  66 0025 19       		.byte	25
  67 0026 01       		.byte	1
  68 0027 40       		.byte	64
  69 0028 01       		.byte	1
  70 0029 1B       		.byte	27
  71 002a 01       		.byte	1
  72 002b 40       		.byte	64
  73 002c 03       		.byte	3
  74 002d 40       		.byte	64
  75 002e 01       		.byte	1
  76 002f 40       		.byte	64
  77 0030 05       		.byte	5
  78 0031 41       		.byte	65
  79 0032 01       		.byte	1
  80 0033 40       		.byte	64
  81 0034 07       		.byte	7
  82 0035 42       		.byte	66
  83 0036 01       		.byte	1
  84 0037 40       		.byte	64
  85 0038 03       		.byte	3
  86 0039 43       		.byte	67
  87 003a 01       		.byte	1
  88 003b 40       		.byte	64
  89 003c 06       		.byte	6
  90 003d 44       		.byte	68
  91 003e 01       		.byte	1
  92 003f 40       		.byte	64
  93 0040 04       		.byte	4
  94 0041 45       		.byte	69
  95 0042 01       		.byte	1
  96 0043 40       		.byte	64
  97 0044 02       		.byte	2
  98 0045 46       		.byte	70
  99 0046 01       		.byte	1
 100 0047 40       		.byte	64
 101 0048 05       		.byte	5
 102 0049 47       		.byte	71
 103 004a 01       		.byte	1
 104 004b 40       		.byte	64
 105 004c 05       		.byte	5
 106 004d 48       		.byte	72
 107 004e 01       		.byte	1
 108 004f 40       		.byte	64
 109 0050 05       		.byte	5
 110 0051 49       		.byte	73
 111 0052 01       		.byte	1
 112 0053 40       		.byte	64
 113 0054 0B       		.byte	11
 114 0055 4C       		.byte	76
ARM GAS  C:\Users\kvl6\AppData\Local\Temp\ccw3Ez0u.s 			page 3


 115 0056 01       		.byte	1
 116 0057 40       		.byte	64
 117 0058 06       		.byte	6
 118 0059 4D       		.byte	77
 119 005a 01       		.byte	1
 120 005b 40       		.byte	64
 121 005c 02       		.byte	2
 122 005d 50       		.byte	80
 123 005e 01       		.byte	1
 124 005f 40       		.byte	64
 125 0060 02       		.byte	2
 126 0061 51       		.byte	81
 127 0062 01       		.byte	1
 128 0063 40       		.byte	64
 129 0064 1A       		.byte	26
 130 0065 02       		.byte	2
 131 0066 7E       		.byte	126
 132 0067 02       		.byte	2
 133 0068 0A       		.byte	10
 134 0069 4B       		.byte	75
 135 006a 60       		.byte	96
 136 006b 20       		.byte	32
 137 006c 61       		.byte	97
 138 006d 30       		.byte	48
 139 006e 7C       		.byte	124
 140 006f 40       		.byte	64
 141 0070 EE       		.byte	-18
 142 0071 08       		.byte	8
 143 0072 AF       		.byte	-81
 144 0073 01       		.byte	1
 145 0074 B5       		.byte	-75
 146 0075 20       		.byte	32
 147 0076 38       		.byte	56
 148 0077 02       		.byte	2
 149 0078 3E       		.byte	62
 150 0079 01       		.byte	1
 151 007a 56       		.byte	86
 152 007b 08       		.byte	8
 153 007c 58       		.byte	88
 154 007d 04       		.byte	4
 155 007e 5B       		.byte	91
 156 007f 04       		.byte	4
 157 0080 5D       		.byte	93
 158 0081 90       		.byte	-112
 159 0082 5F       		.byte	95
 160 0083 01       		.byte	1
 161 0084 1B       		.byte	27
 162 0085 01       		.byte	1
 163 0086 58       		.byte	88
 164 0087 40       		.byte	64
 165 0088 59       		.byte	89
 166 0089 20       		.byte	32
 167 008a 88       		.byte	-120
 168 008b 40       		.byte	64
 169 008c D6       		.byte	-42
 170 008d 0C       		.byte	12
 171 008e EA       		.byte	-22
ARM GAS  C:\Users\kvl6\AppData\Local\Temp\ccw3Ez0u.s 			page 4


 172 008f 01       		.byte	1
 173 0090 EE       		.byte	-18
 174 0091 0A       		.byte	10
 175 0092 EE       		.byte	-18
 176 0093 0A       		.byte	10
 177 0094 EA       		.byte	-22
 178 0095 01       		.byte	1
 179 0096 33       		.byte	51
 180 0097 88       		.byte	-120
 181 0098 36       		.byte	54
 182 0099 40       		.byte	64
 183 009a CC       		.byte	-52
 184 009b 70       		.byte	112
 185 009c A3       		.byte	-93
 186 009d 01       		.byte	1
 187 009e A6       		.byte	-90
 188 009f 40       		.byte	64
 189 00a0 A7       		.byte	-89
 190 00a1 88       		.byte	-120
 191 00a2 AF       		.byte	-81
 192 00a3 01       		.byte	1
 193 00a4 EE       		.byte	-18
 194 00a5 10       		.byte	16
 195 00a6 3E       		.byte	62
 196 00a7 10       		.byte	16
 197 00a8 63       		.byte	99
 198 00a9 02       		.byte	2
 199 00aa A3       		.byte	-93
 200 00ab 01       		.byte	1
 201 00ac A6       		.byte	-90
 202 00ad 40       		.byte	64
 203 00ae A7       		.byte	-89
 204 00af 88       		.byte	-120
 205 00b0 CE       		.byte	-50
 206 00b1 20       		.byte	32
 207 00b2 D6       		.byte	-42
 208 00b3 40       		.byte	64
 209 00b4 96       		.byte	-106
 210 00b5 10       		.byte	16
 211 00b6 A6       		.byte	-90
 212 00b7 40       		.byte	64
 213 00b8 A7       		.byte	-89
 214 00b9 88       		.byte	-120
 215 00ba 11       		.byte	17
 216 00bb 01       		.byte	1
 217 00bc 12       		.byte	18
 218 00bd 20       		.byte	32
 219 00be 14       		.byte	20
 220 00bf 20       		.byte	32
 221 00c0 88       		.byte	-120
 222 00c1 20       		.byte	32
 223 00c2 C4       		.byte	-60
 224 00c3 0C       		.byte	12
 225 00c4 E2       		.byte	-30
 226 00c5 01       		.byte	1
 227 00c6 91       		.byte	-111
 228 00c7 01       		.byte	1
ARM GAS  C:\Users\kvl6\AppData\Local\Temp\ccw3Ez0u.s 			page 5


 229 00c8 98       		.byte	-104
 230 00c9 20       		.byte	32
 231 00ca B6       		.byte	-74
 232 00cb 20       		.byte	32
 233 00cc EA       		.byte	-22
 234 00cd 08       		.byte	8
 235 00ce 91       		.byte	-111
 236 00cf 01       		.byte	1
 237 00d0 98       		.byte	-104
 238 00d1 20       		.byte	32
 239 00d2 08       		.byte	8
 240 00d3 08       		.byte	8
 241 00d4 0F       		.byte	15
 242 00d5 40       		.byte	64
 243 00d6 91       		.byte	-111
 244 00d7 01       		.byte	1
 245 00d8 98       		.byte	-104
 246 00d9 20       		.byte	32
 247 00da C2       		.byte	-62
 248 00db 0C       		.byte	12
 249 00dc 96       		.byte	-106
 250 00dd 10       		.byte	16
 251 00de A7       		.byte	-89
 252 00df 08       		.byte	8
 253 00e0 AE       		.byte	-82
 254 00e1 40       		.byte	64
 255 00e2 AF       		.byte	-81
 256 00e3 80       		.byte	-128
 257 00e4 EE       		.byte	-18
 258 00e5 50       		.byte	80
 259 00e6 03       		.byte	3
 260 00e7 08       		.byte	8
 261 00e8 A7       		.byte	-89
 262 00e9 08       		.byte	8
 263 00ea AA       		.byte	-86
 264 00eb 10       		.byte	16
 265 00ec C0       		.byte	-64
 266 00ed 40       		.byte	64
 267 00ee EA       		.byte	-22
 268 00ef 80       		.byte	-128
 269 00f0 10       		.byte	16
 270 00f1 40       		.byte	64
 271 00f2 13       		.byte	19
 272 00f3 20       		.byte	32
 273 00f4 14       		.byte	20
 274 00f5 80       		.byte	-128
 275 00f6 79       		.byte	121
 276 00f7 01       		.byte	1
 277 00f8 7C       		.byte	124
 278 00f9 20       		.byte	32
 279 00fa 91       		.byte	-111
 280 00fb 01       		.byte	1
 281 00fc 98       		.byte	-104
 282 00fd 20       		.byte	32
 283 00fe AC       		.byte	-84
 284 00ff 08       		.byte	8
 285 0100 AF       		.byte	-81
ARM GAS  C:\Users\kvl6\AppData\Local\Temp\ccw3Ez0u.s 			page 6


 286 0101 40       		.byte	64
 287 0102 C4       		.byte	-60
 288 0103 0E       		.byte	14
 289 0104 DE       		.byte	-34
 290 0105 03       		.byte	3
 291 0106 78       		.byte	120
 292 0107 40       		.byte	64
 293 0108 7C       		.byte	124
 294 0109 80       		.byte	-128
 295 010a 98       		.byte	-104
 296 010b C0       		.byte	-64
 297 010c AB       		.byte	-85
 298 010d 20       		.byte	32
 299 010e DC       		.byte	-36
 300 010f 01       		.byte	1
 301 0110 DE       		.byte	-34
 302 0111 04       		.byte	4
 303 0112 01       		.byte	1
 304 0113 01       		.byte	1
 305 0114 0F       		.byte	15
 306 0115 01       		.byte	1
 307 0116 00       		.byte	0
 308 0117 3A       		.byte	58
 309 0118 03       		.byte	3
 310 0119 C0       		.byte	-64
 311 011a 00       		.byte	0
 312 011b 00       		.byte	0
 313 011c 30       		.byte	48
 314 011d 00       		.byte	0
 315 011e 00       		.byte	0
 316 011f 00       		.byte	0
 317 0120 30       		.byte	48
 318 0121 00       		.byte	0
 319 0122 30       		.byte	48
 320 0123 00       		.byte	0
 321 0124 00       		.byte	0
 322 0125 00       		.byte	0
 323 0126 00       		.byte	0
 324 0127 00       		.byte	0
 325 0128 40       		.byte	64
 326 0129 00       		.byte	0
 327 012a 00       		.byte	0
 328 012b 00       		.byte	0
 329 012c 00       		.byte	0
 330 012d 00       		.byte	0
 331 012e 00       		.byte	0
 332 012f 00       		.byte	0
 333 0130 C0       		.byte	-64
 334 0131 00       		.byte	0
 335 0132 00       		.byte	0
 336 0133 00       		.byte	0
 337 0134 00       		.byte	0
 338 0135 0B       		.byte	11
 339 0136 0B       		.byte	11
 340 0137 00       		.byte	0
 341 0138 00       		.byte	0
 342 0139 00       		.byte	0
ARM GAS  C:\Users\kvl6\AppData\Local\Temp\ccw3Ez0u.s 			page 7


 343 013a 00       		.byte	0
 344 013b 00       		.byte	0
 345 013c 00       		.byte	0
 346 013d 7F       		.byte	127
 347 013e 7F       		.byte	127
 348 013f 00       		.byte	0
 349 0140 00       		.byte	0
 350 0141 00       		.byte	0
 351 0142 00       		.byte	0
 352 0143 00       		.byte	0
 353 0144 04       		.byte	4
 354 0145 00       		.byte	0
 355 0146 00       		.byte	0
 356 0147 04       		.byte	4
 357 0148 00       		.byte	0
 358 0149 00       		.byte	0
 359 014a 00       		.byte	0
 360 014b 00       		.byte	0
 361 014c 00       		.byte	0
 362 014d 01       		.byte	1
 363 014e 00       		.byte	0
 364 014f 00       		.byte	0
 365 0150 00       		.byte	0
 366 0151 0C       		.byte	12
 367 0152 0C       		.byte	12
 368 0153 00       		.byte	0
 369 0154 00       		.byte	0
 370 0155 00       		.byte	0
 371 0156 00       		.byte	0
 372 0157 00       		.byte	0
 373              		.section	.cywolatch,"a",%progbits
 374              		.align	2
 375              		.type	cy_meta_wonvl, %object
 376              		.size	cy_meta_wonvl, 4
 377              	cy_meta_wonvl:
 378 0000 BC       		.byte	-68
 379 0001 90       		.byte	-112
 380 0002 AC       		.byte	-84
 381 0003 AF       		.byte	-81
 382              		.section	.cycustnvl,"a",%progbits
 383              		.align	2
 384              		.type	cy_meta_custnvl, %object
 385              		.size	cy_meta_custnvl, 4
 386              	cy_meta_custnvl:
 387 0000 00       		.byte	0
 388 0001 00       		.byte	0
 389 0002 40       		.byte	64
 390 0003 05       		.byte	5
 391              		.section	.cymeta,"a",%progbits
 392              		.align	2
 393              		.type	cy_metadata, %object
 394              		.size	cy_metadata, 12
 395              	cy_metadata:
 396 0000 00       		.byte	0
 397 0001 01       		.byte	1
 398 0002 2E       		.byte	46
 399 0003 12       		.byte	18
ARM GAS  C:\Users\kvl6\AppData\Local\Temp\ccw3Ez0u.s 			page 8


 400 0004 30       		.byte	48
 401 0005 69       		.byte	105
 402 0006 00       		.byte	0
 403 0007 01       		.byte	1
 404 0008 00       		.byte	0
 405 0009 00       		.byte	0
 406 000a 00       		.byte	0
 407 000b 00       		.byte	0
 408              		.section	.cyflashprotect,"a",%progbits
 409              		.align	2
 410              		.type	cy_meta_flashprotect, %object
 411              		.size	cy_meta_flashprotect, 256
 412              	cy_meta_flashprotect:
 413 0000 00000000 		.space	256
 413      00000000 
 413      00000000 
 413      00000000 
 413      00000000 
 414              		.text
 415              	.Letext0:
 416              		.file 1 "c:\\program files (x86)\\cypress\\psoc creator\\4.2\\psoc creator\\import\\gnu\\arm\\5.4.
 417              		.file 2 "c:\\program files (x86)\\cypress\\psoc creator\\4.2\\psoc creator\\import\\gnu\\arm\\5.4.
 418              		.file 3 "Generated_Source\\PSoC5\\cymetadata.c"
 419              		.section	.debug_info,"",%progbits
 420              	.Ldebug_info0:
 421 0000 31010000 		.4byte	0x131
 422 0004 0400     		.2byte	0x4
 423 0006 00000000 		.4byte	.Ldebug_abbrev0
 424 000a 04       		.byte	0x4
 425 000b 01       		.uleb128 0x1
 426 000c 24000000 		.4byte	.LASF17
 427 0010 0C       		.byte	0xc
 428 0011 D1010000 		.4byte	.LASF18
 429 0015 D7000000 		.4byte	.LASF19
 430 0019 00000000 		.4byte	.Ldebug_line0
 431 001d 02       		.uleb128 0x2
 432 001e 01       		.byte	0x1
 433 001f 06       		.byte	0x6
 434 0020 C5010000 		.4byte	.LASF0
 435 0024 03       		.uleb128 0x3
 436 0025 00000000 		.4byte	.LASF9
 437 0029 01       		.byte	0x1
 438 002a 1D       		.byte	0x1d
 439 002b 2F000000 		.4byte	0x2f
 440 002f 02       		.uleb128 0x2
 441 0030 01       		.byte	0x1
 442 0031 08       		.byte	0x8
 443 0032 16000000 		.4byte	.LASF1
 444 0036 02       		.uleb128 0x2
 445 0037 02       		.byte	0x2
 446 0038 05       		.byte	0x5
 447 0039 B2010000 		.4byte	.LASF2
 448 003d 02       		.uleb128 0x2
 449 003e 02       		.byte	0x2
 450 003f 07       		.byte	0x7
 451 0040 C4000000 		.4byte	.LASF3
 452 0044 02       		.uleb128 0x2
ARM GAS  C:\Users\kvl6\AppData\Local\Temp\ccw3Ez0u.s 			page 9


 453 0045 04       		.byte	0x4
 454 0046 05       		.byte	0x5
 455 0047 BC010000 		.4byte	.LASF4
 456 004b 02       		.uleb128 0x2
 457 004c 04       		.byte	0x4
 458 004d 07       		.byte	0x7
 459 004e B2000000 		.4byte	.LASF5
 460 0052 02       		.uleb128 0x2
 461 0053 08       		.byte	0x8
 462 0054 05       		.byte	0x5
 463 0055 A4010000 		.4byte	.LASF6
 464 0059 02       		.uleb128 0x2
 465 005a 08       		.byte	0x8
 466 005b 07       		.byte	0x7
 467 005c 59010000 		.4byte	.LASF7
 468 0060 04       		.uleb128 0x4
 469 0061 04       		.byte	0x4
 470 0062 05       		.byte	0x5
 471 0063 696E7400 		.ascii	"int\000"
 472 0067 02       		.uleb128 0x2
 473 0068 04       		.byte	0x4
 474 0069 07       		.byte	0x7
 475 006a 4C010000 		.4byte	.LASF8
 476 006e 03       		.uleb128 0x3
 477 006f 70010000 		.4byte	.LASF10
 478 0073 02       		.byte	0x2
 479 0074 18       		.byte	0x18
 480 0075 24000000 		.4byte	0x24
 481 0079 05       		.uleb128 0x5
 482 007a 91000000 		.4byte	0x91
 483 007e 8A000000 		.4byte	0x8a
 484 0082 06       		.uleb128 0x6
 485 0083 8A000000 		.4byte	0x8a
 486 0087 5701     		.2byte	0x157
 487 0089 00       		.byte	0
 488 008a 02       		.uleb128 0x2
 489 008b 04       		.byte	0x4
 490 008c 07       		.byte	0x7
 491 008d 9B010000 		.4byte	.LASF11
 492 0091 07       		.uleb128 0x7
 493 0092 6E000000 		.4byte	0x6e
 494 0096 08       		.uleb128 0x8
 495 0097 3A010000 		.4byte	.LASF12
 496 009b 03       		.byte	0x3
 497 009c 1F       		.byte	0x1f
 498 009d A7000000 		.4byte	0xa7
 499 00a1 05       		.uleb128 0x5
 500 00a2 03       		.byte	0x3
 501 00a3 00000000 		.4byte	cy_meta_configecc
 502 00a7 07       		.uleb128 0x7
 503 00a8 79000000 		.4byte	0x79
 504 00ac 05       		.uleb128 0x5
 505 00ad 91000000 		.4byte	0x91
 506 00b1 BC000000 		.4byte	0xbc
 507 00b5 09       		.uleb128 0x9
 508 00b6 8A000000 		.4byte	0x8a
 509 00ba 03       		.byte	0x3
ARM GAS  C:\Users\kvl6\AppData\Local\Temp\ccw3Ez0u.s 			page 10


 510 00bb 00       		.byte	0
 511 00bc 08       		.uleb128 0x8
 512 00bd 2A010000 		.4byte	.LASF13
 513 00c1 03       		.byte	0x3
 514 00c2 57       		.byte	0x57
 515 00c3 CD000000 		.4byte	0xcd
 516 00c7 05       		.uleb128 0x5
 517 00c8 03       		.byte	0x3
 518 00c9 00000000 		.4byte	cy_meta_custnvl
 519 00cd 07       		.uleb128 0x7
 520 00ce AC000000 		.4byte	0xac
 521 00d2 08       		.uleb128 0x8
 522 00d3 8D010000 		.4byte	.LASF14
 523 00d7 03       		.byte	0x3
 524 00d8 65       		.byte	0x65
 525 00d9 E3000000 		.4byte	0xe3
 526 00dd 05       		.uleb128 0x5
 527 00de 03       		.byte	0x3
 528 00df 00000000 		.4byte	cy_meta_wonvl
 529 00e3 07       		.uleb128 0x7
 530 00e4 AC000000 		.4byte	0xac
 531 00e8 05       		.uleb128 0x5
 532 00e9 91000000 		.4byte	0x91
 533 00ed F8000000 		.4byte	0xf8
 534 00f1 09       		.uleb128 0x9
 535 00f2 8A000000 		.4byte	0x8a
 536 00f6 FF       		.byte	0xff
 537 00f7 00       		.byte	0
 538 00f8 08       		.uleb128 0x8
 539 00f9 78010000 		.4byte	.LASF15
 540 00fd 03       		.byte	0x3
 541 00fe 73       		.byte	0x73
 542 00ff 09010000 		.4byte	0x109
 543 0103 05       		.uleb128 0x5
 544 0104 03       		.byte	0x3
 545 0105 00000000 		.4byte	cy_meta_flashprotect
 546 0109 07       		.uleb128 0x7
 547 010a E8000000 		.4byte	0xe8
 548 010e 05       		.uleb128 0x5
 549 010f 91000000 		.4byte	0x91
 550 0113 1E010000 		.4byte	0x11e
 551 0117 09       		.uleb128 0x9
 552 0118 8A000000 		.4byte	0x8a
 553 011c 0B       		.byte	0xb
 554 011d 00       		.byte	0
 555 011e 08       		.uleb128 0x8
 556 011f 0A000000 		.4byte	.LASF16
 557 0123 03       		.byte	0x3
 558 0124 A0       		.byte	0xa0
 559 0125 2F010000 		.4byte	0x12f
 560 0129 05       		.uleb128 0x5
 561 012a 03       		.byte	0x3
 562 012b 00000000 		.4byte	cy_metadata
 563 012f 07       		.uleb128 0x7
 564 0130 0E010000 		.4byte	0x10e
 565 0134 00       		.byte	0
 566              		.section	.debug_abbrev,"",%progbits
ARM GAS  C:\Users\kvl6\AppData\Local\Temp\ccw3Ez0u.s 			page 11


 567              	.Ldebug_abbrev0:
 568 0000 01       		.uleb128 0x1
 569 0001 11       		.uleb128 0x11
 570 0002 01       		.byte	0x1
 571 0003 25       		.uleb128 0x25
 572 0004 0E       		.uleb128 0xe
 573 0005 13       		.uleb128 0x13
 574 0006 0B       		.uleb128 0xb
 575 0007 03       		.uleb128 0x3
 576 0008 0E       		.uleb128 0xe
 577 0009 1B       		.uleb128 0x1b
 578 000a 0E       		.uleb128 0xe
 579 000b 10       		.uleb128 0x10
 580 000c 17       		.uleb128 0x17
 581 000d 00       		.byte	0
 582 000e 00       		.byte	0
 583 000f 02       		.uleb128 0x2
 584 0010 24       		.uleb128 0x24
 585 0011 00       		.byte	0
 586 0012 0B       		.uleb128 0xb
 587 0013 0B       		.uleb128 0xb
 588 0014 3E       		.uleb128 0x3e
 589 0015 0B       		.uleb128 0xb
 590 0016 03       		.uleb128 0x3
 591 0017 0E       		.uleb128 0xe
 592 0018 00       		.byte	0
 593 0019 00       		.byte	0
 594 001a 03       		.uleb128 0x3
 595 001b 16       		.uleb128 0x16
 596 001c 00       		.byte	0
 597 001d 03       		.uleb128 0x3
 598 001e 0E       		.uleb128 0xe
 599 001f 3A       		.uleb128 0x3a
 600 0020 0B       		.uleb128 0xb
 601 0021 3B       		.uleb128 0x3b
 602 0022 0B       		.uleb128 0xb
 603 0023 49       		.uleb128 0x49
 604 0024 13       		.uleb128 0x13
 605 0025 00       		.byte	0
 606 0026 00       		.byte	0
 607 0027 04       		.uleb128 0x4
 608 0028 24       		.uleb128 0x24
 609 0029 00       		.byte	0
 610 002a 0B       		.uleb128 0xb
 611 002b 0B       		.uleb128 0xb
 612 002c 3E       		.uleb128 0x3e
 613 002d 0B       		.uleb128 0xb
 614 002e 03       		.uleb128 0x3
 615 002f 08       		.uleb128 0x8
 616 0030 00       		.byte	0
 617 0031 00       		.byte	0
 618 0032 05       		.uleb128 0x5
 619 0033 01       		.uleb128 0x1
 620 0034 01       		.byte	0x1
 621 0035 49       		.uleb128 0x49
 622 0036 13       		.uleb128 0x13
 623 0037 01       		.uleb128 0x1
ARM GAS  C:\Users\kvl6\AppData\Local\Temp\ccw3Ez0u.s 			page 12


 624 0038 13       		.uleb128 0x13
 625 0039 00       		.byte	0
 626 003a 00       		.byte	0
 627 003b 06       		.uleb128 0x6
 628 003c 21       		.uleb128 0x21
 629 003d 00       		.byte	0
 630 003e 49       		.uleb128 0x49
 631 003f 13       		.uleb128 0x13
 632 0040 2F       		.uleb128 0x2f
 633 0041 05       		.uleb128 0x5
 634 0042 00       		.byte	0
 635 0043 00       		.byte	0
 636 0044 07       		.uleb128 0x7
 637 0045 26       		.uleb128 0x26
 638 0046 00       		.byte	0
 639 0047 49       		.uleb128 0x49
 640 0048 13       		.uleb128 0x13
 641 0049 00       		.byte	0
 642 004a 00       		.byte	0
 643 004b 08       		.uleb128 0x8
 644 004c 34       		.uleb128 0x34
 645 004d 00       		.byte	0
 646 004e 03       		.uleb128 0x3
 647 004f 0E       		.uleb128 0xe
 648 0050 3A       		.uleb128 0x3a
 649 0051 0B       		.uleb128 0xb
 650 0052 3B       		.uleb128 0x3b
 651 0053 0B       		.uleb128 0xb
 652 0054 49       		.uleb128 0x49
 653 0055 13       		.uleb128 0x13
 654 0056 3F       		.uleb128 0x3f
 655 0057 19       		.uleb128 0x19
 656 0058 02       		.uleb128 0x2
 657 0059 18       		.uleb128 0x18
 658 005a 00       		.byte	0
 659 005b 00       		.byte	0
 660 005c 09       		.uleb128 0x9
 661 005d 21       		.uleb128 0x21
 662 005e 00       		.byte	0
 663 005f 49       		.uleb128 0x49
 664 0060 13       		.uleb128 0x13
 665 0061 2F       		.uleb128 0x2f
 666 0062 0B       		.uleb128 0xb
 667 0063 00       		.byte	0
 668 0064 00       		.byte	0
 669 0065 00       		.byte	0
 670              		.section	.debug_aranges,"",%progbits
 671 0000 14000000 		.4byte	0x14
 672 0004 0200     		.2byte	0x2
 673 0006 00000000 		.4byte	.Ldebug_info0
 674 000a 04       		.byte	0x4
 675 000b 00       		.byte	0
 676 000c 0000     		.2byte	0
 677 000e 0000     		.2byte	0
 678 0010 00000000 		.4byte	0
 679 0014 00000000 		.4byte	0
 680              		.section	.debug_line,"",%progbits
ARM GAS  C:\Users\kvl6\AppData\Local\Temp\ccw3Ez0u.s 			page 13


 681              	.Ldebug_line0:
 682 0000 3D010000 		.section	.debug_str,"MS",%progbits,1
 682      02003701 
 682      00000201 
 682      FB0E0D00 
 682      01010101 
 683              	.LASF9:
 684 0000 5F5F7569 		.ascii	"__uint8_t\000"
 684      6E74385F 
 684      7400
 685              	.LASF16:
 686 000a 63795F6D 		.ascii	"cy_metadata\000"
 686      65746164 
 686      61746100 
 687              	.LASF1:
 688 0016 756E7369 		.ascii	"unsigned char\000"
 688      676E6564 
 688      20636861 
 688      7200
 689              	.LASF17:
 690 0024 474E5520 		.ascii	"GNU C11 5.4.1 20160609 (release) [ARM/embedded-5-br"
 690      43313120 
 690      352E342E 
 690      31203230 
 690      31363036 
 691 0057 616E6368 		.ascii	"anch revision 237715] -mcpu=cortex-m3 -mthumb -g -O"
 691      20726576 
 691      6973696F 
 691      6E203233 
 691      37373135 
 692 008a 67202D66 		.ascii	"g -ffunction-sections -ffat-lto-objects\000"
 692      66756E63 
 692      74696F6E 
 692      2D736563 
 692      74696F6E 
 693              	.LASF5:
 694 00b2 6C6F6E67 		.ascii	"long unsigned int\000"
 694      20756E73 
 694      69676E65 
 694      6420696E 
 694      7400
 695              	.LASF3:
 696 00c4 73686F72 		.ascii	"short unsigned int\000"
 696      7420756E 
 696      7369676E 
 696      65642069 
 696      6E7400
 697              	.LASF19:
 698 00d7 443A5C50 		.ascii	"D:\\PSoC_Projects\\Spectrometers\\PSoC-ColorSensors"
 698      536F435F 
 698      50726F6A 
 698      65637473 
 698      5C537065 
 699 0107 5F537065 		.ascii	"_Spectrometers\\AS7262\\AS7262.cydsn\000"
 699      6374726F 
 699      6D657465 
 699      72735C41 
ARM GAS  C:\Users\kvl6\AppData\Local\Temp\ccw3Ez0u.s 			page 14


 699      53373236 
 700              	.LASF13:
 701 012a 63795F6D 		.ascii	"cy_meta_custnvl\000"
 701      6574615F 
 701      63757374 
 701      6E766C00 
 702              	.LASF12:
 703 013a 63795F6D 		.ascii	"cy_meta_configecc\000"
 703      6574615F 
 703      636F6E66 
 703      69676563 
 703      6300
 704              	.LASF8:
 705 014c 756E7369 		.ascii	"unsigned int\000"
 705      676E6564 
 705      20696E74 
 705      00
 706              	.LASF7:
 707 0159 6C6F6E67 		.ascii	"long long unsigned int\000"
 707      206C6F6E 
 707      6720756E 
 707      7369676E 
 707      65642069 
 708              	.LASF10:
 709 0170 75696E74 		.ascii	"uint8_t\000"
 709      385F7400 
 710              	.LASF15:
 711 0178 63795F6D 		.ascii	"cy_meta_flashprotect\000"
 711      6574615F 
 711      666C6173 
 711      6870726F 
 711      74656374 
 712              	.LASF14:
 713 018d 63795F6D 		.ascii	"cy_meta_wonvl\000"
 713      6574615F 
 713      776F6E76 
 713      6C00
 714              	.LASF11:
 715 019b 73697A65 		.ascii	"sizetype\000"
 715      74797065 
 715      00
 716              	.LASF6:
 717 01a4 6C6F6E67 		.ascii	"long long int\000"
 717      206C6F6E 
 717      6720696E 
 717      7400
 718              	.LASF2:
 719 01b2 73686F72 		.ascii	"short int\000"
 719      7420696E 
 719      7400
 720              	.LASF4:
 721 01bc 6C6F6E67 		.ascii	"long int\000"
 721      20696E74 
 721      00
 722              	.LASF0:
 723 01c5 7369676E 		.ascii	"signed char\000"
 723      65642063 
ARM GAS  C:\Users\kvl6\AppData\Local\Temp\ccw3Ez0u.s 			page 15


 723      68617200 
 724              	.LASF18:
 725 01d1 47656E65 		.ascii	"Generated_Source\\PSoC5\\cymetadata.c\000"
 725      72617465 
 725      645F536F 
 725      75726365 
 725      5C50536F 
 726              		.ident	"GCC: (GNU Tools for ARM Embedded Processors) 5.4.1 20160609 (release) [ARM/embedded-5-bran
