ARM GAS  C:\Users\kvl6\AppData\Local\Temp\cc9BdEBa.s 			page 1


   1              		.syntax unified
   2              		.cpu cortex-m3
   3              		.fpu softvfp
   4              		.eabi_attribute 20, 1
   5              		.eabi_attribute 21, 1
   6              		.eabi_attribute 23, 3
   7              		.eabi_attribute 24, 1
   8              		.eabi_attribute 25, 1
   9              		.eabi_attribute 26, 1
  10              		.eabi_attribute 30, 1
  11              		.eabi_attribute 34, 1
  12              		.eabi_attribute 18, 4
  13              		.thumb
  14              		.syntax unified
  15              		.file	"main.c"
  16              		.text
  17              	.Ltext0:
  18              		.cfi_sections	.debug_frame
  19              		.section	.text.main,"ax",%progbits
  20              		.align	2
  21              		.global	main
  22              		.thumb
  23              		.thumb_func
  24              		.type	main, %function
  25              	main:
  26              	.LFB64:
  27              		.file 1 "main.c"
   1:main.c        **** /* ========================================
   2:main.c        ****  *
   3:main.c        ****  * Copyright YOUR COMPANY, THE YEAR
   4:main.c        ****  * All Rights Reserved
   5:main.c        ****  * UNPUBLISHED, LICENSED SOFTWARE.
   6:main.c        ****  *
   7:main.c        ****  * CONFIDENTIAL AND PROPRIETARY INFORMATION
   8:main.c        ****  * WHICH IS THE PROPERTY OF your company.
   9:main.c        ****  *
  10:main.c        ****  * ========================================
  11:main.c        **** */
  12:main.c        **** #include "project.h"
  13:main.c        **** 
  14:main.c        **** // standard libraries
  15:main.c        **** #include <stdbool.h>
  16:main.c        **** #include <stdio.h>
  17:main.c        **** #include <stdlib.h>
  18:main.c        **** // project files
  19:main.c        **** #include "AS7262.h"
  20:main.c        **** #include "usb_functions.h"
  21:main.c        **** 
  22:main.c        **** #define True                        1
  23:main.c        **** #define False                       0
  24:main.c        **** 
  25:main.c        **** char LCD_str[40];
  26:main.c        **** bool Input_Flag = false;
  27:main.c        **** 
  28:main.c        **** extern AS7262_settings as7262;
  29:main.c        **** extern uint8 OUT_Data_Buffer[MAX_IN_ENDPOINT_BUFFER_SIZE];
  30:main.c        **** 
ARM GAS  C:\Users\kvl6\AppData\Local\Temp\cc9BdEBa.s 			page 2


  31:main.c        **** CY_ISR_PROTO( isr_handler_debug1 );
  32:main.c        **** CY_ISR_PROTO( isr_handler_basic_read );
  33:main.c        **** 
  34:main.c        **** int main(void)
  35:main.c        **** {
  28              		.loc 1 35 0
  29              		.cfi_startproc
  30              		@ args = 0, pretend = 0, frame = 0
  31              		@ frame_needed = 0, uses_anonymous_args = 0
  32 0000 10B5     		push	{r4, lr}
  33              		.cfi_def_cfa_offset 8
  34              		.cfi_offset 4, -8
  35              		.cfi_offset 14, -4
  36:main.c        ****     CyGlobalIntEnable; /* Enable global interrupts. */
  36              		.loc 1 36 0
  37              		.syntax unified
  38              	@ 36 "main.c" 1
  39 0002 62B6     		CPSIE   i
  40              	@ 0 "" 2
  37:main.c        ****     LCD_Start();
  41              		.loc 1 37 0
  42              		.thumb
  43              		.syntax unified
  44 0004 FFF7FEFF 		bl	LCD_Start
  45              	.LVL0:
  38:main.c        ****     LCD_ClearDisplay();
  46              		.loc 1 38 0
  47 0008 0120     		movs	r0, #1
  48 000a FFF7FEFF 		bl	LCD_WriteControl
  49              	.LVL1:
  39:main.c        ****     LCD_Position(1, 0); 
  50              		.loc 1 39 0
  51 000e 0021     		movs	r1, #0
  52 0010 0120     		movs	r0, #1
  53 0012 FFF7FEFF 		bl	LCD_Position
  54              	.LVL2:
  40:main.c        ****     LCD_PrintString("check1   ");
  55              		.loc 1 40 0
  56 0016 3648     		ldr	r0, .L15
  57 0018 FFF7FEFF 		bl	LCD_PrintString
  58              	.LVL3:
  41:main.c        ****     /* Place your initialization/startup code here (e.g. MyInst_Start()) */
  42:main.c        ****     USB_Start();  // initialize the USB
  59              		.loc 1 42 0
  60 001c FFF7FEFF 		bl	USB_Start
  61              	.LVL4:
  43:main.c        ****     
  44:main.c        ****     I2C_Start();
  62              		.loc 1 44 0
  63 0020 FFF7FEFF 		bl	I2C_Start
  64              	.LVL5:
  45:main.c        ****     CyDelay(500);
  65              		.loc 1 45 0
  66 0024 4FF4FA70 		mov	r0, #500
  67 0028 FFF7FEFF 		bl	CyDelay
  68              	.LVL6:
  46:main.c        ****     uint8 as7262_found = AS7262_Init();
ARM GAS  C:\Users\kvl6\AppData\Local\Temp\cc9BdEBa.s 			page 3


  69              		.loc 1 46 0
  70 002c FFF7FEFF 		bl	AS7262_Init
  71              	.LVL7:
  72 0030 0446     		mov	r4, r0
  73              	.LVL8:
  47:main.c        ****     //CyDelay(2000);
  48:main.c        ****     LCD_ClearDisplay();
  74              		.loc 1 48 0
  75 0032 0120     		movs	r0, #1
  76 0034 FFF7FEFF 		bl	LCD_WriteControl
  77              	.LVL9:
  49:main.c        ****     LCD_Position(1, 0); 
  78              		.loc 1 49 0
  79 0038 0021     		movs	r1, #0
  80 003a 0120     		movs	r0, #1
  81 003c FFF7FEFF 		bl	LCD_Position
  82              	.LVL10:
  50:main.c        ****     LCD_PrintString("check3   ");
  83              		.loc 1 50 0
  84 0040 2C48     		ldr	r0, .L15+4
  85 0042 FFF7FEFF 		bl	LCD_PrintString
  86              	.LVL11:
  51:main.c        ****     isr_as7262_int_StartEx( isr_handler_basic_read );
  87              		.loc 1 51 0
  88 0046 2C48     		ldr	r0, .L15+8
  89 0048 FFF7FEFF 		bl	isr_as7262_int_StartEx
  90              	.LVL12:
  52:main.c        ****     isr_as7262_pin_StartEx( isr_handler_debug1 );
  91              		.loc 1 52 0
  92 004c 2B48     		ldr	r0, .L15+12
  93 004e FFF7FEFF 		bl	isr_as7262_pin_StartEx
  94              	.LVL13:
  53:main.c        ****     LED_3_Write( 1 );
  95              		.loc 1 53 0
  96 0052 0120     		movs	r0, #1
  97 0054 FFF7FEFF 		bl	LED_3_Write
  98              	.LVL14:
  54:main.c        ****     LED_4_Write( 1 );
  99              		.loc 1 54 0
 100 0058 0120     		movs	r0, #1
 101 005a FFF7FEFF 		bl	LED_4_Write
 102              	.LVL15:
 103              	.L13:
  55:main.c        ****     //isr_as7262_int_StartEx( isr_handler_basic_read );
  56:main.c        ****     //isr_as7262_pin_StartEx( isr_handler_debug1 );
  57:main.c        ****     for(;;)
  58:main.c        ****     {
  59:main.c        ****         
  60:main.c        ****         if(USBFS_IsConfigurationChanged()) {  // if the configuration is changed reenable the OUT E
 104              		.loc 1 60 0
 105 005e FFF7FEFF 		bl	USBFS_IsConfigurationChanged
 106              	.LVL16:
 107 0062 30B1     		cbz	r0, .L2
 108              	.L3:
  61:main.c        ****             while(!USBFS_GetConfiguration()) {  // wait for the configuration with windows / contro
 109              		.loc 1 61 0 discriminator 1
 110 0064 FFF7FEFF 		bl	USBFS_GetConfiguration
ARM GAS  C:\Users\kvl6\AppData\Local\Temp\cc9BdEBa.s 			page 4


 111              	.LVL17:
 112 0068 0028     		cmp	r0, #0
 113 006a FBD0     		beq	.L3
  62:main.c        ****             }
  63:main.c        ****             USBFS_EnableOutEP(OUT_ENDPOINT);  // reenable OUT ENDPOINT
 114              		.loc 1 63 0
 115 006c 0220     		movs	r0, #2
 116 006e FFF7FEFF 		bl	USBFS_EnableOutEP
 117              	.LVL18:
 118              	.L2:
  64:main.c        ****         }
  65:main.c        ****         if (Input_Flag == false) {  // make sure any input has already been dealt with
 119              		.loc 1 65 0
 120 0072 234B     		ldr	r3, .L15+16
 121 0074 1B78     		ldrb	r3, [r3]	@ zero_extendqisi2
 122 0076 3BB9     		cbnz	r3, .L4
  66:main.c        **** 
  67:main.c        ****             Input_Flag = USB_CheckInput(OUT_Data_Buffer);  // check if there is a response from the
 123              		.loc 1 67 0
 124 0078 2248     		ldr	r0, .L15+20
 125 007a FFF7FEFF 		bl	USB_CheckInput
 126              	.LVL19:
 127 007e 0030     		adds	r0, r0, #0
 128 0080 18BF     		it	ne
 129 0082 0120     		movne	r0, #1
 130 0084 1E4B     		ldr	r3, .L15+16
 131 0086 1870     		strb	r0, [r3]
 132              	.L4:
  68:main.c        ****         }
  69:main.c        **** 
  70:main.c        ****         // LED_4_Write( AS7262_INT_Read() );
  71:main.c        ****         
  72:main.c        ****         if (Input_Flag == true) {
 133              		.loc 1 72 0
 134 0088 1D4B     		ldr	r3, .L15+16
 135 008a 1B78     		ldrb	r3, [r3]	@ zero_extendqisi2
 136 008c 63B3     		cbz	r3, .L5
  73:main.c        ****             switch (OUT_Data_Buffer[0]) {  
 137              		.loc 1 73 0
 138 008e 1D4B     		ldr	r3, .L15+20
 139 0090 1B78     		ldrb	r3, [r3]	@ zero_extendqisi2
 140 0092 412B     		cmp	r3, #65
 141 0094 15D0     		beq	.L7
 142 0096 492B     		cmp	r3, #73
 143 0098 1AD1     		bne	.L6
  74:main.c        ****             case IDENTIFY: ;  // Identify the PSoC if "ID" inputted or what spectrometers are conne
  75:main.c        ****                 if ( OUT_Data_Buffer[3] == IDENTIFY_SPECTROMETER ) {
 144              		.loc 1 75 0
 145 009a 1A4B     		ldr	r3, .L15+20
 146 009c DB78     		ldrb	r3, [r3, #3]	@ zero_extendqisi2
 147 009e 532B     		cmp	r3, #83
 148 00a0 0AD1     		bne	.L9
  76:main.c        ****                     if ( as7262_found ) {
 149              		.loc 1 76 0
 150 00a2 24B1     		cbz	r4, .L10
  77:main.c        ****                         USB_Export_Data((uint8*)AS7262_MESSAGE, LEN_AS7262_MESSAGE);
 151              		.loc 1 77 0
ARM GAS  C:\Users\kvl6\AppData\Local\Temp\cc9BdEBa.s 			page 5


 152 00a4 0621     		movs	r1, #6
 153 00a6 1848     		ldr	r0, .L15+24
 154 00a8 FFF7FEFF 		bl	USB_Export_Data
 155              	.LVL20:
 156 00ac 10E0     		b	.L6
 157              	.L10:
  78:main.c        ****                     }
  79:main.c        ****                     else {
  80:main.c        ****                         USB_Export_Data((uint8*)"None", 4);
 158              		.loc 1 80 0
 159 00ae 0421     		movs	r1, #4
 160 00b0 1648     		ldr	r0, .L15+28
 161 00b2 FFF7FEFF 		bl	USB_Export_Data
 162              	.LVL21:
 163 00b6 0BE0     		b	.L6
 164              	.L9:
  81:main.c        ****                     }
  82:main.c        ****                 }
  83:main.c        ****                 else {
  84:main.c        ****                     USB_Export_Data((uint8*)TEST_MESSAGE, LEN_TEST_MESSAGE);
 165              		.loc 1 84 0
 166 00b8 1121     		movs	r1, #17
 167 00ba 1548     		ldr	r0, .L15+32
 168 00bc FFF7FEFF 		bl	USB_Export_Data
 169              	.LVL22:
 170 00c0 06E0     		b	.L6
 171              	.L7:
  85:main.c        ****                 }
  86:main.c        ****                 break;
  87:main.c        ****             case AS726X_COMMAND: ;  // User wants to set up an AS726X device
  88:main.c        ****                 if ( OUT_Data_Buffer[5] == '2' ) {
 172              		.loc 1 88 0
 173 00c2 104B     		ldr	r3, .L15+20
 174 00c4 5B79     		ldrb	r3, [r3, #5]	@ zero_extendqisi2
 175 00c6 322B     		cmp	r3, #50
 176 00c8 02D1     		bne	.L6
  89:main.c        ****                     AS7262_Commands( OUT_Data_Buffer );
 177              		.loc 1 89 0
 178 00ca 0E48     		ldr	r0, .L15+20
 179 00cc FFF7FEFF 		bl	AS7262_Commands
 180              	.LVL23:
 181              	.L6:
  35:main.c        ****     CyGlobalIntEnable; /* Enable global interrupts. */
 182              		.loc 1 35 0 discriminator 1
 183 00d0 0023     		movs	r3, #0
 184 00d2 04E0     		b	.L11
 185              	.LVL24:
 186              	.L12:
 187              	.LBB2:
  90:main.c        ****                 }
  91:main.c        ****             }
  92:main.c        ****             
  93:main.c        ****             for (uint8 i=0; i<20; i++) {
  94:main.c        ****                  OUT_Data_Buffer[i] = '0';  // clear data buffer cause it has been processed
 188              		.loc 1 94 0 discriminator 3
 189 00d4 3021     		movs	r1, #48
 190 00d6 0B4A     		ldr	r2, .L15+20
ARM GAS  C:\Users\kvl6\AppData\Local\Temp\cc9BdEBa.s 			page 6


 191 00d8 D154     		strb	r1, [r2, r3]
  93:main.c        ****                  OUT_Data_Buffer[i] = '0';  // clear data buffer cause it has been processed
 192              		.loc 1 93 0 discriminator 3
 193 00da 0133     		adds	r3, r3, #1
 194              	.LVL25:
 195 00dc DBB2     		uxtb	r3, r3
 196              	.LVL26:
 197              	.L11:
  93:main.c        ****                  OUT_Data_Buffer[i] = '0';  // clear data buffer cause it has been processed
 198              		.loc 1 93 0 is_stmt 0 discriminator 1
 199 00de 132B     		cmp	r3, #19
 200 00e0 F8D9     		bls	.L12
 201              	.LBE2:
  95:main.c        ****             }
  96:main.c        ****             Input_Flag = false;  // turn off input flag because it has been processed
 202              		.loc 1 96 0 is_stmt 1
 203 00e2 0022     		movs	r2, #0
 204 00e4 064B     		ldr	r3, .L15+16
 205              	.LVL27:
 206 00e6 1A70     		strb	r2, [r3]
 207              	.L5:
  97:main.c        ****         }
  98:main.c        ****         
  99:main.c        ****         
 100:main.c        ****         //LCD_Position(1, 0); 
 101:main.c        ****         //LCD_PrintString("check    ");
 102:main.c        ****         
 103:main.c        **** //        LCD_Position(0, 0); 
 104:main.c        **** //        sprintf(LCD_str, "as: %x|%x|%d", as7262.device_type, as7262.hw_version, as7262.fw_version
 105:main.c        ****         //LCD_PrintString(LCD_str);
 106:main.c        ****         CyDelay(100);
 208              		.loc 1 106 0
 209 00e8 6420     		movs	r0, #100
 210 00ea FFF7FEFF 		bl	CyDelay
 211              	.LVL28:
 107:main.c        ****     }
 212              		.loc 1 107 0
 213 00ee B6E7     		b	.L13
 214              	.L16:
 215              		.align	2
 216              	.L15:
 217 00f0 00000000 		.word	.LC0
 218 00f4 0C000000 		.word	.LC1
 219 00f8 00000000 		.word	isr_handler_basic_read
 220 00fc 00000000 		.word	isr_handler_debug1
 221 0100 00000000 		.word	.LANCHOR0
 222 0104 00000000 		.word	OUT_Data_Buffer
 223 0108 18000000 		.word	.LC2
 224 010c 20000000 		.word	.LC3
 225 0110 28000000 		.word	.LC4
 226              		.cfi_endproc
 227              	.LFE64:
 228              		.size	main, .-main
 229              		.global	Input_Flag
 230              		.comm	LCD_str,40,4
 231              		.comm	USB_str,40,4
 232              		.comm	OUT_Data_Buffer,40,4
ARM GAS  C:\Users\kvl6\AppData\Local\Temp\cc9BdEBa.s 			page 7


 233              		.section	.rodata.str1.4,"aMS",%progbits,1
 234              		.align	2
 235              	.LC0:
 236 0000 63686563 		.ascii	"check1   \000"
 236      6B312020 
 236      2000
 237 000a 0000     		.space	2
 238              	.LC1:
 239 000c 63686563 		.ascii	"check3   \000"
 239      6B332020 
 239      2000
 240 0016 0000     		.space	2
 241              	.LC2:
 242 0018 41533732 		.ascii	"AS7262\000"
 242      363200
 243 001f 00       		.space	1
 244              	.LC3:
 245 0020 4E6F6E65 		.ascii	"None\000"
 245      00
 246 0025 000000   		.space	3
 247              	.LC4:
 248 0028 50536F43 		.ascii	"PSoC-Spectrometer\000"
 248      2D537065 
 248      6374726F 
 248      6D657465 
 248      7200
 249              		.bss
 250              		.set	.LANCHOR0,. + 0
 251              		.type	Input_Flag, %object
 252              		.size	Input_Flag, 1
 253              	Input_Flag:
 254 0000 00       		.space	1
 255              		.text
 256              	.Letext0:
 257              		.file 2 "c:\\program files (x86)\\cypress\\psoc creator\\4.2\\psoc creator\\import\\gnu\\arm\\5.4.
 258              		.file 3 "c:\\program files (x86)\\cypress\\psoc creator\\4.2\\psoc creator\\import\\gnu\\arm\\5.4.
 259              		.file 4 "Generated_Source\\PSoC5/cytypes.h"
 260              		.file 5 "Generated_Source\\PSoC5/core_cm3.h"
 261              		.file 6 "usb_functions.h"
 262              		.file 7 "Generated_Source\\PSoC5/LCD.h"
 263              		.file 8 "Generated_Source\\PSoC5/I2C.h"
 264              		.file 9 "Generated_Source\\PSoC5/CyLib.h"
 265              		.file 10 "AS7262.h"
 266              		.file 11 "Generated_Source\\PSoC5/isr_as7262_int.h"
 267              		.file 12 "Generated_Source\\PSoC5/isr_as7262_pin.h"
 268              		.file 13 "Generated_Source\\PSoC5/LED_3.h"
 269              		.file 14 "Generated_Source\\PSoC5/LED_4.h"
 270              		.file 15 "Generated_Source\\PSoC5/USBFS.h"
 271              		.section	.debug_info,"",%progbits
 272              	.Ldebug_info0:
 273 0000 E0030000 		.4byte	0x3e0
 274 0004 0400     		.2byte	0x4
 275 0006 00000000 		.4byte	.Ldebug_abbrev0
 276 000a 04       		.byte	0x4
 277 000b 01       		.uleb128 0x1
 278 000c 68000000 		.4byte	.LASF42
 279 0010 0C       		.byte	0xc
ARM GAS  C:\Users\kvl6\AppData\Local\Temp\cc9BdEBa.s 			page 8


 280 0011 6B020000 		.4byte	.LASF43
 281 0015 34010000 		.4byte	.LASF44
 282 0019 00000000 		.4byte	.Ldebug_ranges0+0
 283 001d 00000000 		.4byte	0
 284 0021 00000000 		.4byte	.Ldebug_line0
 285 0025 02       		.uleb128 0x2
 286 0026 01       		.byte	0x1
 287 0027 06       		.byte	0x6
 288 0028 D3020000 		.4byte	.LASF0
 289 002c 02       		.uleb128 0x2
 290 002d 01       		.byte	0x1
 291 002e 08       		.byte	0x8
 292 002f 5A000000 		.4byte	.LASF1
 293 0033 02       		.uleb128 0x2
 294 0034 02       		.byte	0x2
 295 0035 05       		.byte	0x5
 296 0036 88020000 		.4byte	.LASF2
 297 003a 02       		.uleb128 0x2
 298 003b 02       		.byte	0x2
 299 003c 07       		.byte	0x7
 300 003d 4A020000 		.4byte	.LASF3
 301 0041 03       		.uleb128 0x3
 302 0042 1F000000 		.4byte	.LASF9
 303 0046 02       		.byte	0x2
 304 0047 3F       		.byte	0x3f
 305 0048 4C000000 		.4byte	0x4c
 306 004c 02       		.uleb128 0x2
 307 004d 04       		.byte	0x4
 308 004e 05       		.byte	0x5
 309 004f A7020000 		.4byte	.LASF4
 310 0053 02       		.uleb128 0x2
 311 0054 04       		.byte	0x4
 312 0055 07       		.byte	0x7
 313 0056 F6000000 		.4byte	.LASF5
 314 005a 02       		.uleb128 0x2
 315 005b 08       		.byte	0x8
 316 005c 05       		.byte	0x5
 317 005d 5D020000 		.4byte	.LASF6
 318 0061 02       		.uleb128 0x2
 319 0062 08       		.byte	0x8
 320 0063 07       		.byte	0x7
 321 0064 08020000 		.4byte	.LASF7
 322 0068 04       		.uleb128 0x4
 323 0069 04       		.byte	0x4
 324 006a 05       		.byte	0x5
 325 006b 696E7400 		.ascii	"int\000"
 326 006f 02       		.uleb128 0x2
 327 0070 04       		.byte	0x4
 328 0071 07       		.byte	0x7
 329 0072 EB010000 		.4byte	.LASF8
 330 0076 03       		.uleb128 0x3
 331 0077 39020000 		.4byte	.LASF10
 332 007b 03       		.byte	0x3
 333 007c 2C       		.byte	0x2c
 334 007d 41000000 		.4byte	0x41
 335 0081 05       		.uleb128 0x5
 336 0082 A1020000 		.4byte	.LASF11
ARM GAS  C:\Users\kvl6\AppData\Local\Temp\cc9BdEBa.s 			page 9


 337 0086 04       		.byte	0x4
 338 0087 9201     		.2byte	0x192
 339 0089 2C000000 		.4byte	0x2c
 340 008d 02       		.uleb128 0x2
 341 008e 04       		.byte	0x4
 342 008f 04       		.byte	0x4
 343 0090 4A000000 		.4byte	.LASF12
 344 0094 02       		.uleb128 0x2
 345 0095 08       		.byte	0x8
 346 0096 04       		.byte	0x4
 347 0097 BD010000 		.4byte	.LASF13
 348 009b 02       		.uleb128 0x2
 349 009c 01       		.byte	0x1
 350 009d 08       		.byte	0x8
 351 009e 72020000 		.4byte	.LASF14
 352 00a2 02       		.uleb128 0x2
 353 00a3 08       		.byte	0x8
 354 00a4 04       		.byte	0x4
 355 00a5 B0020000 		.4byte	.LASF15
 356 00a9 02       		.uleb128 0x2
 357 00aa 04       		.byte	0x4
 358 00ab 07       		.byte	0x7
 359 00ac 41020000 		.4byte	.LASF16
 360 00b0 06       		.uleb128 0x6
 361 00b1 C4010000 		.4byte	.LASF45
 362 00b5 01       		.byte	0x1
 363 00b6 22       		.byte	0x22
 364 00b7 68000000 		.4byte	0x68
 365 00bb 00000000 		.4byte	.LFB64
 366 00bf 14010000 		.4byte	.LFE64-.LFB64
 367 00c3 01       		.uleb128 0x1
 368 00c4 9C       		.byte	0x9c
 369 00c5 9E020000 		.4byte	0x29e
 370 00c9 07       		.uleb128 0x7
 371 00ca 2C020000 		.4byte	.LASF17
 372 00ce 01       		.byte	0x1
 373 00cf 2E       		.byte	0x2e
 374 00d0 81000000 		.4byte	0x81
 375 00d4 01       		.uleb128 0x1
 376 00d5 54       		.byte	0x54
 377 00d6 08       		.uleb128 0x8
 378 00d7 D4000000 		.4byte	.LBB2
 379 00db 0E000000 		.4byte	.LBE2-.LBB2
 380 00df F1000000 		.4byte	0xf1
 381 00e3 09       		.uleb128 0x9
 382 00e4 6900     		.ascii	"i\000"
 383 00e6 01       		.byte	0x1
 384 00e7 5D       		.byte	0x5d
 385 00e8 81000000 		.4byte	0x81
 386 00ec 00000000 		.4byte	.LLST0
 387 00f0 00       		.byte	0
 388 00f1 0A       		.uleb128 0xa
 389 00f2 08000000 		.4byte	.LVL0
 390 00f6 1A030000 		.4byte	0x31a
 391 00fa 0B       		.uleb128 0xb
 392 00fb 0E000000 		.4byte	.LVL1
 393 00ff 25030000 		.4byte	0x325
ARM GAS  C:\Users\kvl6\AppData\Local\Temp\cc9BdEBa.s 			page 10


 394 0103 0D010000 		.4byte	0x10d
 395 0107 0C       		.uleb128 0xc
 396 0108 01       		.uleb128 0x1
 397 0109 50       		.byte	0x50
 398 010a 01       		.uleb128 0x1
 399 010b 31       		.byte	0x31
 400 010c 00       		.byte	0
 401 010d 0B       		.uleb128 0xb
 402 010e 16000000 		.4byte	.LVL2
 403 0112 30030000 		.4byte	0x330
 404 0116 25010000 		.4byte	0x125
 405 011a 0C       		.uleb128 0xc
 406 011b 01       		.uleb128 0x1
 407 011c 50       		.byte	0x50
 408 011d 01       		.uleb128 0x1
 409 011e 31       		.byte	0x31
 410 011f 0C       		.uleb128 0xc
 411 0120 01       		.uleb128 0x1
 412 0121 51       		.byte	0x51
 413 0122 01       		.uleb128 0x1
 414 0123 30       		.byte	0x30
 415 0124 00       		.byte	0
 416 0125 0B       		.uleb128 0xb
 417 0126 1C000000 		.4byte	.LVL3
 418 012a 3B030000 		.4byte	0x33b
 419 012e 3C010000 		.4byte	0x13c
 420 0132 0C       		.uleb128 0xc
 421 0133 01       		.uleb128 0x1
 422 0134 50       		.byte	0x50
 423 0135 05       		.uleb128 0x5
 424 0136 03       		.byte	0x3
 425 0137 00000000 		.4byte	.LC0
 426 013b 00       		.byte	0
 427 013c 0A       		.uleb128 0xa
 428 013d 20000000 		.4byte	.LVL4
 429 0141 46030000 		.4byte	0x346
 430 0145 0A       		.uleb128 0xa
 431 0146 24000000 		.4byte	.LVL5
 432 014a 51030000 		.4byte	0x351
 433 014e 0B       		.uleb128 0xb
 434 014f 2C000000 		.4byte	.LVL6
 435 0153 5C030000 		.4byte	0x35c
 436 0157 63010000 		.4byte	0x163
 437 015b 0C       		.uleb128 0xc
 438 015c 01       		.uleb128 0x1
 439 015d 50       		.byte	0x50
 440 015e 03       		.uleb128 0x3
 441 015f 0A       		.byte	0xa
 442 0160 F401     		.2byte	0x1f4
 443 0162 00       		.byte	0
 444 0163 0A       		.uleb128 0xa
 445 0164 30000000 		.4byte	.LVL7
 446 0168 67030000 		.4byte	0x367
 447 016c 0B       		.uleb128 0xb
 448 016d 38000000 		.4byte	.LVL9
 449 0171 25030000 		.4byte	0x325
 450 0175 7F010000 		.4byte	0x17f
ARM GAS  C:\Users\kvl6\AppData\Local\Temp\cc9BdEBa.s 			page 11


 451 0179 0C       		.uleb128 0xc
 452 017a 01       		.uleb128 0x1
 453 017b 50       		.byte	0x50
 454 017c 01       		.uleb128 0x1
 455 017d 31       		.byte	0x31
 456 017e 00       		.byte	0
 457 017f 0B       		.uleb128 0xb
 458 0180 40000000 		.4byte	.LVL10
 459 0184 30030000 		.4byte	0x330
 460 0188 97010000 		.4byte	0x197
 461 018c 0C       		.uleb128 0xc
 462 018d 01       		.uleb128 0x1
 463 018e 50       		.byte	0x50
 464 018f 01       		.uleb128 0x1
 465 0190 31       		.byte	0x31
 466 0191 0C       		.uleb128 0xc
 467 0192 01       		.uleb128 0x1
 468 0193 51       		.byte	0x51
 469 0194 01       		.uleb128 0x1
 470 0195 30       		.byte	0x30
 471 0196 00       		.byte	0
 472 0197 0B       		.uleb128 0xb
 473 0198 46000000 		.4byte	.LVL11
 474 019c 3B030000 		.4byte	0x33b
 475 01a0 AE010000 		.4byte	0x1ae
 476 01a4 0C       		.uleb128 0xc
 477 01a5 01       		.uleb128 0x1
 478 01a6 50       		.byte	0x50
 479 01a7 05       		.uleb128 0x5
 480 01a8 03       		.byte	0x3
 481 01a9 0C000000 		.4byte	.LC1
 482 01ad 00       		.byte	0
 483 01ae 0A       		.uleb128 0xa
 484 01af 4C000000 		.4byte	.LVL12
 485 01b3 72030000 		.4byte	0x372
 486 01b7 0A       		.uleb128 0xa
 487 01b8 52000000 		.4byte	.LVL13
 488 01bc 7D030000 		.4byte	0x37d
 489 01c0 0B       		.uleb128 0xb
 490 01c1 58000000 		.4byte	.LVL14
 491 01c5 88030000 		.4byte	0x388
 492 01c9 D3010000 		.4byte	0x1d3
 493 01cd 0C       		.uleb128 0xc
 494 01ce 01       		.uleb128 0x1
 495 01cf 50       		.byte	0x50
 496 01d0 01       		.uleb128 0x1
 497 01d1 31       		.byte	0x31
 498 01d2 00       		.byte	0
 499 01d3 0B       		.uleb128 0xb
 500 01d4 5E000000 		.4byte	.LVL15
 501 01d8 93030000 		.4byte	0x393
 502 01dc E6010000 		.4byte	0x1e6
 503 01e0 0C       		.uleb128 0xc
 504 01e1 01       		.uleb128 0x1
 505 01e2 50       		.byte	0x50
 506 01e3 01       		.uleb128 0x1
 507 01e4 31       		.byte	0x31
ARM GAS  C:\Users\kvl6\AppData\Local\Temp\cc9BdEBa.s 			page 12


 508 01e5 00       		.byte	0
 509 01e6 0A       		.uleb128 0xa
 510 01e7 62000000 		.4byte	.LVL16
 511 01eb 9E030000 		.4byte	0x39e
 512 01ef 0A       		.uleb128 0xa
 513 01f0 68000000 		.4byte	.LVL17
 514 01f4 AA030000 		.4byte	0x3aa
 515 01f8 0B       		.uleb128 0xb
 516 01f9 72000000 		.4byte	.LVL18
 517 01fd B6030000 		.4byte	0x3b6
 518 0201 0B020000 		.4byte	0x20b
 519 0205 0C       		.uleb128 0xc
 520 0206 01       		.uleb128 0x1
 521 0207 50       		.byte	0x50
 522 0208 01       		.uleb128 0x1
 523 0209 32       		.byte	0x32
 524 020a 00       		.byte	0
 525 020b 0B       		.uleb128 0xb
 526 020c 7E000000 		.4byte	.LVL19
 527 0210 C2030000 		.4byte	0x3c2
 528 0214 22020000 		.4byte	0x222
 529 0218 0C       		.uleb128 0xc
 530 0219 01       		.uleb128 0x1
 531 021a 50       		.byte	0x50
 532 021b 05       		.uleb128 0x5
 533 021c 03       		.byte	0x3
 534 021d 00000000 		.4byte	OUT_Data_Buffer
 535 0221 00       		.byte	0
 536 0222 0B       		.uleb128 0xb
 537 0223 AC000000 		.4byte	.LVL20
 538 0227 CD030000 		.4byte	0x3cd
 539 022b 3E020000 		.4byte	0x23e
 540 022f 0C       		.uleb128 0xc
 541 0230 01       		.uleb128 0x1
 542 0231 50       		.byte	0x50
 543 0232 05       		.uleb128 0x5
 544 0233 03       		.byte	0x3
 545 0234 18000000 		.4byte	.LC2
 546 0238 0C       		.uleb128 0xc
 547 0239 01       		.uleb128 0x1
 548 023a 51       		.byte	0x51
 549 023b 01       		.uleb128 0x1
 550 023c 36       		.byte	0x36
 551 023d 00       		.byte	0
 552 023e 0B       		.uleb128 0xb
 553 023f B6000000 		.4byte	.LVL21
 554 0243 CD030000 		.4byte	0x3cd
 555 0247 5A020000 		.4byte	0x25a
 556 024b 0C       		.uleb128 0xc
 557 024c 01       		.uleb128 0x1
 558 024d 50       		.byte	0x50
 559 024e 05       		.uleb128 0x5
 560 024f 03       		.byte	0x3
 561 0250 20000000 		.4byte	.LC3
 562 0254 0C       		.uleb128 0xc
 563 0255 01       		.uleb128 0x1
 564 0256 51       		.byte	0x51
ARM GAS  C:\Users\kvl6\AppData\Local\Temp\cc9BdEBa.s 			page 13


 565 0257 01       		.uleb128 0x1
 566 0258 34       		.byte	0x34
 567 0259 00       		.byte	0
 568 025a 0B       		.uleb128 0xb
 569 025b C0000000 		.4byte	.LVL22
 570 025f CD030000 		.4byte	0x3cd
 571 0263 76020000 		.4byte	0x276
 572 0267 0C       		.uleb128 0xc
 573 0268 01       		.uleb128 0x1
 574 0269 50       		.byte	0x50
 575 026a 05       		.uleb128 0x5
 576 026b 03       		.byte	0x3
 577 026c 28000000 		.4byte	.LC4
 578 0270 0C       		.uleb128 0xc
 579 0271 01       		.uleb128 0x1
 580 0272 51       		.byte	0x51
 581 0273 01       		.uleb128 0x1
 582 0274 41       		.byte	0x41
 583 0275 00       		.byte	0
 584 0276 0B       		.uleb128 0xb
 585 0277 D0000000 		.4byte	.LVL23
 586 027b D8030000 		.4byte	0x3d8
 587 027f 8D020000 		.4byte	0x28d
 588 0283 0C       		.uleb128 0xc
 589 0284 01       		.uleb128 0x1
 590 0285 50       		.byte	0x50
 591 0286 05       		.uleb128 0x5
 592 0287 03       		.byte	0x3
 593 0288 00000000 		.4byte	OUT_Data_Buffer
 594 028c 00       		.byte	0
 595 028d 0D       		.uleb128 0xd
 596 028e EE000000 		.4byte	.LVL28
 597 0292 5C030000 		.4byte	0x35c
 598 0296 0C       		.uleb128 0xc
 599 0297 01       		.uleb128 0x1
 600 0298 50       		.byte	0x50
 601 0299 02       		.uleb128 0x2
 602 029a 08       		.byte	0x8
 603 029b 64       		.byte	0x64
 604 029c 00       		.byte	0
 605 029d 00       		.byte	0
 606 029e 0E       		.uleb128 0xe
 607 029f 87010000 		.4byte	.LASF18
 608 02a3 05       		.byte	0x5
 609 02a4 1207     		.2byte	0x712
 610 02a6 AA020000 		.4byte	0x2aa
 611 02aa 0F       		.uleb128 0xf
 612 02ab 76000000 		.4byte	0x76
 613 02af 10       		.uleb128 0x10
 614 02b0 9B000000 		.4byte	0x9b
 615 02b4 BF020000 		.4byte	0x2bf
 616 02b8 11       		.uleb128 0x11
 617 02b9 A9000000 		.4byte	0xa9
 618 02bd 27       		.byte	0x27
 619 02be 00       		.byte	0
 620 02bf 12       		.uleb128 0x12
 621 02c0 E3010000 		.4byte	.LASF19
ARM GAS  C:\Users\kvl6\AppData\Local\Temp\cc9BdEBa.s 			page 14


 622 02c4 06       		.byte	0x6
 623 02c5 36       		.byte	0x36
 624 02c6 AF020000 		.4byte	0x2af
 625 02ca 05       		.uleb128 0x5
 626 02cb 03       		.byte	0x3
 627 02cc 00000000 		.4byte	USB_str
 628 02d0 10       		.uleb128 0x10
 629 02d1 81000000 		.4byte	0x81
 630 02d5 E0020000 		.4byte	0x2e0
 631 02d9 11       		.uleb128 0x11
 632 02da A9000000 		.4byte	0xa9
 633 02de 27       		.byte	0x27
 634 02df 00       		.byte	0
 635 02e0 12       		.uleb128 0x12
 636 02e1 F8010000 		.4byte	.LASF20
 637 02e5 01       		.byte	0x1
 638 02e6 1D       		.byte	0x1d
 639 02e7 D0020000 		.4byte	0x2d0
 640 02eb 05       		.uleb128 0x5
 641 02ec 03       		.byte	0x3
 642 02ed 00000000 		.4byte	OUT_Data_Buffer
 643 02f1 12       		.uleb128 0x12
 644 02f2 00000000 		.4byte	.LASF21
 645 02f6 01       		.byte	0x1
 646 02f7 19       		.byte	0x19
 647 02f8 AF020000 		.4byte	0x2af
 648 02fc 05       		.uleb128 0x5
 649 02fd 03       		.byte	0x3
 650 02fe 00000000 		.4byte	LCD_str
 651 0302 12       		.uleb128 0x12
 652 0303 29000000 		.4byte	.LASF22
 653 0307 01       		.byte	0x1
 654 0308 1A       		.byte	0x1a
 655 0309 13030000 		.4byte	0x313
 656 030d 05       		.uleb128 0x5
 657 030e 03       		.byte	0x3
 658 030f 00000000 		.4byte	Input_Flag
 659 0313 02       		.uleb128 0x2
 660 0314 01       		.byte	0x1
 661 0315 02       		.byte	0x2
 662 0316 EB020000 		.4byte	.LASF23
 663 031a 13       		.uleb128 0x13
 664 031b 50000000 		.4byte	.LASF24
 665 031f 50000000 		.4byte	.LASF24
 666 0323 07       		.byte	0x7
 667 0324 38       		.byte	0x38
 668 0325 13       		.uleb128 0x13
 669 0326 77020000 		.4byte	.LASF25
 670 032a 77020000 		.4byte	.LASF25
 671 032e 07       		.byte	0x7
 672 032f 3A       		.byte	0x3a
 673 0330 13       		.uleb128 0x13
 674 0331 1F020000 		.4byte	.LASF26
 675 0335 1F020000 		.4byte	.LASF26
 676 0339 07       		.byte	0x7
 677 033a 3D       		.byte	0x3d
 678 033b 13       		.uleb128 0x13
ARM GAS  C:\Users\kvl6\AppData\Local\Temp\cc9BdEBa.s 			page 15


 679 033c C9010000 		.4byte	.LASF27
 680 0340 C9010000 		.4byte	.LASF27
 681 0344 07       		.byte	0x7
 682 0345 3C       		.byte	0x3c
 683 0346 13       		.uleb128 0x13
 684 0347 D9010000 		.4byte	.LASF28
 685 034b D9010000 		.4byte	.LASF28
 686 034f 06       		.byte	0x6
 687 0350 41       		.byte	0x41
 688 0351 13       		.uleb128 0x13
 689 0352 40000000 		.4byte	.LASF29
 690 0356 40000000 		.4byte	.LASF29
 691 035a 08       		.byte	0x8
 692 035b 93       		.byte	0x93
 693 035c 13       		.uleb128 0x13
 694 035d F1020000 		.4byte	.LASF30
 695 0361 F1020000 		.4byte	.LASF30
 696 0365 09       		.byte	0x9
 697 0366 76       		.byte	0x76
 698 0367 13       		.uleb128 0x13
 699 0368 18010000 		.4byte	.LASF31
 700 036c 18010000 		.4byte	.LASF31
 701 0370 0A       		.byte	0xa
 702 0371 8F       		.byte	0x8f
 703 0372 13       		.uleb128 0x13
 704 0373 BC020000 		.4byte	.LASF32
 705 0377 BC020000 		.4byte	.LASF32
 706 037b 0B       		.byte	0xb
 707 037c 18       		.byte	0x18
 708 037d 13       		.uleb128 0x13
 709 037e 08000000 		.4byte	.LASF33
 710 0382 08000000 		.4byte	.LASF33
 711 0386 0C       		.byte	0xc
 712 0387 18       		.byte	0x18
 713 0388 13       		.uleb128 0x13
 714 0389 DF020000 		.4byte	.LASF34
 715 038d DF020000 		.4byte	.LASF34
 716 0391 0D       		.byte	0xd
 717 0392 26       		.byte	0x26
 718 0393 13       		.uleb128 0x13
 719 0394 34000000 		.4byte	.LASF35
 720 0398 34000000 		.4byte	.LASF35
 721 039c 0E       		.byte	0xe
 722 039d 26       		.byte	0x26
 723 039e 14       		.uleb128 0x14
 724 039f F9020000 		.4byte	.LASF36
 725 03a3 F9020000 		.4byte	.LASF36
 726 03a7 0F       		.byte	0xf
 727 03a8 2B01     		.2byte	0x12b
 728 03aa 14       		.uleb128 0x14
 729 03ab A6010000 		.4byte	.LASF37
 730 03af A6010000 		.4byte	.LASF37
 731 03b3 0F       		.byte	0xf
 732 03b4 2A01     		.2byte	0x12a
 733 03b6 14       		.uleb128 0x14
 734 03b7 94010000 		.4byte	.LASF38
 735 03bb 94010000 		.4byte	.LASF38
ARM GAS  C:\Users\kvl6\AppData\Local\Temp\cc9BdEBa.s 			page 16


 736 03bf 0F       		.byte	0xf
 737 03c0 3301     		.2byte	0x133
 738 03c2 13       		.uleb128 0x13
 739 03c3 92020000 		.4byte	.LASF39
 740 03c7 92020000 		.4byte	.LASF39
 741 03cb 06       		.byte	0x6
 742 03cc 42       		.byte	0x42
 743 03cd 13       		.uleb128 0x13
 744 03ce 24010000 		.4byte	.LASF40
 745 03d2 24010000 		.4byte	.LASF40
 746 03d6 06       		.byte	0x6
 747 03d7 43       		.byte	0x43
 748 03d8 13       		.uleb128 0x13
 749 03d9 08010000 		.4byte	.LASF41
 750 03dd 08010000 		.4byte	.LASF41
 751 03e1 0A       		.byte	0xa
 752 03e2 93       		.byte	0x93
 753 03e3 00       		.byte	0
 754              		.section	.debug_abbrev,"",%progbits
 755              	.Ldebug_abbrev0:
 756 0000 01       		.uleb128 0x1
 757 0001 11       		.uleb128 0x11
 758 0002 01       		.byte	0x1
 759 0003 25       		.uleb128 0x25
 760 0004 0E       		.uleb128 0xe
 761 0005 13       		.uleb128 0x13
 762 0006 0B       		.uleb128 0xb
 763 0007 03       		.uleb128 0x3
 764 0008 0E       		.uleb128 0xe
 765 0009 1B       		.uleb128 0x1b
 766 000a 0E       		.uleb128 0xe
 767 000b 55       		.uleb128 0x55
 768 000c 17       		.uleb128 0x17
 769 000d 11       		.uleb128 0x11
 770 000e 01       		.uleb128 0x1
 771 000f 10       		.uleb128 0x10
 772 0010 17       		.uleb128 0x17
 773 0011 00       		.byte	0
 774 0012 00       		.byte	0
 775 0013 02       		.uleb128 0x2
 776 0014 24       		.uleb128 0x24
 777 0015 00       		.byte	0
 778 0016 0B       		.uleb128 0xb
 779 0017 0B       		.uleb128 0xb
 780 0018 3E       		.uleb128 0x3e
 781 0019 0B       		.uleb128 0xb
 782 001a 03       		.uleb128 0x3
 783 001b 0E       		.uleb128 0xe
 784 001c 00       		.byte	0
 785 001d 00       		.byte	0
 786 001e 03       		.uleb128 0x3
 787 001f 16       		.uleb128 0x16
 788 0020 00       		.byte	0
 789 0021 03       		.uleb128 0x3
 790 0022 0E       		.uleb128 0xe
 791 0023 3A       		.uleb128 0x3a
 792 0024 0B       		.uleb128 0xb
ARM GAS  C:\Users\kvl6\AppData\Local\Temp\cc9BdEBa.s 			page 17


 793 0025 3B       		.uleb128 0x3b
 794 0026 0B       		.uleb128 0xb
 795 0027 49       		.uleb128 0x49
 796 0028 13       		.uleb128 0x13
 797 0029 00       		.byte	0
 798 002a 00       		.byte	0
 799 002b 04       		.uleb128 0x4
 800 002c 24       		.uleb128 0x24
 801 002d 00       		.byte	0
 802 002e 0B       		.uleb128 0xb
 803 002f 0B       		.uleb128 0xb
 804 0030 3E       		.uleb128 0x3e
 805 0031 0B       		.uleb128 0xb
 806 0032 03       		.uleb128 0x3
 807 0033 08       		.uleb128 0x8
 808 0034 00       		.byte	0
 809 0035 00       		.byte	0
 810 0036 05       		.uleb128 0x5
 811 0037 16       		.uleb128 0x16
 812 0038 00       		.byte	0
 813 0039 03       		.uleb128 0x3
 814 003a 0E       		.uleb128 0xe
 815 003b 3A       		.uleb128 0x3a
 816 003c 0B       		.uleb128 0xb
 817 003d 3B       		.uleb128 0x3b
 818 003e 05       		.uleb128 0x5
 819 003f 49       		.uleb128 0x49
 820 0040 13       		.uleb128 0x13
 821 0041 00       		.byte	0
 822 0042 00       		.byte	0
 823 0043 06       		.uleb128 0x6
 824 0044 2E       		.uleb128 0x2e
 825 0045 01       		.byte	0x1
 826 0046 3F       		.uleb128 0x3f
 827 0047 19       		.uleb128 0x19
 828 0048 03       		.uleb128 0x3
 829 0049 0E       		.uleb128 0xe
 830 004a 3A       		.uleb128 0x3a
 831 004b 0B       		.uleb128 0xb
 832 004c 3B       		.uleb128 0x3b
 833 004d 0B       		.uleb128 0xb
 834 004e 27       		.uleb128 0x27
 835 004f 19       		.uleb128 0x19
 836 0050 49       		.uleb128 0x49
 837 0051 13       		.uleb128 0x13
 838 0052 8701     		.uleb128 0x87
 839 0054 19       		.uleb128 0x19
 840 0055 11       		.uleb128 0x11
 841 0056 01       		.uleb128 0x1
 842 0057 12       		.uleb128 0x12
 843 0058 06       		.uleb128 0x6
 844 0059 40       		.uleb128 0x40
 845 005a 18       		.uleb128 0x18
 846 005b 9742     		.uleb128 0x2117
 847 005d 19       		.uleb128 0x19
 848 005e 01       		.uleb128 0x1
 849 005f 13       		.uleb128 0x13
ARM GAS  C:\Users\kvl6\AppData\Local\Temp\cc9BdEBa.s 			page 18


 850 0060 00       		.byte	0
 851 0061 00       		.byte	0
 852 0062 07       		.uleb128 0x7
 853 0063 34       		.uleb128 0x34
 854 0064 00       		.byte	0
 855 0065 03       		.uleb128 0x3
 856 0066 0E       		.uleb128 0xe
 857 0067 3A       		.uleb128 0x3a
 858 0068 0B       		.uleb128 0xb
 859 0069 3B       		.uleb128 0x3b
 860 006a 0B       		.uleb128 0xb
 861 006b 49       		.uleb128 0x49
 862 006c 13       		.uleb128 0x13
 863 006d 02       		.uleb128 0x2
 864 006e 18       		.uleb128 0x18
 865 006f 00       		.byte	0
 866 0070 00       		.byte	0
 867 0071 08       		.uleb128 0x8
 868 0072 0B       		.uleb128 0xb
 869 0073 01       		.byte	0x1
 870 0074 11       		.uleb128 0x11
 871 0075 01       		.uleb128 0x1
 872 0076 12       		.uleb128 0x12
 873 0077 06       		.uleb128 0x6
 874 0078 01       		.uleb128 0x1
 875 0079 13       		.uleb128 0x13
 876 007a 00       		.byte	0
 877 007b 00       		.byte	0
 878 007c 09       		.uleb128 0x9
 879 007d 34       		.uleb128 0x34
 880 007e 00       		.byte	0
 881 007f 03       		.uleb128 0x3
 882 0080 08       		.uleb128 0x8
 883 0081 3A       		.uleb128 0x3a
 884 0082 0B       		.uleb128 0xb
 885 0083 3B       		.uleb128 0x3b
 886 0084 0B       		.uleb128 0xb
 887 0085 49       		.uleb128 0x49
 888 0086 13       		.uleb128 0x13
 889 0087 02       		.uleb128 0x2
 890 0088 17       		.uleb128 0x17
 891 0089 00       		.byte	0
 892 008a 00       		.byte	0
 893 008b 0A       		.uleb128 0xa
 894 008c 898201   		.uleb128 0x4109
 895 008f 00       		.byte	0
 896 0090 11       		.uleb128 0x11
 897 0091 01       		.uleb128 0x1
 898 0092 31       		.uleb128 0x31
 899 0093 13       		.uleb128 0x13
 900 0094 00       		.byte	0
 901 0095 00       		.byte	0
 902 0096 0B       		.uleb128 0xb
 903 0097 898201   		.uleb128 0x4109
 904 009a 01       		.byte	0x1
 905 009b 11       		.uleb128 0x11
 906 009c 01       		.uleb128 0x1
ARM GAS  C:\Users\kvl6\AppData\Local\Temp\cc9BdEBa.s 			page 19


 907 009d 31       		.uleb128 0x31
 908 009e 13       		.uleb128 0x13
 909 009f 01       		.uleb128 0x1
 910 00a0 13       		.uleb128 0x13
 911 00a1 00       		.byte	0
 912 00a2 00       		.byte	0
 913 00a3 0C       		.uleb128 0xc
 914 00a4 8A8201   		.uleb128 0x410a
 915 00a7 00       		.byte	0
 916 00a8 02       		.uleb128 0x2
 917 00a9 18       		.uleb128 0x18
 918 00aa 9142     		.uleb128 0x2111
 919 00ac 18       		.uleb128 0x18
 920 00ad 00       		.byte	0
 921 00ae 00       		.byte	0
 922 00af 0D       		.uleb128 0xd
 923 00b0 898201   		.uleb128 0x4109
 924 00b3 01       		.byte	0x1
 925 00b4 11       		.uleb128 0x11
 926 00b5 01       		.uleb128 0x1
 927 00b6 31       		.uleb128 0x31
 928 00b7 13       		.uleb128 0x13
 929 00b8 00       		.byte	0
 930 00b9 00       		.byte	0
 931 00ba 0E       		.uleb128 0xe
 932 00bb 34       		.uleb128 0x34
 933 00bc 00       		.byte	0
 934 00bd 03       		.uleb128 0x3
 935 00be 0E       		.uleb128 0xe
 936 00bf 3A       		.uleb128 0x3a
 937 00c0 0B       		.uleb128 0xb
 938 00c1 3B       		.uleb128 0x3b
 939 00c2 05       		.uleb128 0x5
 940 00c3 49       		.uleb128 0x49
 941 00c4 13       		.uleb128 0x13
 942 00c5 3F       		.uleb128 0x3f
 943 00c6 19       		.uleb128 0x19
 944 00c7 3C       		.uleb128 0x3c
 945 00c8 19       		.uleb128 0x19
 946 00c9 00       		.byte	0
 947 00ca 00       		.byte	0
 948 00cb 0F       		.uleb128 0xf
 949 00cc 35       		.uleb128 0x35
 950 00cd 00       		.byte	0
 951 00ce 49       		.uleb128 0x49
 952 00cf 13       		.uleb128 0x13
 953 00d0 00       		.byte	0
 954 00d1 00       		.byte	0
 955 00d2 10       		.uleb128 0x10
 956 00d3 01       		.uleb128 0x1
 957 00d4 01       		.byte	0x1
 958 00d5 49       		.uleb128 0x49
 959 00d6 13       		.uleb128 0x13
 960 00d7 01       		.uleb128 0x1
 961 00d8 13       		.uleb128 0x13
 962 00d9 00       		.byte	0
 963 00da 00       		.byte	0
ARM GAS  C:\Users\kvl6\AppData\Local\Temp\cc9BdEBa.s 			page 20


 964 00db 11       		.uleb128 0x11
 965 00dc 21       		.uleb128 0x21
 966 00dd 00       		.byte	0
 967 00de 49       		.uleb128 0x49
 968 00df 13       		.uleb128 0x13
 969 00e0 2F       		.uleb128 0x2f
 970 00e1 0B       		.uleb128 0xb
 971 00e2 00       		.byte	0
 972 00e3 00       		.byte	0
 973 00e4 12       		.uleb128 0x12
 974 00e5 34       		.uleb128 0x34
 975 00e6 00       		.byte	0
 976 00e7 03       		.uleb128 0x3
 977 00e8 0E       		.uleb128 0xe
 978 00e9 3A       		.uleb128 0x3a
 979 00ea 0B       		.uleb128 0xb
 980 00eb 3B       		.uleb128 0x3b
 981 00ec 0B       		.uleb128 0xb
 982 00ed 49       		.uleb128 0x49
 983 00ee 13       		.uleb128 0x13
 984 00ef 3F       		.uleb128 0x3f
 985 00f0 19       		.uleb128 0x19
 986 00f1 02       		.uleb128 0x2
 987 00f2 18       		.uleb128 0x18
 988 00f3 00       		.byte	0
 989 00f4 00       		.byte	0
 990 00f5 13       		.uleb128 0x13
 991 00f6 2E       		.uleb128 0x2e
 992 00f7 00       		.byte	0
 993 00f8 3F       		.uleb128 0x3f
 994 00f9 19       		.uleb128 0x19
 995 00fa 3C       		.uleb128 0x3c
 996 00fb 19       		.uleb128 0x19
 997 00fc 6E       		.uleb128 0x6e
 998 00fd 0E       		.uleb128 0xe
 999 00fe 03       		.uleb128 0x3
 1000 00ff 0E       		.uleb128 0xe
 1001 0100 3A       		.uleb128 0x3a
 1002 0101 0B       		.uleb128 0xb
 1003 0102 3B       		.uleb128 0x3b
 1004 0103 0B       		.uleb128 0xb
 1005 0104 00       		.byte	0
 1006 0105 00       		.byte	0
 1007 0106 14       		.uleb128 0x14
 1008 0107 2E       		.uleb128 0x2e
 1009 0108 00       		.byte	0
 1010 0109 3F       		.uleb128 0x3f
 1011 010a 19       		.uleb128 0x19
 1012 010b 3C       		.uleb128 0x3c
 1013 010c 19       		.uleb128 0x19
 1014 010d 6E       		.uleb128 0x6e
 1015 010e 0E       		.uleb128 0xe
 1016 010f 03       		.uleb128 0x3
 1017 0110 0E       		.uleb128 0xe
 1018 0111 3A       		.uleb128 0x3a
 1019 0112 0B       		.uleb128 0xb
 1020 0113 3B       		.uleb128 0x3b
ARM GAS  C:\Users\kvl6\AppData\Local\Temp\cc9BdEBa.s 			page 21


 1021 0114 05       		.uleb128 0x5
 1022 0115 00       		.byte	0
 1023 0116 00       		.byte	0
 1024 0117 00       		.byte	0
 1025              		.section	.debug_loc,"",%progbits
 1026              	.Ldebug_loc0:
 1027              	.LLST0:
 1028 0000 D4000000 		.4byte	.LVL24
 1029 0004 DC000000 		.4byte	.LVL25
 1030 0008 0100     		.2byte	0x1
 1031 000a 53       		.byte	0x53
 1032 000b DE000000 		.4byte	.LVL26
 1033 000f E6000000 		.4byte	.LVL27
 1034 0013 0100     		.2byte	0x1
 1035 0015 53       		.byte	0x53
 1036 0016 00000000 		.4byte	0
 1037 001a 00000000 		.4byte	0
 1038              		.section	.debug_aranges,"",%progbits
 1039 0000 1C000000 		.4byte	0x1c
 1040 0004 0200     		.2byte	0x2
 1041 0006 00000000 		.4byte	.Ldebug_info0
 1042 000a 04       		.byte	0x4
 1043 000b 00       		.byte	0
 1044 000c 0000     		.2byte	0
 1045 000e 0000     		.2byte	0
 1046 0010 00000000 		.4byte	.LFB64
 1047 0014 14010000 		.4byte	.LFE64-.LFB64
 1048 0018 00000000 		.4byte	0
 1049 001c 00000000 		.4byte	0
 1050              		.section	.debug_ranges,"",%progbits
 1051              	.Ldebug_ranges0:
 1052 0000 00000000 		.4byte	.LFB64
 1053 0004 14010000 		.4byte	.LFE64
 1054 0008 00000000 		.4byte	0
 1055 000c 00000000 		.4byte	0
 1056              		.section	.debug_line,"",%progbits
 1057              	.Ldebug_line0:
 1058 0000 27020000 		.section	.debug_str,"MS",%progbits,1
 1058      0200D101 
 1058      00000201 
 1058      FB0E0D00 
 1058      01010101 
 1059              	.LASF21:
 1060 0000 4C43445F 		.ascii	"LCD_str\000"
 1060      73747200 
 1061              	.LASF33:
 1062 0008 6973725F 		.ascii	"isr_as7262_pin_StartEx\000"
 1062      61733732 
 1062      36325F70 
 1062      696E5F53 
 1062      74617274 
 1063              	.LASF9:
 1064 001f 5F5F696E 		.ascii	"__int32_t\000"
 1064      7433325F 
 1064      7400
 1065              	.LASF22:
 1066 0029 496E7075 		.ascii	"Input_Flag\000"
ARM GAS  C:\Users\kvl6\AppData\Local\Temp\cc9BdEBa.s 			page 22


 1066      745F466C 
 1066      616700
 1067              	.LASF35:
 1068 0034 4C45445F 		.ascii	"LED_4_Write\000"
 1068      345F5772 
 1068      69746500 
 1069              	.LASF29:
 1070 0040 4932435F 		.ascii	"I2C_Start\000"
 1070      53746172 
 1070      7400
 1071              	.LASF12:
 1072 004a 666C6F61 		.ascii	"float\000"
 1072      7400
 1073              	.LASF24:
 1074 0050 4C43445F 		.ascii	"LCD_Start\000"
 1074      53746172 
 1074      7400
 1075              	.LASF1:
 1076 005a 756E7369 		.ascii	"unsigned char\000"
 1076      676E6564 
 1076      20636861 
 1076      7200
 1077              	.LASF42:
 1078 0068 474E5520 		.ascii	"GNU C11 5.4.1 20160609 (release) [ARM/embedded-5-br"
 1078      43313120 
 1078      352E342E 
 1078      31203230 
 1078      31363036 
 1079 009b 616E6368 		.ascii	"anch revision 237715] -mcpu=cortex-m3 -mthumb -g -O"
 1079      20726576 
 1079      6973696F 
 1079      6E203233 
 1079      37373135 
 1080 00ce 67202D66 		.ascii	"g -ffunction-sections -ffat-lto-objects\000"
 1080      66756E63 
 1080      74696F6E 
 1080      2D736563 
 1080      74696F6E 
 1081              	.LASF5:
 1082 00f6 6C6F6E67 		.ascii	"long unsigned int\000"
 1082      20756E73 
 1082      69676E65 
 1082      6420696E 
 1082      7400
 1083              	.LASF41:
 1084 0108 41533732 		.ascii	"AS7262_Commands\000"
 1084      36325F43 
 1084      6F6D6D61 
 1084      6E647300 
 1085              	.LASF31:
 1086 0118 41533732 		.ascii	"AS7262_Init\000"
 1086      36325F49 
 1086      6E697400 
 1087              	.LASF40:
 1088 0124 5553425F 		.ascii	"USB_Export_Data\000"
 1088      4578706F 
 1088      72745F44 
ARM GAS  C:\Users\kvl6\AppData\Local\Temp\cc9BdEBa.s 			page 23


 1088      61746100 
 1089              	.LASF44:
 1090 0134 443A5C50 		.ascii	"D:\\PSoC_Projects\\Spectrometers\\PSoC-ColorSensors"
 1090      536F435F 
 1090      50726F6A 
 1090      65637473 
 1090      5C537065 
 1091 0164 5F537065 		.ascii	"_Spectrometers\\AS7262\\AS7262.cydsn\000"
 1091      6374726F 
 1091      6D657465 
 1091      72735C41 
 1091      53373236 
 1092              	.LASF18:
 1093 0187 49544D5F 		.ascii	"ITM_RxBuffer\000"
 1093      52784275 
 1093      66666572 
 1093      00
 1094              	.LASF38:
 1095 0194 55534246 		.ascii	"USBFS_EnableOutEP\000"
 1095      535F456E 
 1095      61626C65 
 1095      4F757445 
 1095      5000
 1096              	.LASF37:
 1097 01a6 55534246 		.ascii	"USBFS_GetConfiguration\000"
 1097      535F4765 
 1097      74436F6E 
 1097      66696775 
 1097      72617469 
 1098              	.LASF13:
 1099 01bd 646F7562 		.ascii	"double\000"
 1099      6C6500
 1100              	.LASF45:
 1101 01c4 6D61696E 		.ascii	"main\000"
 1101      00
 1102              	.LASF27:
 1103 01c9 4C43445F 		.ascii	"LCD_PrintString\000"
 1103      5072696E 
 1103      74537472 
 1103      696E6700 
 1104              	.LASF28:
 1105 01d9 5553425F 		.ascii	"USB_Start\000"
 1105      53746172 
 1105      7400
 1106              	.LASF19:
 1107 01e3 5553425F 		.ascii	"USB_str\000"
 1107      73747200 
 1108              	.LASF8:
 1109 01eb 756E7369 		.ascii	"unsigned int\000"
 1109      676E6564 
 1109      20696E74 
 1109      00
 1110              	.LASF20:
 1111 01f8 4F55545F 		.ascii	"OUT_Data_Buffer\000"
 1111      44617461 
 1111      5F427566 
 1111      66657200 
ARM GAS  C:\Users\kvl6\AppData\Local\Temp\cc9BdEBa.s 			page 24


 1112              	.LASF7:
 1113 0208 6C6F6E67 		.ascii	"long long unsigned int\000"
 1113      206C6F6E 
 1113      6720756E 
 1113      7369676E 
 1113      65642069 
 1114              	.LASF26:
 1115 021f 4C43445F 		.ascii	"LCD_Position\000"
 1115      506F7369 
 1115      74696F6E 
 1115      00
 1116              	.LASF17:
 1117 022c 61733732 		.ascii	"as7262_found\000"
 1117      36325F66 
 1117      6F756E64 
 1117      00
 1118              	.LASF10:
 1119 0239 696E7433 		.ascii	"int32_t\000"
 1119      325F7400 
 1120              	.LASF16:
 1121 0241 73697A65 		.ascii	"sizetype\000"
 1121      74797065 
 1121      00
 1122              	.LASF3:
 1123 024a 73686F72 		.ascii	"short unsigned int\000"
 1123      7420756E 
 1123      7369676E 
 1123      65642069 
 1123      6E7400
 1124              	.LASF6:
 1125 025d 6C6F6E67 		.ascii	"long long int\000"
 1125      206C6F6E 
 1125      6720696E 
 1125      7400
 1126              	.LASF43:
 1127 026b 6D61696E 		.ascii	"main.c\000"
 1127      2E6300
 1128              	.LASF14:
 1129 0272 63686172 		.ascii	"char\000"
 1129      00
 1130              	.LASF25:
 1131 0277 4C43445F 		.ascii	"LCD_WriteControl\000"
 1131      57726974 
 1131      65436F6E 
 1131      74726F6C 
 1131      00
 1132              	.LASF2:
 1133 0288 73686F72 		.ascii	"short int\000"
 1133      7420696E 
 1133      7400
 1134              	.LASF39:
 1135 0292 5553425F 		.ascii	"USB_CheckInput\000"
 1135      43686563 
 1135      6B496E70 
 1135      757400
 1136              	.LASF11:
 1137 02a1 75696E74 		.ascii	"uint8\000"
ARM GAS  C:\Users\kvl6\AppData\Local\Temp\cc9BdEBa.s 			page 25


 1137      3800
 1138              	.LASF4:
 1139 02a7 6C6F6E67 		.ascii	"long int\000"
 1139      20696E74 
 1139      00
 1140              	.LASF15:
 1141 02b0 6C6F6E67 		.ascii	"long double\000"
 1141      20646F75 
 1141      626C6500 
 1142              	.LASF32:
 1143 02bc 6973725F 		.ascii	"isr_as7262_int_StartEx\000"
 1143      61733732 
 1143      36325F69 
 1143      6E745F53 
 1143      74617274 
 1144              	.LASF0:
 1145 02d3 7369676E 		.ascii	"signed char\000"
 1145      65642063 
 1145      68617200 
 1146              	.LASF34:
 1147 02df 4C45445F 		.ascii	"LED_3_Write\000"
 1147      335F5772 
 1147      69746500 
 1148              	.LASF23:
 1149 02eb 5F426F6F 		.ascii	"_Bool\000"
 1149      6C00
 1150              	.LASF30:
 1151 02f1 43794465 		.ascii	"CyDelay\000"
 1151      6C617900 
 1152              	.LASF36:
 1153 02f9 55534246 		.ascii	"USBFS_IsConfigurationChanged\000"
 1153      535F4973 
 1153      436F6E66 
 1153      69677572 
 1153      6174696F 
 1154              		.ident	"GCC: (GNU Tools for ARM Embedded Processors) 5.4.1 20160609 (release) [ARM/embedded-5-bran
