ARM GAS  C:\Users\kvl6\AppData\Local\Temp\ccD8dCli.s 			page 1


   1              		.syntax unified
   2              		.cpu cortex-m3
   3              		.fpu softvfp
   4              		.eabi_attribute 20, 1
   5              		.eabi_attribute 21, 1
   6              		.eabi_attribute 23, 3
   7              		.eabi_attribute 24, 1
   8              		.eabi_attribute 25, 1
   9              		.eabi_attribute 26, 1
  10              		.eabi_attribute 30, 1
  11              		.eabi_attribute 34, 1
  12              		.eabi_attribute 18, 4
  13              		.thumb
  14              		.syntax unified
  15              		.file	"usb_functions.c"
  16              		.text
  17              	.Ltext0:
  18              		.cfi_sections	.debug_frame
  19              		.section	.text.USB_Start,"ax",%progbits
  20              		.align	2
  21              		.global	USB_Start
  22              		.thumb
  23              		.thumb_func
  24              		.type	USB_Start, %function
  25              	USB_Start:
  26              	.LFB64:
  27              		.file 1 "usb_functions.c"
   1:usb_functions.c **** /*********************************************************************************
   2:usb_functions.c **** * File Name: usb_functions.c
   3:usb_functions.c **** *
   4:usb_functions.c **** * Description:
   5:usb_functions.c **** *  Source code for the protocols used by the USB.
   6:usb_functions.c **** *
   7:usb_functions.c **** *
   8:usb_functions.c **** **********************************************************************************
   9:usb_functions.c ****  * Copyright Naresuan University, Phitsanulok Thailand
  10:usb_functions.c ****  * Released under Creative Commons Attribution-ShareAlike  3.0 (CC BY-SA 3.0 US)
  11:usb_functions.c **** *********************************************************************************/
  12:usb_functions.c **** 
  13:usb_functions.c **** #include <project.h>
  14:usb_functions.c **** #include "usb_functions.h"
  15:usb_functions.c **** 
  16:usb_functions.c **** 
  17:usb_functions.c **** /******************************************************************************
  18:usb_functions.c **** * Function Name: USB_Start
  19:usb_functions.c **** *******************************************************************************
  20:usb_functions.c **** *
  21:usb_functions.c **** * Summary:
  22:usb_functions.c **** *  Power up the USB get the configuration and enable to the OUT ENDPOINT so 
  23:usb_functions.c **** *  the device can recieve instructions.
  24:usb_functions.c **** *
  25:usb_functions.c **** *******************************************************************************/
  26:usb_functions.c **** 
  27:usb_functions.c **** void USB_Start(void) {
  28              		.loc 1 27 0
  29              		.cfi_startproc
  30              		@ args = 0, pretend = 0, frame = 0
ARM GAS  C:\Users\kvl6\AppData\Local\Temp\ccD8dCli.s 			page 2


  31              		@ frame_needed = 0, uses_anonymous_args = 0
  32 0000 08B5     		push	{r3, lr}
  33              		.cfi_def_cfa_offset 8
  34              		.cfi_offset 3, -8
  35              		.cfi_offset 14, -4
  28:usb_functions.c ****     
  29:usb_functions.c ****     USBFS_Start(0, USBFS_DWR_VDDD_OPERATION);  // initialize the USB
  36              		.loc 1 29 0
  37 0002 0221     		movs	r1, #2
  38 0004 0020     		movs	r0, #0
  39 0006 FFF7FEFF 		bl	USBFS_Start
  40              	.LVL0:
  30:usb_functions.c ****     LCD_Position(1, 0); 
  41              		.loc 1 30 0
  42 000a 0021     		movs	r1, #0
  43 000c 0120     		movs	r0, #1
  44 000e FFF7FEFF 		bl	LCD_Position
  45              	.LVL1:
  31:usb_functions.c ****     LCD_PrintString("check1a   ");
  46              		.loc 1 31 0
  47 0012 0948     		ldr	r0, .L4
  48 0014 FFF7FEFF 		bl	LCD_PrintString
  49              	.LVL2:
  50              	.L2:
  32:usb_functions.c ****     while(!USBFS_bGetConfiguration());  //Wait till it the usb gets its configuration from the PC
  51              		.loc 1 32 0 discriminator 1
  52 0018 FFF7FEFF 		bl	USBFS_GetConfiguration
  53              	.LVL3:
  54 001c 0028     		cmp	r0, #0
  55 001e FBD0     		beq	.L2
  33:usb_functions.c ****     LCD_Position(1, 0); 
  56              		.loc 1 33 0
  57 0020 0021     		movs	r1, #0
  58 0022 0120     		movs	r0, #1
  59 0024 FFF7FEFF 		bl	LCD_Position
  60              	.LVL4:
  34:usb_functions.c ****     LCD_PrintString("check1b   ");
  61              		.loc 1 34 0
  62 0028 0448     		ldr	r0, .L4+4
  63 002a FFF7FEFF 		bl	LCD_PrintString
  64              	.LVL5:
  35:usb_functions.c ****     USBFS_EnableOutEP(OUT_ENDPOINT);
  65              		.loc 1 35 0
  66 002e 0220     		movs	r0, #2
  67 0030 FFF7FEFF 		bl	USBFS_EnableOutEP
  68              	.LVL6:
  69 0034 08BD     		pop	{r3, pc}
  70              	.L5:
  71 0036 00BF     		.align	2
  72              	.L4:
  73 0038 00000000 		.word	.LC0
  74 003c 0C000000 		.word	.LC1
  75              		.cfi_endproc
  76              	.LFE64:
  77              		.size	USB_Start, .-USB_Start
  78              		.section	.text.USB_CheckInput,"ax",%progbits
  79              		.align	2
ARM GAS  C:\Users\kvl6\AppData\Local\Temp\ccD8dCli.s 			page 3


  80              		.global	USB_CheckInput
  81              		.thumb
  82              		.thumb_func
  83              		.type	USB_CheckInput, %function
  84              	USB_CheckInput:
  85              	.LFB65:
  36:usb_functions.c **** }
  37:usb_functions.c **** 
  38:usb_functions.c **** /******************************************************************************
  39:usb_functions.c **** * Function Name: USB_CheckInput
  40:usb_functions.c **** *******************************************************************************
  41:usb_functions.c **** *
  42:usb_functions.c **** * Summary:
  43:usb_functions.c **** *  Check if any incoming USB data and store it to the input buffer
  44:usb_functions.c **** *
  45:usb_functions.c **** * Parameters:
  46:usb_functions.c **** *  uint8 buffer: array of where the data is stored
  47:usb_functions.c **** *
  48:usb_functions.c **** * Return:
  49:usb_functions.c **** *  true (1) if data has been inputed or false (0) if no data
  50:usb_functions.c **** *
  51:usb_functions.c **** * Global variables:
  52:usb_functions.c **** *  OUT_ENDPOINT:  number that is the endpoint coming out of the computer
  53:usb_functions.c **** *
  54:usb_functions.c **** *******************************************************************************/
  55:usb_functions.c **** 
  56:usb_functions.c **** uint8 USB_CheckInput(uint8 buffer[]) {
  86              		.loc 1 56 0
  87              		.cfi_startproc
  88              		@ args = 0, pretend = 0, frame = 0
  89              		@ frame_needed = 0, uses_anonymous_args = 0
  90              	.LVL7:
  91 0000 38B5     		push	{r3, r4, r5, lr}
  92              		.cfi_def_cfa_offset 16
  93              		.cfi_offset 3, -16
  94              		.cfi_offset 4, -12
  95              		.cfi_offset 5, -8
  96              		.cfi_offset 14, -4
  97 0002 0546     		mov	r5, r0
  57:usb_functions.c ****     
  58:usb_functions.c ****     if(USBFS_GetEPState(OUT_ENDPOINT) == USBFS_OUT_BUFFER_FULL) {
  98              		.loc 1 58 0
  99 0004 0220     		movs	r0, #2
 100              	.LVL8:
 101 0006 FFF7FEFF 		bl	USBFS_GetEPState
 102              	.LVL9:
 103 000a 0128     		cmp	r0, #1
 104 000c 0CD1     		bne	.L8
 105 000e 0446     		mov	r4, r0
 106              	.LBB2:
  59:usb_functions.c ****         
  60:usb_functions.c ****         /* There is data coming in, get the number of bytes*/
  61:usb_functions.c ****         uint8 OUT_COUNT = USBFS_GetEPCount(OUT_ENDPOINT);
 107              		.loc 1 61 0
 108 0010 0220     		movs	r0, #2
 109 0012 FFF7FEFF 		bl	USBFS_GetEPCount
 110              	.LVL10:
ARM GAS  C:\Users\kvl6\AppData\Local\Temp\ccD8dCli.s 			page 4


  62:usb_functions.c ****         /* Read the OUT endpoint and store data in OUT_Data_buffer */
  63:usb_functions.c ****         USBFS_ReadOutEP(OUT_ENDPOINT, buffer, OUT_COUNT);
 111              		.loc 1 63 0
 112 0016 C2B2     		uxtb	r2, r0
 113 0018 2946     		mov	r1, r5
 114 001a 0220     		movs	r0, #2
 115              	.LVL11:
 116 001c FFF7FEFF 		bl	USBFS_ReadOutEP
 117              	.LVL12:
  64:usb_functions.c ****         /* Re-enable OUT endpoint */
  65:usb_functions.c ****         USBFS_EnableOutEP(OUT_ENDPOINT);
 118              		.loc 1 65 0
 119 0020 0220     		movs	r0, #2
 120 0022 FFF7FEFF 		bl	USBFS_EnableOutEP
 121              	.LVL13:
  66:usb_functions.c **** //        LCD_Position(1,0);
  67:usb_functions.c **** //        //sprintf(LCD_str, "%c%c%c%c%c%c%c%c", buffer[16], buffer[17],buffer[18], buffer[19], buf
  68:usb_functions.c **** //        sprintf(LCD_str, "Out count:%d", OUT_COUNT);
  69:usb_functions.c **** //        LCD_PrintString((char*)buffer);
  70:usb_functions.c **** //        LCD_PrintString(LCD_str);
  71:usb_functions.c ****         
  72:usb_functions.c ****         return true;
 122              		.loc 1 72 0
 123 0026 00E0     		b	.L7
 124              	.L8:
 125              	.LBE2:
  73:usb_functions.c ****     }
  74:usb_functions.c ****     
  75:usb_functions.c ****     return false;
 126              		.loc 1 75 0
 127 0028 0024     		movs	r4, #0
 128              	.L7:
  76:usb_functions.c **** }
 129              		.loc 1 76 0
 130 002a 2046     		mov	r0, r4
 131 002c 38BD     		pop	{r3, r4, r5, pc}
 132              		.cfi_endproc
 133              	.LFE65:
 134              		.size	USB_CheckInput, .-USB_CheckInput
 135 002e 00BF     		.section	.text.USB_Export_Data,"ax",%progbits
 136              		.align	2
 137              		.global	USB_Export_Data
 138              		.thumb
 139              		.thumb_func
 140              		.type	USB_Export_Data, %function
 141              	USB_Export_Data:
 142              	.LFB66:
  77:usb_functions.c **** 
  78:usb_functions.c **** /******************************************************************************
  79:usb_functions.c **** * Function Name: USB_Export_Data
  80:usb_functions.c **** *************************************************************************************
  81:usb_functions.c **** *
  82:usb_functions.c **** * Summary:
  83:usb_functions.c **** *  Take a buffer as input and export it, the size of bytes to send is also inputted
  84:usb_functions.c **** *
  85:usb_functions.c **** * Parameters:
  86:usb_functions.c **** *  uint8 array array: array of data to export
ARM GAS  C:\Users\kvl6\AppData\Local\Temp\ccD8dCli.s 			page 5


  87:usb_functions.c **** *  uint16 size: the number of bytes to send in the array
  88:usb_functions.c **** *
  89:usb_functions.c **** * Return:
  90:usb_functions.c **** *  None
  91:usb_functions.c **** *
  92:usb_functions.c **** * Global variables:
  93:usb_functions.c **** *  MAX_BUFFER_SIZE:  the number of bytes the UBS device can hold
  94:usb_functions.c **** *
  95:usb_functions.c **** *******************************************************************************************/
  96:usb_functions.c **** 
  97:usb_functions.c **** void USB_Export_Data(uint8 array[], uint16 size) {
 143              		.loc 1 97 0
 144              		.cfi_startproc
 145              		@ args = 0, pretend = 0, frame = 0
 146              		@ frame_needed = 0, uses_anonymous_args = 0
 147              	.LVL14:
 148 0000 F8B5     		push	{r3, r4, r5, r6, r7, lr}
 149              		.cfi_def_cfa_offset 24
 150              		.cfi_offset 3, -24
 151              		.cfi_offset 4, -20
 152              		.cfi_offset 5, -16
 153              		.cfi_offset 6, -12
 154              		.cfi_offset 7, -8
 155              		.cfi_offset 14, -4
 156 0002 0746     		mov	r7, r0
 157 0004 0E46     		mov	r6, r1
 158              	.LVL15:
 159              	.LBB3:
  98:usb_functions.c **** //    LCD_Position(1,0);
  99:usb_functions.c **** //    LCD_PrintString("Export_in1");
 100:usb_functions.c ****     for (int i=0; i < size; i=i+MAX_IN_ENDPOINT_BUFFER_SIZE) {
 160              		.loc 1 100 0
 161 0006 0025     		movs	r5, #0
 162 0008 16E0     		b	.L11
 163              	.LVL16:
 164              	.L12:
 165              	.LBB4:
 101:usb_functions.c ****         //LCD_Position(1,0);
 102:usb_functions.c ****         //LCD_PrintString("Export_in2");
 103:usb_functions.c **** //        LCD_Position(1,0);
 104:usb_functions.c **** //        LCD_PrintString((char*)array);
 105:usb_functions.c ****         
 106:usb_functions.c ****         while(USBFS_GetEPState(IN_ENDPOINT) != USBFS_IN_BUFFER_EMPTY)
 166              		.loc 1 106 0 discriminator 1
 167 000a 0120     		movs	r0, #1
 168 000c FFF7FEFF 		bl	USBFS_GetEPState
 169              	.LVL17:
 170 0010 0128     		cmp	r0, #1
 171 0012 FAD1     		bne	.L12
 107:usb_functions.c ****         {
 108:usb_functions.c ****         }
 109:usb_functions.c ****         //LCD_Position(1,0);
 110:usb_functions.c ****         //LCD_PrintString("Export_in3");
 111:usb_functions.c ****         uint16 size_to_send = size - i;
 172              		.loc 1 111 0
 173 0014 741B     		subs	r4, r6, r5
 174 0016 A4B2     		uxth	r4, r4
ARM GAS  C:\Users\kvl6\AppData\Local\Temp\ccD8dCli.s 			page 6


 175              	.LVL18:
 112:usb_functions.c ****         if (size_to_send > MAX_IN_ENDPOINT_BUFFER_SIZE) {
 176              		.loc 1 112 0
 177 0018 282C     		cmp	r4, #40
 178 001a 00D9     		bls	.L13
 113:usb_functions.c ****             size_to_send = MAX_IN_ENDPOINT_BUFFER_SIZE;
 179              		.loc 1 113 0
 180 001c 2824     		movs	r4, #40
 181              	.LVL19:
 182              	.L13:
 114:usb_functions.c ****         }
 115:usb_functions.c ****         if(USBFS_GetEPState(IN_ENDPOINT) == USBFS_IN_BUFFER_EMPTY){
 183              		.loc 1 115 0
 184 001e 0120     		movs	r0, #1
 185 0020 FFF7FEFF 		bl	USBFS_GetEPState
 186              	.LVL20:
 187 0024 0128     		cmp	r0, #1
 188 0026 06D1     		bne	.L14
 116:usb_functions.c ****             USBFS_LoadInEP(IN_ENDPOINT, &array[i], size_to_send);  // TODO: Fix this
 189              		.loc 1 116 0
 190 0028 2246     		mov	r2, r4
 191 002a 7919     		adds	r1, r7, r5
 192 002c FFF7FEFF 		bl	USBFS_LoadInEP
 193              	.LVL21:
 117:usb_functions.c ****             USBFS_EnableOutEP(OUT_ENDPOINT);
 194              		.loc 1 117 0
 195 0030 0220     		movs	r0, #2
 196 0032 FFF7FEFF 		bl	USBFS_EnableOutEP
 197              	.LVL22:
 198              	.L14:
 199              	.LBE4:
 100:usb_functions.c ****         //LCD_Position(1,0);
 200              		.loc 1 100 0 discriminator 2
 201 0036 2835     		adds	r5, r5, #40
 202              	.LVL23:
 203              	.L11:
 100:usb_functions.c ****         //LCD_Position(1,0);
 204              		.loc 1 100 0 is_stmt 0 discriminator 1
 205 0038 B542     		cmp	r5, r6
 206 003a E6DB     		blt	.L12
 207              	.LBE3:
 118:usb_functions.c ****         }
 119:usb_functions.c ****         //LCD_Position(1,0);
 120:usb_functions.c ****         //LCD_PrintString("Export_in4");
 121:usb_functions.c ****     }
 122:usb_functions.c **** }
 208              		.loc 1 122 0 is_stmt 1
 209 003c F8BD     		pop	{r3, r4, r5, r6, r7, pc}
 210              		.cfi_endproc
 211              	.LFE66:
 212              		.size	USB_Export_Data, .-USB_Export_Data
 213              		.comm	USB_str,40,4
 214              		.comm	OUT_Data_Buffer,40,4
 215 003e 00BF     		.section	.rodata.str1.4,"aMS",%progbits,1
 216              		.align	2
 217              	.LC0:
 218 0000 63686563 		.ascii	"check1a   \000"
ARM GAS  C:\Users\kvl6\AppData\Local\Temp\ccD8dCli.s 			page 7


 218      6B316120 
 218      202000
 219 000b 00       		.space	1
 220              	.LC1:
 221 000c 63686563 		.ascii	"check1b   \000"
 221      6B316220 
 221      202000
 222              		.text
 223              	.Letext0:
 224              		.file 2 "c:\\program files (x86)\\cypress\\psoc creator\\4.2\\psoc creator\\import\\gnu\\arm\\5.4.
 225              		.file 3 "c:\\program files (x86)\\cypress\\psoc creator\\4.2\\psoc creator\\import\\gnu\\arm\\5.4.
 226              		.file 4 "Generated_Source\\PSoC5/cytypes.h"
 227              		.file 5 "Generated_Source\\PSoC5/core_cm3.h"
 228              		.file 6 "usb_functions.h"
 229              		.file 7 "Generated_Source\\PSoC5/USBFS.h"
 230              		.file 8 "Generated_Source\\PSoC5/LCD.h"
 231              		.section	.debug_info,"",%progbits
 232              	.Ldebug_info0:
 233 0000 66030000 		.4byte	0x366
 234 0004 0400     		.2byte	0x4
 235 0006 00000000 		.4byte	.Ldebug_abbrev0
 236 000a 04       		.byte	0x4
 237 000b 01       		.uleb128 0x1
 238 000c 46000000 		.4byte	.LASF37
 239 0010 0C       		.byte	0xc
 240 0011 23000000 		.4byte	.LASF38
 241 0015 09010000 		.4byte	.LASF39
 242 0019 00000000 		.4byte	.Ldebug_ranges0+0
 243 001d 00000000 		.4byte	0
 244 0021 00000000 		.4byte	.Ldebug_line0
 245 0025 02       		.uleb128 0x2
 246 0026 01       		.byte	0x1
 247 0027 06       		.byte	0x6
 248 0028 B9020000 		.4byte	.LASF0
 249 002c 02       		.uleb128 0x2
 250 002d 01       		.byte	0x1
 251 002e 08       		.byte	0x8
 252 002f 78020000 		.4byte	.LASF1
 253 0033 02       		.uleb128 0x2
 254 0034 02       		.byte	0x2
 255 0035 05       		.byte	0x5
 256 0036 98010000 		.4byte	.LASF2
 257 003a 02       		.uleb128 0x2
 258 003b 02       		.byte	0x2
 259 003c 07       		.byte	0x7
 260 003d E6000000 		.4byte	.LASF3
 261 0041 03       		.uleb128 0x3
 262 0042 0F000000 		.4byte	.LASF9
 263 0046 02       		.byte	0x2
 264 0047 3F       		.byte	0x3f
 265 0048 4C000000 		.4byte	0x4c
 266 004c 02       		.uleb128 0x2
 267 004d 04       		.byte	0x4
 268 004e 05       		.byte	0x5
 269 004f A4020000 		.4byte	.LASF4
 270 0053 02       		.uleb128 0x2
 271 0054 04       		.byte	0x4
ARM GAS  C:\Users\kvl6\AppData\Local\Temp\ccD8dCli.s 			page 8


 272 0055 07       		.byte	0x7
 273 0056 D4000000 		.4byte	.LASF5
 274 005a 02       		.uleb128 0x2
 275 005b 08       		.byte	0x8
 276 005c 05       		.byte	0x5
 277 005d 2C020000 		.4byte	.LASF6
 278 0061 02       		.uleb128 0x2
 279 0062 08       		.byte	0x8
 280 0063 07       		.byte	0x7
 281 0064 F7010000 		.4byte	.LASF7
 282 0068 04       		.uleb128 0x4
 283 0069 04       		.byte	0x4
 284 006a 05       		.byte	0x5
 285 006b 696E7400 		.ascii	"int\000"
 286 006f 02       		.uleb128 0x2
 287 0070 04       		.byte	0x4
 288 0071 07       		.byte	0x7
 289 0072 DA010000 		.4byte	.LASF8
 290 0076 03       		.uleb128 0x3
 291 0077 1B020000 		.4byte	.LASF10
 292 007b 03       		.byte	0x3
 293 007c 2C       		.byte	0x2c
 294 007d 41000000 		.4byte	0x41
 295 0081 05       		.uleb128 0x5
 296 0082 8D020000 		.4byte	.LASF11
 297 0086 04       		.byte	0x4
 298 0087 9201     		.2byte	0x192
 299 0089 2C000000 		.4byte	0x2c
 300 008d 05       		.uleb128 0x5
 301 008e B2010000 		.4byte	.LASF12
 302 0092 04       		.byte	0x4
 303 0093 9301     		.2byte	0x193
 304 0095 3A000000 		.4byte	0x3a
 305 0099 02       		.uleb128 0x2
 306 009a 04       		.byte	0x4
 307 009b 04       		.byte	0x4
 308 009c 3B000000 		.4byte	.LASF13
 309 00a0 02       		.uleb128 0x2
 310 00a1 08       		.byte	0x8
 311 00a2 04       		.byte	0x4
 312 00a3 81010000 		.4byte	.LASF14
 313 00a7 02       		.uleb128 0x2
 314 00a8 01       		.byte	0x1
 315 00a9 08       		.byte	0x8
 316 00aa 3A020000 		.4byte	.LASF15
 317 00ae 02       		.uleb128 0x2
 318 00af 08       		.byte	0x8
 319 00b0 04       		.byte	0x4
 320 00b1 AD020000 		.4byte	.LASF16
 321 00b5 02       		.uleb128 0x2
 322 00b6 04       		.byte	0x4
 323 00b7 07       		.byte	0x7
 324 00b8 23020000 		.4byte	.LASF17
 325 00bc 06       		.uleb128 0x6
 326 00bd B9010000 		.4byte	.LASF18
 327 00c1 01       		.byte	0x1
 328 00c2 1B       		.byte	0x1b
ARM GAS  C:\Users\kvl6\AppData\Local\Temp\ccD8dCli.s 			page 9


 329 00c3 00000000 		.4byte	.LFB64
 330 00c7 40000000 		.4byte	.LFE64-.LFB64
 331 00cb 01       		.uleb128 0x1
 332 00cc 9C       		.byte	0x9c
 333 00cd 60010000 		.4byte	0x160
 334 00d1 07       		.uleb128 0x7
 335 00d2 0A000000 		.4byte	.LVL0
 336 00d6 FF020000 		.4byte	0x2ff
 337 00da E9000000 		.4byte	0xe9
 338 00de 08       		.uleb128 0x8
 339 00df 01       		.uleb128 0x1
 340 00e0 50       		.byte	0x50
 341 00e1 01       		.uleb128 0x1
 342 00e2 30       		.byte	0x30
 343 00e3 08       		.uleb128 0x8
 344 00e4 01       		.uleb128 0x1
 345 00e5 51       		.byte	0x51
 346 00e6 01       		.uleb128 0x1
 347 00e7 32       		.byte	0x32
 348 00e8 00       		.byte	0
 349 00e9 07       		.uleb128 0x7
 350 00ea 12000000 		.4byte	.LVL1
 351 00ee 0B030000 		.4byte	0x30b
 352 00f2 01010000 		.4byte	0x101
 353 00f6 08       		.uleb128 0x8
 354 00f7 01       		.uleb128 0x1
 355 00f8 50       		.byte	0x50
 356 00f9 01       		.uleb128 0x1
 357 00fa 31       		.byte	0x31
 358 00fb 08       		.uleb128 0x8
 359 00fc 01       		.uleb128 0x1
 360 00fd 51       		.byte	0x51
 361 00fe 01       		.uleb128 0x1
 362 00ff 30       		.byte	0x30
 363 0100 00       		.byte	0
 364 0101 07       		.uleb128 0x7
 365 0102 18000000 		.4byte	.LVL2
 366 0106 16030000 		.4byte	0x316
 367 010a 18010000 		.4byte	0x118
 368 010e 08       		.uleb128 0x8
 369 010f 01       		.uleb128 0x1
 370 0110 50       		.byte	0x50
 371 0111 05       		.uleb128 0x5
 372 0112 03       		.byte	0x3
 373 0113 00000000 		.4byte	.LC0
 374 0117 00       		.byte	0
 375 0118 09       		.uleb128 0x9
 376 0119 1C000000 		.4byte	.LVL3
 377 011d 21030000 		.4byte	0x321
 378 0121 07       		.uleb128 0x7
 379 0122 28000000 		.4byte	.LVL4
 380 0126 0B030000 		.4byte	0x30b
 381 012a 39010000 		.4byte	0x139
 382 012e 08       		.uleb128 0x8
 383 012f 01       		.uleb128 0x1
 384 0130 50       		.byte	0x50
 385 0131 01       		.uleb128 0x1
ARM GAS  C:\Users\kvl6\AppData\Local\Temp\ccD8dCli.s 			page 10


 386 0132 31       		.byte	0x31
 387 0133 08       		.uleb128 0x8
 388 0134 01       		.uleb128 0x1
 389 0135 51       		.byte	0x51
 390 0136 01       		.uleb128 0x1
 391 0137 30       		.byte	0x30
 392 0138 00       		.byte	0
 393 0139 07       		.uleb128 0x7
 394 013a 2E000000 		.4byte	.LVL5
 395 013e 16030000 		.4byte	0x316
 396 0142 50010000 		.4byte	0x150
 397 0146 08       		.uleb128 0x8
 398 0147 01       		.uleb128 0x1
 399 0148 50       		.byte	0x50
 400 0149 05       		.uleb128 0x5
 401 014a 03       		.byte	0x3
 402 014b 0C000000 		.4byte	.LC1
 403 014f 00       		.byte	0
 404 0150 0A       		.uleb128 0xa
 405 0151 34000000 		.4byte	.LVL6
 406 0155 2D030000 		.4byte	0x32d
 407 0159 08       		.uleb128 0x8
 408 015a 01       		.uleb128 0x1
 409 015b 50       		.byte	0x50
 410 015c 01       		.uleb128 0x1
 411 015d 32       		.byte	0x32
 412 015e 00       		.byte	0
 413 015f 00       		.byte	0
 414 0160 0B       		.uleb128 0xb
 415 0161 00000000 		.4byte	.LASF40
 416 0165 01       		.byte	0x1
 417 0166 38       		.byte	0x38
 418 0167 81000000 		.4byte	0x81
 419 016b 00000000 		.4byte	.LFB65
 420 016f 2E000000 		.4byte	.LFE65-.LFB65
 421 0173 01       		.uleb128 0x1
 422 0174 9C       		.byte	0x9c
 423 0175 F0010000 		.4byte	0x1f0
 424 0179 0C       		.uleb128 0xc
 425 017a 86020000 		.4byte	.LASF20
 426 017e 01       		.byte	0x1
 427 017f 38       		.byte	0x38
 428 0180 F0010000 		.4byte	0x1f0
 429 0184 00000000 		.4byte	.LLST0
 430 0188 0D       		.uleb128 0xd
 431 0189 10000000 		.4byte	.LBB2
 432 018d 18000000 		.4byte	.LBE2-.LBB2
 433 0191 E0010000 		.4byte	0x1e0
 434 0195 0E       		.uleb128 0xe
 435 0196 19000000 		.4byte	.LASF23
 436 019a 01       		.byte	0x1
 437 019b 3D       		.byte	0x3d
 438 019c 81000000 		.4byte	0x81
 439 01a0 1E000000 		.4byte	.LLST1
 440 01a4 07       		.uleb128 0x7
 441 01a5 16000000 		.4byte	.LVL10
 442 01a9 39030000 		.4byte	0x339
ARM GAS  C:\Users\kvl6\AppData\Local\Temp\ccD8dCli.s 			page 11


 443 01ad B7010000 		.4byte	0x1b7
 444 01b1 08       		.uleb128 0x8
 445 01b2 01       		.uleb128 0x1
 446 01b3 50       		.byte	0x50
 447 01b4 01       		.uleb128 0x1
 448 01b5 32       		.byte	0x32
 449 01b6 00       		.byte	0
 450 01b7 07       		.uleb128 0x7
 451 01b8 20000000 		.4byte	.LVL12
 452 01bc 45030000 		.4byte	0x345
 453 01c0 D0010000 		.4byte	0x1d0
 454 01c4 08       		.uleb128 0x8
 455 01c5 01       		.uleb128 0x1
 456 01c6 50       		.byte	0x50
 457 01c7 01       		.uleb128 0x1
 458 01c8 32       		.byte	0x32
 459 01c9 08       		.uleb128 0x8
 460 01ca 01       		.uleb128 0x1
 461 01cb 51       		.byte	0x51
 462 01cc 02       		.uleb128 0x2
 463 01cd 75       		.byte	0x75
 464 01ce 00       		.sleb128 0
 465 01cf 00       		.byte	0
 466 01d0 0A       		.uleb128 0xa
 467 01d1 26000000 		.4byte	.LVL13
 468 01d5 2D030000 		.4byte	0x32d
 469 01d9 08       		.uleb128 0x8
 470 01da 01       		.uleb128 0x1
 471 01db 50       		.byte	0x50
 472 01dc 01       		.uleb128 0x1
 473 01dd 32       		.byte	0x32
 474 01de 00       		.byte	0
 475 01df 00       		.byte	0
 476 01e0 0A       		.uleb128 0xa
 477 01e1 0A000000 		.4byte	.LVL9
 478 01e5 51030000 		.4byte	0x351
 479 01e9 08       		.uleb128 0x8
 480 01ea 01       		.uleb128 0x1
 481 01eb 50       		.byte	0x50
 482 01ec 01       		.uleb128 0x1
 483 01ed 32       		.byte	0x32
 484 01ee 00       		.byte	0
 485 01ef 00       		.byte	0
 486 01f0 0F       		.uleb128 0xf
 487 01f1 04       		.byte	0x4
 488 01f2 81000000 		.4byte	0x81
 489 01f6 06       		.uleb128 0x6
 490 01f7 F9000000 		.4byte	.LASF19
 491 01fb 01       		.byte	0x1
 492 01fc 61       		.byte	0x61
 493 01fd 00000000 		.4byte	.LFB66
 494 0201 3E000000 		.4byte	.LFE66-.LFB66
 495 0205 01       		.uleb128 0x1
 496 0206 9C       		.byte	0x9c
 497 0207 AC020000 		.4byte	0x2ac
 498 020b 0C       		.uleb128 0xc
 499 020c 5C010000 		.4byte	.LASF21
ARM GAS  C:\Users\kvl6\AppData\Local\Temp\ccD8dCli.s 			page 12


 500 0210 01       		.byte	0x1
 501 0211 61       		.byte	0x61
 502 0212 F0010000 		.4byte	0x1f0
 503 0216 3C000000 		.4byte	.LLST2
 504 021a 0C       		.uleb128 0xc
 505 021b 41000000 		.4byte	.LASF22
 506 021f 01       		.byte	0x1
 507 0220 61       		.byte	0x61
 508 0221 8D000000 		.4byte	0x8d
 509 0225 5A000000 		.4byte	.LLST3
 510 0229 10       		.uleb128 0x10
 511 022a 06000000 		.4byte	.LBB3
 512 022e 36000000 		.4byte	.LBE3-.LBB3
 513 0232 11       		.uleb128 0x11
 514 0233 6900     		.ascii	"i\000"
 515 0235 01       		.byte	0x1
 516 0236 64       		.byte	0x64
 517 0237 68000000 		.4byte	0x68
 518 023b 7B000000 		.4byte	.LLST4
 519 023f 10       		.uleb128 0x10
 520 0240 0A000000 		.4byte	.LBB4
 521 0244 2C000000 		.4byte	.LBE4-.LBB4
 522 0248 0E       		.uleb128 0xe
 523 0249 4E020000 		.4byte	.LASF24
 524 024d 01       		.byte	0x1
 525 024e 6F       		.byte	0x6f
 526 024f 8D000000 		.4byte	0x8d
 527 0253 9A000000 		.4byte	.LLST5
 528 0257 07       		.uleb128 0x7
 529 0258 10000000 		.4byte	.LVL17
 530 025c 51030000 		.4byte	0x351
 531 0260 6A020000 		.4byte	0x26a
 532 0264 08       		.uleb128 0x8
 533 0265 01       		.uleb128 0x1
 534 0266 50       		.byte	0x50
 535 0267 01       		.uleb128 0x1
 536 0268 31       		.byte	0x31
 537 0269 00       		.byte	0
 538 026a 07       		.uleb128 0x7
 539 026b 24000000 		.4byte	.LVL20
 540 026f 51030000 		.4byte	0x351
 541 0273 7D020000 		.4byte	0x27d
 542 0277 08       		.uleb128 0x8
 543 0278 01       		.uleb128 0x1
 544 0279 50       		.byte	0x50
 545 027a 01       		.uleb128 0x1
 546 027b 31       		.byte	0x31
 547 027c 00       		.byte	0
 548 027d 07       		.uleb128 0x7
 549 027e 30000000 		.4byte	.LVL21
 550 0282 5D030000 		.4byte	0x35d
 551 0286 9A020000 		.4byte	0x29a
 552 028a 08       		.uleb128 0x8
 553 028b 01       		.uleb128 0x1
 554 028c 51       		.byte	0x51
 555 028d 05       		.uleb128 0x5
 556 028e 77       		.byte	0x77
ARM GAS  C:\Users\kvl6\AppData\Local\Temp\ccD8dCli.s 			page 13


 557 028f 00       		.sleb128 0
 558 0290 75       		.byte	0x75
 559 0291 00       		.sleb128 0
 560 0292 22       		.byte	0x22
 561 0293 08       		.uleb128 0x8
 562 0294 01       		.uleb128 0x1
 563 0295 52       		.byte	0x52
 564 0296 02       		.uleb128 0x2
 565 0297 74       		.byte	0x74
 566 0298 00       		.sleb128 0
 567 0299 00       		.byte	0
 568 029a 0A       		.uleb128 0xa
 569 029b 36000000 		.4byte	.LVL22
 570 029f 2D030000 		.4byte	0x32d
 571 02a3 08       		.uleb128 0x8
 572 02a4 01       		.uleb128 0x1
 573 02a5 50       		.byte	0x50
 574 02a6 01       		.uleb128 0x1
 575 02a7 32       		.byte	0x32
 576 02a8 00       		.byte	0
 577 02a9 00       		.byte	0
 578 02aa 00       		.byte	0
 579 02ab 00       		.byte	0
 580 02ac 12       		.uleb128 0x12
 581 02ad 62010000 		.4byte	.LASF25
 582 02b1 05       		.byte	0x5
 583 02b2 1207     		.2byte	0x712
 584 02b4 B8020000 		.4byte	0x2b8
 585 02b8 13       		.uleb128 0x13
 586 02b9 76000000 		.4byte	0x76
 587 02bd 14       		.uleb128 0x14
 588 02be 81000000 		.4byte	0x81
 589 02c2 CD020000 		.4byte	0x2cd
 590 02c6 15       		.uleb128 0x15
 591 02c7 B5000000 		.4byte	0xb5
 592 02cb 27       		.byte	0x27
 593 02cc 00       		.byte	0
 594 02cd 16       		.uleb128 0x16
 595 02ce E7010000 		.4byte	.LASF26
 596 02d2 06       		.byte	0x6
 597 02d3 35       		.byte	0x35
 598 02d4 BD020000 		.4byte	0x2bd
 599 02d8 05       		.uleb128 0x5
 600 02d9 03       		.byte	0x3
 601 02da 00000000 		.4byte	OUT_Data_Buffer
 602 02de 14       		.uleb128 0x14
 603 02df A7000000 		.4byte	0xa7
 604 02e3 EE020000 		.4byte	0x2ee
 605 02e7 15       		.uleb128 0x15
 606 02e8 B5000000 		.4byte	0xb5
 607 02ec 27       		.byte	0x27
 608 02ed 00       		.byte	0
 609 02ee 16       		.uleb128 0x16
 610 02ef 33000000 		.4byte	.LASF27
 611 02f3 06       		.byte	0x6
 612 02f4 36       		.byte	0x36
 613 02f5 DE020000 		.4byte	0x2de
ARM GAS  C:\Users\kvl6\AppData\Local\Temp\ccD8dCli.s 			page 14


 614 02f9 05       		.uleb128 0x5
 615 02fa 03       		.byte	0x3
 616 02fb 00000000 		.4byte	USB_str
 617 02ff 17       		.uleb128 0x17
 618 0300 6C020000 		.4byte	.LASF28
 619 0304 6C020000 		.4byte	.LASF28
 620 0308 07       		.byte	0x7
 621 0309 2701     		.2byte	0x127
 622 030b 18       		.uleb128 0x18
 623 030c 0E020000 		.4byte	.LASF29
 624 0310 0E020000 		.4byte	.LASF29
 625 0314 08       		.byte	0x8
 626 0315 3D       		.byte	0x3d
 627 0316 18       		.uleb128 0x18
 628 0317 A2010000 		.4byte	.LASF30
 629 031b A2010000 		.4byte	.LASF30
 630 031f 08       		.byte	0x8
 631 0320 3C       		.byte	0x3c
 632 0321 17       		.uleb128 0x17
 633 0322 C3010000 		.4byte	.LASF31
 634 0326 C3010000 		.4byte	.LASF31
 635 032a 07       		.byte	0x7
 636 032b 2A01     		.2byte	0x12a
 637 032d 17       		.uleb128 0x17
 638 032e 6F010000 		.4byte	.LASF32
 639 0332 6F010000 		.4byte	.LASF32
 640 0336 07       		.byte	0x7
 641 0337 3301     		.2byte	0x133
 642 0339 17       		.uleb128 0x17
 643 033a 5B020000 		.4byte	.LASF33
 644 033e 5B020000 		.4byte	.LASF33
 645 0342 07       		.byte	0x7
 646 0343 2E01     		.2byte	0x12e
 647 0345 17       		.uleb128 0x17
 648 0346 88010000 		.4byte	.LASF34
 649 034a 88010000 		.4byte	.LASF34
 650 034e 07       		.byte	0x7
 651 034f 3101     		.2byte	0x131
 652 0351 17       		.uleb128 0x17
 653 0352 93020000 		.4byte	.LASF35
 654 0356 93020000 		.4byte	.LASF35
 655 035a 07       		.byte	0x7
 656 035b 2D01     		.2byte	0x12d
 657 035d 17       		.uleb128 0x17
 658 035e 3F020000 		.4byte	.LASF36
 659 0362 3F020000 		.4byte	.LASF36
 660 0366 07       		.byte	0x7
 661 0367 2F01     		.2byte	0x12f
 662 0369 00       		.byte	0
 663              		.section	.debug_abbrev,"",%progbits
 664              	.Ldebug_abbrev0:
 665 0000 01       		.uleb128 0x1
 666 0001 11       		.uleb128 0x11
 667 0002 01       		.byte	0x1
 668 0003 25       		.uleb128 0x25
 669 0004 0E       		.uleb128 0xe
 670 0005 13       		.uleb128 0x13
ARM GAS  C:\Users\kvl6\AppData\Local\Temp\ccD8dCli.s 			page 15


 671 0006 0B       		.uleb128 0xb
 672 0007 03       		.uleb128 0x3
 673 0008 0E       		.uleb128 0xe
 674 0009 1B       		.uleb128 0x1b
 675 000a 0E       		.uleb128 0xe
 676 000b 55       		.uleb128 0x55
 677 000c 17       		.uleb128 0x17
 678 000d 11       		.uleb128 0x11
 679 000e 01       		.uleb128 0x1
 680 000f 10       		.uleb128 0x10
 681 0010 17       		.uleb128 0x17
 682 0011 00       		.byte	0
 683 0012 00       		.byte	0
 684 0013 02       		.uleb128 0x2
 685 0014 24       		.uleb128 0x24
 686 0015 00       		.byte	0
 687 0016 0B       		.uleb128 0xb
 688 0017 0B       		.uleb128 0xb
 689 0018 3E       		.uleb128 0x3e
 690 0019 0B       		.uleb128 0xb
 691 001a 03       		.uleb128 0x3
 692 001b 0E       		.uleb128 0xe
 693 001c 00       		.byte	0
 694 001d 00       		.byte	0
 695 001e 03       		.uleb128 0x3
 696 001f 16       		.uleb128 0x16
 697 0020 00       		.byte	0
 698 0021 03       		.uleb128 0x3
 699 0022 0E       		.uleb128 0xe
 700 0023 3A       		.uleb128 0x3a
 701 0024 0B       		.uleb128 0xb
 702 0025 3B       		.uleb128 0x3b
 703 0026 0B       		.uleb128 0xb
 704 0027 49       		.uleb128 0x49
 705 0028 13       		.uleb128 0x13
 706 0029 00       		.byte	0
 707 002a 00       		.byte	0
 708 002b 04       		.uleb128 0x4
 709 002c 24       		.uleb128 0x24
 710 002d 00       		.byte	0
 711 002e 0B       		.uleb128 0xb
 712 002f 0B       		.uleb128 0xb
 713 0030 3E       		.uleb128 0x3e
 714 0031 0B       		.uleb128 0xb
 715 0032 03       		.uleb128 0x3
 716 0033 08       		.uleb128 0x8
 717 0034 00       		.byte	0
 718 0035 00       		.byte	0
 719 0036 05       		.uleb128 0x5
 720 0037 16       		.uleb128 0x16
 721 0038 00       		.byte	0
 722 0039 03       		.uleb128 0x3
 723 003a 0E       		.uleb128 0xe
 724 003b 3A       		.uleb128 0x3a
 725 003c 0B       		.uleb128 0xb
 726 003d 3B       		.uleb128 0x3b
 727 003e 05       		.uleb128 0x5
ARM GAS  C:\Users\kvl6\AppData\Local\Temp\ccD8dCli.s 			page 16


 728 003f 49       		.uleb128 0x49
 729 0040 13       		.uleb128 0x13
 730 0041 00       		.byte	0
 731 0042 00       		.byte	0
 732 0043 06       		.uleb128 0x6
 733 0044 2E       		.uleb128 0x2e
 734 0045 01       		.byte	0x1
 735 0046 3F       		.uleb128 0x3f
 736 0047 19       		.uleb128 0x19
 737 0048 03       		.uleb128 0x3
 738 0049 0E       		.uleb128 0xe
 739 004a 3A       		.uleb128 0x3a
 740 004b 0B       		.uleb128 0xb
 741 004c 3B       		.uleb128 0x3b
 742 004d 0B       		.uleb128 0xb
 743 004e 27       		.uleb128 0x27
 744 004f 19       		.uleb128 0x19
 745 0050 11       		.uleb128 0x11
 746 0051 01       		.uleb128 0x1
 747 0052 12       		.uleb128 0x12
 748 0053 06       		.uleb128 0x6
 749 0054 40       		.uleb128 0x40
 750 0055 18       		.uleb128 0x18
 751 0056 9742     		.uleb128 0x2117
 752 0058 19       		.uleb128 0x19
 753 0059 01       		.uleb128 0x1
 754 005a 13       		.uleb128 0x13
 755 005b 00       		.byte	0
 756 005c 00       		.byte	0
 757 005d 07       		.uleb128 0x7
 758 005e 898201   		.uleb128 0x4109
 759 0061 01       		.byte	0x1
 760 0062 11       		.uleb128 0x11
 761 0063 01       		.uleb128 0x1
 762 0064 31       		.uleb128 0x31
 763 0065 13       		.uleb128 0x13
 764 0066 01       		.uleb128 0x1
 765 0067 13       		.uleb128 0x13
 766 0068 00       		.byte	0
 767 0069 00       		.byte	0
 768 006a 08       		.uleb128 0x8
 769 006b 8A8201   		.uleb128 0x410a
 770 006e 00       		.byte	0
 771 006f 02       		.uleb128 0x2
 772 0070 18       		.uleb128 0x18
 773 0071 9142     		.uleb128 0x2111
 774 0073 18       		.uleb128 0x18
 775 0074 00       		.byte	0
 776 0075 00       		.byte	0
 777 0076 09       		.uleb128 0x9
 778 0077 898201   		.uleb128 0x4109
 779 007a 00       		.byte	0
 780 007b 11       		.uleb128 0x11
 781 007c 01       		.uleb128 0x1
 782 007d 31       		.uleb128 0x31
 783 007e 13       		.uleb128 0x13
 784 007f 00       		.byte	0
ARM GAS  C:\Users\kvl6\AppData\Local\Temp\ccD8dCli.s 			page 17


 785 0080 00       		.byte	0
 786 0081 0A       		.uleb128 0xa
 787 0082 898201   		.uleb128 0x4109
 788 0085 01       		.byte	0x1
 789 0086 11       		.uleb128 0x11
 790 0087 01       		.uleb128 0x1
 791 0088 31       		.uleb128 0x31
 792 0089 13       		.uleb128 0x13
 793 008a 00       		.byte	0
 794 008b 00       		.byte	0
 795 008c 0B       		.uleb128 0xb
 796 008d 2E       		.uleb128 0x2e
 797 008e 01       		.byte	0x1
 798 008f 3F       		.uleb128 0x3f
 799 0090 19       		.uleb128 0x19
 800 0091 03       		.uleb128 0x3
 801 0092 0E       		.uleb128 0xe
 802 0093 3A       		.uleb128 0x3a
 803 0094 0B       		.uleb128 0xb
 804 0095 3B       		.uleb128 0x3b
 805 0096 0B       		.uleb128 0xb
 806 0097 27       		.uleb128 0x27
 807 0098 19       		.uleb128 0x19
 808 0099 49       		.uleb128 0x49
 809 009a 13       		.uleb128 0x13
 810 009b 11       		.uleb128 0x11
 811 009c 01       		.uleb128 0x1
 812 009d 12       		.uleb128 0x12
 813 009e 06       		.uleb128 0x6
 814 009f 40       		.uleb128 0x40
 815 00a0 18       		.uleb128 0x18
 816 00a1 9742     		.uleb128 0x2117
 817 00a3 19       		.uleb128 0x19
 818 00a4 01       		.uleb128 0x1
 819 00a5 13       		.uleb128 0x13
 820 00a6 00       		.byte	0
 821 00a7 00       		.byte	0
 822 00a8 0C       		.uleb128 0xc
 823 00a9 05       		.uleb128 0x5
 824 00aa 00       		.byte	0
 825 00ab 03       		.uleb128 0x3
 826 00ac 0E       		.uleb128 0xe
 827 00ad 3A       		.uleb128 0x3a
 828 00ae 0B       		.uleb128 0xb
 829 00af 3B       		.uleb128 0x3b
 830 00b0 0B       		.uleb128 0xb
 831 00b1 49       		.uleb128 0x49
 832 00b2 13       		.uleb128 0x13
 833 00b3 02       		.uleb128 0x2
 834 00b4 17       		.uleb128 0x17
 835 00b5 00       		.byte	0
 836 00b6 00       		.byte	0
 837 00b7 0D       		.uleb128 0xd
 838 00b8 0B       		.uleb128 0xb
 839 00b9 01       		.byte	0x1
 840 00ba 11       		.uleb128 0x11
 841 00bb 01       		.uleb128 0x1
ARM GAS  C:\Users\kvl6\AppData\Local\Temp\ccD8dCli.s 			page 18


 842 00bc 12       		.uleb128 0x12
 843 00bd 06       		.uleb128 0x6
 844 00be 01       		.uleb128 0x1
 845 00bf 13       		.uleb128 0x13
 846 00c0 00       		.byte	0
 847 00c1 00       		.byte	0
 848 00c2 0E       		.uleb128 0xe
 849 00c3 34       		.uleb128 0x34
 850 00c4 00       		.byte	0
 851 00c5 03       		.uleb128 0x3
 852 00c6 0E       		.uleb128 0xe
 853 00c7 3A       		.uleb128 0x3a
 854 00c8 0B       		.uleb128 0xb
 855 00c9 3B       		.uleb128 0x3b
 856 00ca 0B       		.uleb128 0xb
 857 00cb 49       		.uleb128 0x49
 858 00cc 13       		.uleb128 0x13
 859 00cd 02       		.uleb128 0x2
 860 00ce 17       		.uleb128 0x17
 861 00cf 00       		.byte	0
 862 00d0 00       		.byte	0
 863 00d1 0F       		.uleb128 0xf
 864 00d2 0F       		.uleb128 0xf
 865 00d3 00       		.byte	0
 866 00d4 0B       		.uleb128 0xb
 867 00d5 0B       		.uleb128 0xb
 868 00d6 49       		.uleb128 0x49
 869 00d7 13       		.uleb128 0x13
 870 00d8 00       		.byte	0
 871 00d9 00       		.byte	0
 872 00da 10       		.uleb128 0x10
 873 00db 0B       		.uleb128 0xb
 874 00dc 01       		.byte	0x1
 875 00dd 11       		.uleb128 0x11
 876 00de 01       		.uleb128 0x1
 877 00df 12       		.uleb128 0x12
 878 00e0 06       		.uleb128 0x6
 879 00e1 00       		.byte	0
 880 00e2 00       		.byte	0
 881 00e3 11       		.uleb128 0x11
 882 00e4 34       		.uleb128 0x34
 883 00e5 00       		.byte	0
 884 00e6 03       		.uleb128 0x3
 885 00e7 08       		.uleb128 0x8
 886 00e8 3A       		.uleb128 0x3a
 887 00e9 0B       		.uleb128 0xb
 888 00ea 3B       		.uleb128 0x3b
 889 00eb 0B       		.uleb128 0xb
 890 00ec 49       		.uleb128 0x49
 891 00ed 13       		.uleb128 0x13
 892 00ee 02       		.uleb128 0x2
 893 00ef 17       		.uleb128 0x17
 894 00f0 00       		.byte	0
 895 00f1 00       		.byte	0
 896 00f2 12       		.uleb128 0x12
 897 00f3 34       		.uleb128 0x34
 898 00f4 00       		.byte	0
ARM GAS  C:\Users\kvl6\AppData\Local\Temp\ccD8dCli.s 			page 19


 899 00f5 03       		.uleb128 0x3
 900 00f6 0E       		.uleb128 0xe
 901 00f7 3A       		.uleb128 0x3a
 902 00f8 0B       		.uleb128 0xb
 903 00f9 3B       		.uleb128 0x3b
 904 00fa 05       		.uleb128 0x5
 905 00fb 49       		.uleb128 0x49
 906 00fc 13       		.uleb128 0x13
 907 00fd 3F       		.uleb128 0x3f
 908 00fe 19       		.uleb128 0x19
 909 00ff 3C       		.uleb128 0x3c
 910 0100 19       		.uleb128 0x19
 911 0101 00       		.byte	0
 912 0102 00       		.byte	0
 913 0103 13       		.uleb128 0x13
 914 0104 35       		.uleb128 0x35
 915 0105 00       		.byte	0
 916 0106 49       		.uleb128 0x49
 917 0107 13       		.uleb128 0x13
 918 0108 00       		.byte	0
 919 0109 00       		.byte	0
 920 010a 14       		.uleb128 0x14
 921 010b 01       		.uleb128 0x1
 922 010c 01       		.byte	0x1
 923 010d 49       		.uleb128 0x49
 924 010e 13       		.uleb128 0x13
 925 010f 01       		.uleb128 0x1
 926 0110 13       		.uleb128 0x13
 927 0111 00       		.byte	0
 928 0112 00       		.byte	0
 929 0113 15       		.uleb128 0x15
 930 0114 21       		.uleb128 0x21
 931 0115 00       		.byte	0
 932 0116 49       		.uleb128 0x49
 933 0117 13       		.uleb128 0x13
 934 0118 2F       		.uleb128 0x2f
 935 0119 0B       		.uleb128 0xb
 936 011a 00       		.byte	0
 937 011b 00       		.byte	0
 938 011c 16       		.uleb128 0x16
 939 011d 34       		.uleb128 0x34
 940 011e 00       		.byte	0
 941 011f 03       		.uleb128 0x3
 942 0120 0E       		.uleb128 0xe
 943 0121 3A       		.uleb128 0x3a
 944 0122 0B       		.uleb128 0xb
 945 0123 3B       		.uleb128 0x3b
 946 0124 0B       		.uleb128 0xb
 947 0125 49       		.uleb128 0x49
 948 0126 13       		.uleb128 0x13
 949 0127 3F       		.uleb128 0x3f
 950 0128 19       		.uleb128 0x19
 951 0129 02       		.uleb128 0x2
 952 012a 18       		.uleb128 0x18
 953 012b 00       		.byte	0
 954 012c 00       		.byte	0
 955 012d 17       		.uleb128 0x17
ARM GAS  C:\Users\kvl6\AppData\Local\Temp\ccD8dCli.s 			page 20


 956 012e 2E       		.uleb128 0x2e
 957 012f 00       		.byte	0
 958 0130 3F       		.uleb128 0x3f
 959 0131 19       		.uleb128 0x19
 960 0132 3C       		.uleb128 0x3c
 961 0133 19       		.uleb128 0x19
 962 0134 6E       		.uleb128 0x6e
 963 0135 0E       		.uleb128 0xe
 964 0136 03       		.uleb128 0x3
 965 0137 0E       		.uleb128 0xe
 966 0138 3A       		.uleb128 0x3a
 967 0139 0B       		.uleb128 0xb
 968 013a 3B       		.uleb128 0x3b
 969 013b 05       		.uleb128 0x5
 970 013c 00       		.byte	0
 971 013d 00       		.byte	0
 972 013e 18       		.uleb128 0x18
 973 013f 2E       		.uleb128 0x2e
 974 0140 00       		.byte	0
 975 0141 3F       		.uleb128 0x3f
 976 0142 19       		.uleb128 0x19
 977 0143 3C       		.uleb128 0x3c
 978 0144 19       		.uleb128 0x19
 979 0145 6E       		.uleb128 0x6e
 980 0146 0E       		.uleb128 0xe
 981 0147 03       		.uleb128 0x3
 982 0148 0E       		.uleb128 0xe
 983 0149 3A       		.uleb128 0x3a
 984 014a 0B       		.uleb128 0xb
 985 014b 3B       		.uleb128 0x3b
 986 014c 0B       		.uleb128 0xb
 987 014d 00       		.byte	0
 988 014e 00       		.byte	0
 989 014f 00       		.byte	0
 990              		.section	.debug_loc,"",%progbits
 991              	.Ldebug_loc0:
 992              	.LLST0:
 993 0000 00000000 		.4byte	.LVL7
 994 0004 06000000 		.4byte	.LVL8
 995 0008 0100     		.2byte	0x1
 996 000a 50       		.byte	0x50
 997 000b 06000000 		.4byte	.LVL8
 998 000f 2E000000 		.4byte	.LFE65
 999 0013 0100     		.2byte	0x1
 1000 0015 55       		.byte	0x55
 1001 0016 00000000 		.4byte	0
 1002 001a 00000000 		.4byte	0
 1003              	.LLST1:
 1004 001e 16000000 		.4byte	.LVL10
 1005 0022 1C000000 		.4byte	.LVL11
 1006 0026 0100     		.2byte	0x1
 1007 0028 50       		.byte	0x50
 1008 0029 1C000000 		.4byte	.LVL11
 1009 002d 1F000000 		.4byte	.LVL12-1
 1010 0031 0100     		.2byte	0x1
 1011 0033 52       		.byte	0x52
 1012 0034 00000000 		.4byte	0
ARM GAS  C:\Users\kvl6\AppData\Local\Temp\ccD8dCli.s 			page 21


 1013 0038 00000000 		.4byte	0
 1014              	.LLST2:
 1015 003c 00000000 		.4byte	.LVL14
 1016 0040 0A000000 		.4byte	.LVL16
 1017 0044 0100     		.2byte	0x1
 1018 0046 50       		.byte	0x50
 1019 0047 0A000000 		.4byte	.LVL16
 1020 004b 3E000000 		.4byte	.LFE66
 1021 004f 0100     		.2byte	0x1
 1022 0051 57       		.byte	0x57
 1023 0052 00000000 		.4byte	0
 1024 0056 00000000 		.4byte	0
 1025              	.LLST3:
 1026 005a 00000000 		.4byte	.LVL14
 1027 005e 0A000000 		.4byte	.LVL16
 1028 0062 0100     		.2byte	0x1
 1029 0064 51       		.byte	0x51
 1030 0065 0A000000 		.4byte	.LVL16
 1031 0069 3E000000 		.4byte	.LFE66
 1032 006d 0400     		.2byte	0x4
 1033 006f F3       		.byte	0xf3
 1034 0070 01       		.uleb128 0x1
 1035 0071 51       		.byte	0x51
 1036 0072 9F       		.byte	0x9f
 1037 0073 00000000 		.4byte	0
 1038 0077 00000000 		.4byte	0
 1039              	.LLST4:
 1040 007b 06000000 		.4byte	.LVL15
 1041 007f 0A000000 		.4byte	.LVL16
 1042 0083 0200     		.2byte	0x2
 1043 0085 30       		.byte	0x30
 1044 0086 9F       		.byte	0x9f
 1045 0087 0A000000 		.4byte	.LVL16
 1046 008b 3E000000 		.4byte	.LFE66
 1047 008f 0100     		.2byte	0x1
 1048 0091 55       		.byte	0x55
 1049 0092 00000000 		.4byte	0
 1050 0096 00000000 		.4byte	0
 1051              	.LLST5:
 1052 009a 18000000 		.4byte	.LVL18
 1053 009e 38000000 		.4byte	.LVL23
 1054 00a2 0100     		.2byte	0x1
 1055 00a4 54       		.byte	0x54
 1056 00a5 00000000 		.4byte	0
 1057 00a9 00000000 		.4byte	0
 1058              		.section	.debug_aranges,"",%progbits
 1059 0000 2C000000 		.4byte	0x2c
 1060 0004 0200     		.2byte	0x2
 1061 0006 00000000 		.4byte	.Ldebug_info0
 1062 000a 04       		.byte	0x4
 1063 000b 00       		.byte	0
 1064 000c 0000     		.2byte	0
 1065 000e 0000     		.2byte	0
 1066 0010 00000000 		.4byte	.LFB64
 1067 0014 40000000 		.4byte	.LFE64-.LFB64
 1068 0018 00000000 		.4byte	.LFB65
 1069 001c 2E000000 		.4byte	.LFE65-.LFB65
ARM GAS  C:\Users\kvl6\AppData\Local\Temp\ccD8dCli.s 			page 22


 1070 0020 00000000 		.4byte	.LFB66
 1071 0024 3E000000 		.4byte	.LFE66-.LFB66
 1072 0028 00000000 		.4byte	0
 1073 002c 00000000 		.4byte	0
 1074              		.section	.debug_ranges,"",%progbits
 1075              	.Ldebug_ranges0:
 1076 0000 00000000 		.4byte	.LFB64
 1077 0004 40000000 		.4byte	.LFE64
 1078 0008 00000000 		.4byte	.LFB65
 1079 000c 2E000000 		.4byte	.LFE65
 1080 0010 00000000 		.4byte	.LFB66
 1081 0014 3E000000 		.4byte	.LFE66
 1082 0018 00000000 		.4byte	0
 1083 001c 00000000 		.4byte	0
 1084              		.section	.debug_line,"",%progbits
 1085              	.Ldebug_line0:
 1086 0000 DF010000 		.section	.debug_str,"MS",%progbits,1
 1086      02007C01 
 1086      00000201 
 1086      FB0E0D00 
 1086      01010101 
 1087              	.LASF40:
 1088 0000 5553425F 		.ascii	"USB_CheckInput\000"
 1088      43686563 
 1088      6B496E70 
 1088      757400
 1089              	.LASF9:
 1090 000f 5F5F696E 		.ascii	"__int32_t\000"
 1090      7433325F 
 1090      7400
 1091              	.LASF23:
 1092 0019 4F55545F 		.ascii	"OUT_COUNT\000"
 1092      434F554E 
 1092      5400
 1093              	.LASF38:
 1094 0023 7573625F 		.ascii	"usb_functions.c\000"
 1094      66756E63 
 1094      74696F6E 
 1094      732E6300 
 1095              	.LASF27:
 1096 0033 5553425F 		.ascii	"USB_str\000"
 1096      73747200 
 1097              	.LASF13:
 1098 003b 666C6F61 		.ascii	"float\000"
 1098      7400
 1099              	.LASF22:
 1100 0041 73697A65 		.ascii	"size\000"
 1100      00
 1101              	.LASF37:
 1102 0046 474E5520 		.ascii	"GNU C11 5.4.1 20160609 (release) [ARM/embedded-5-br"
 1102      43313120 
 1102      352E342E 
 1102      31203230 
 1102      31363036 
 1103 0079 616E6368 		.ascii	"anch revision 237715] -mcpu=cortex-m3 -mthumb -g -O"
 1103      20726576 
 1103      6973696F 
ARM GAS  C:\Users\kvl6\AppData\Local\Temp\ccD8dCli.s 			page 23


 1103      6E203233 
 1103      37373135 
 1104 00ac 67202D66 		.ascii	"g -ffunction-sections -ffat-lto-objects\000"
 1104      66756E63 
 1104      74696F6E 
 1104      2D736563 
 1104      74696F6E 
 1105              	.LASF5:
 1106 00d4 6C6F6E67 		.ascii	"long unsigned int\000"
 1106      20756E73 
 1106      69676E65 
 1106      6420696E 
 1106      7400
 1107              	.LASF3:
 1108 00e6 73686F72 		.ascii	"short unsigned int\000"
 1108      7420756E 
 1108      7369676E 
 1108      65642069 
 1108      6E7400
 1109              	.LASF19:
 1110 00f9 5553425F 		.ascii	"USB_Export_Data\000"
 1110      4578706F 
 1110      72745F44 
 1110      61746100 
 1111              	.LASF39:
 1112 0109 443A5C50 		.ascii	"D:\\PSoC_Projects\\Spectrometers\\PSoC-ColorSensors"
 1112      536F435F 
 1112      50726F6A 
 1112      65637473 
 1112      5C537065 
 1113 0139 5F537065 		.ascii	"_Spectrometers\\AS7262\\AS7262.cydsn\000"
 1113      6374726F 
 1113      6D657465 
 1113      72735C41 
 1113      53373236 
 1114              	.LASF21:
 1115 015c 61727261 		.ascii	"array\000"
 1115      7900
 1116              	.LASF25:
 1117 0162 49544D5F 		.ascii	"ITM_RxBuffer\000"
 1117      52784275 
 1117      66666572 
 1117      00
 1118              	.LASF32:
 1119 016f 55534246 		.ascii	"USBFS_EnableOutEP\000"
 1119      535F456E 
 1119      61626C65 
 1119      4F757445 
 1119      5000
 1120              	.LASF14:
 1121 0181 646F7562 		.ascii	"double\000"
 1121      6C6500
 1122              	.LASF34:
 1123 0188 55534246 		.ascii	"USBFS_ReadOutEP\000"
 1123      535F5265 
 1123      61644F75 
 1123      74455000 
ARM GAS  C:\Users\kvl6\AppData\Local\Temp\ccD8dCli.s 			page 24


 1124              	.LASF2:
 1125 0198 73686F72 		.ascii	"short int\000"
 1125      7420696E 
 1125      7400
 1126              	.LASF30:
 1127 01a2 4C43445F 		.ascii	"LCD_PrintString\000"
 1127      5072696E 
 1127      74537472 
 1127      696E6700 
 1128              	.LASF12:
 1129 01b2 75696E74 		.ascii	"uint16\000"
 1129      313600
 1130              	.LASF18:
 1131 01b9 5553425F 		.ascii	"USB_Start\000"
 1131      53746172 
 1131      7400
 1132              	.LASF31:
 1133 01c3 55534246 		.ascii	"USBFS_GetConfiguration\000"
 1133      535F4765 
 1133      74436F6E 
 1133      66696775 
 1133      72617469 
 1134              	.LASF8:
 1135 01da 756E7369 		.ascii	"unsigned int\000"
 1135      676E6564 
 1135      20696E74 
 1135      00
 1136              	.LASF26:
 1137 01e7 4F55545F 		.ascii	"OUT_Data_Buffer\000"
 1137      44617461 
 1137      5F427566 
 1137      66657200 
 1138              	.LASF7:
 1139 01f7 6C6F6E67 		.ascii	"long long unsigned int\000"
 1139      206C6F6E 
 1139      6720756E 
 1139      7369676E 
 1139      65642069 
 1140              	.LASF29:
 1141 020e 4C43445F 		.ascii	"LCD_Position\000"
 1141      506F7369 
 1141      74696F6E 
 1141      00
 1142              	.LASF10:
 1143 021b 696E7433 		.ascii	"int32_t\000"
 1143      325F7400 
 1144              	.LASF17:
 1145 0223 73697A65 		.ascii	"sizetype\000"
 1145      74797065 
 1145      00
 1146              	.LASF6:
 1147 022c 6C6F6E67 		.ascii	"long long int\000"
 1147      206C6F6E 
 1147      6720696E 
 1147      7400
 1148              	.LASF15:
 1149 023a 63686172 		.ascii	"char\000"
ARM GAS  C:\Users\kvl6\AppData\Local\Temp\ccD8dCli.s 			page 25


 1149      00
 1150              	.LASF36:
 1151 023f 55534246 		.ascii	"USBFS_LoadInEP\000"
 1151      535F4C6F 
 1151      6164496E 
 1151      455000
 1152              	.LASF24:
 1153 024e 73697A65 		.ascii	"size_to_send\000"
 1153      5F746F5F 
 1153      73656E64 
 1153      00
 1154              	.LASF33:
 1155 025b 55534246 		.ascii	"USBFS_GetEPCount\000"
 1155      535F4765 
 1155      74455043 
 1155      6F756E74 
 1155      00
 1156              	.LASF28:
 1157 026c 55534246 		.ascii	"USBFS_Start\000"
 1157      535F5374 
 1157      61727400 
 1158              	.LASF1:
 1159 0278 756E7369 		.ascii	"unsigned char\000"
 1159      676E6564 
 1159      20636861 
 1159      7200
 1160              	.LASF20:
 1161 0286 62756666 		.ascii	"buffer\000"
 1161      657200
 1162              	.LASF11:
 1163 028d 75696E74 		.ascii	"uint8\000"
 1163      3800
 1164              	.LASF35:
 1165 0293 55534246 		.ascii	"USBFS_GetEPState\000"
 1165      535F4765 
 1165      74455053 
 1165      74617465 
 1165      00
 1166              	.LASF4:
 1167 02a4 6C6F6E67 		.ascii	"long int\000"
 1167      20696E74 
 1167      00
 1168              	.LASF16:
 1169 02ad 6C6F6E67 		.ascii	"long double\000"
 1169      20646F75 
 1169      626C6500 
 1170              	.LASF0:
 1171 02b9 7369676E 		.ascii	"signed char\000"
 1171      65642063 
 1171      68617200 
 1172              		.ident	"GCC: (GNU Tools for ARM Embedded Processors) 5.4.1 20160609 (release) [ARM/embedded-5-bran
