ARM GAS  C:\Users\kvl6\AppData\Local\Temp\ccJbiOHs.s 			page 1


   1              		.syntax unified
   2              		.cpu cortex-m3
   3              		.fpu softvfp
   4              		.eabi_attribute 20, 1
   5              		.eabi_attribute 21, 1
   6              		.eabi_attribute 23, 3
   7              		.eabi_attribute 24, 1
   8              		.eabi_attribute 25, 1
   9              		.eabi_attribute 26, 1
  10              		.eabi_attribute 30, 1
  11              		.eabi_attribute 34, 1
  12              		.eabi_attribute 18, 4
  13              		.thumb
  14              		.syntax unified
  15              		.file	"USBFS_descr.c"
  16              		.text
  17              	.Ltext0:
  18              		.cfi_sections	.debug_frame
  19              		.global	USBFS_TABLE
  20              		.global	USBFS_DEVICE0_TABLE
  21              		.global	USBFS_DEVICE0_CONFIGURATION0_TABLE
  22              		.global	USBFS_DEVICE0_CONFIGURATION0_INTERFACE_CLASS
  23              		.global	USBFS_DEVICE0_CONFIGURATION0_EP_SETTINGS_TABLE
  24              		.global	USBFS_STRING_DESCRIPTORS
  25              		.global	USBFS_DEVICE0_CONFIGURATION0_DESCR
  26              		.global	USBFS_DEVICE0_DESCR
  27              		.section	.rodata
  28              		.align	2
  29              		.type	USBFS_TABLE, %object
  30              		.size	USBFS_TABLE, 8
  31              	USBFS_TABLE:
  32 0000 01       		.byte	1
  33 0001 000000   		.space	3
  34 0004 00000000 		.word	USBFS_DEVICE0_TABLE
  35              		.type	USBFS_DEVICE0_TABLE, %object
  36              		.size	USBFS_DEVICE0_TABLE, 24
  37              	USBFS_DEVICE0_TABLE:
  38 0008 01       		.byte	1
  39 0009 000000   		.space	3
  40 000c 00000000 		.word	USBFS_DEVICE0_DESCR
  41 0010 00       		.byte	0
  42 0011 000000   		.space	3
  43 0014 00000000 		.word	0
  44 0018 01       		.byte	1
  45 0019 000000   		.space	3
  46 001c 00000000 		.word	USBFS_DEVICE0_CONFIGURATION0_TABLE
  47              		.type	USBFS_DEVICE0_CONFIGURATION0_TABLE, %object
  48              		.size	USBFS_DEVICE0_CONFIGURATION0_TABLE, 32
  49              	USBFS_DEVICE0_CONFIGURATION0_TABLE:
  50 0020 01       		.byte	1
  51 0021 000000   		.space	3
  52 0024 00000000 		.word	USBFS_DEVICE0_CONFIGURATION0_DESCR
  53 0028 02       		.byte	2
  54 0029 000000   		.space	3
  55 002c 00000000 		.word	USBFS_DEVICE0_CONFIGURATION0_EP_SETTINGS_TABLE
  56 0030 00       		.byte	0
  57 0031 000000   		.space	3
ARM GAS  C:\Users\kvl6\AppData\Local\Temp\ccJbiOHs.s 			page 2


  58 0034 00000000 		.word	0
  59 0038 00       		.byte	0
  60 0039 000000   		.space	3
  61 003c 00000000 		.word	USBFS_DEVICE0_CONFIGURATION0_INTERFACE_CLASS
  62              		.type	USBFS_DEVICE0_CONFIGURATION0_INTERFACE_CLASS, %object
  63              		.size	USBFS_DEVICE0_CONFIGURATION0_INTERFACE_CLASS, 1
  64              	USBFS_DEVICE0_CONFIGURATION0_INTERFACE_CLASS:
  65 0040 FF       		.byte	-1
  66 0041 000000   		.space	3
  67              		.type	USBFS_DEVICE0_CONFIGURATION0_EP_SETTINGS_TABLE, %object
  68              		.size	USBFS_DEVICE0_CONFIGURATION0_EP_SETTINGS_TABLE, 16
  69              	USBFS_DEVICE0_CONFIGURATION0_EP_SETTINGS_TABLE:
  70 0044 00       		.byte	0
  71 0045 00       		.byte	0
  72 0046 81       		.byte	-127
  73 0047 03       		.byte	3
  74 0048 2800     		.short	40
  75 004a FF       		.byte	-1
  76 004b 00       		.space	1
  77 004c 00       		.byte	0
  78 004d 00       		.byte	0
  79 004e 02       		.byte	2
  80 004f 03       		.byte	3
  81 0050 2800     		.short	40
  82 0052 FF       		.byte	-1
  83 0053 00       		.space	1
  84              		.type	USBFS_STRING_DESCRIPTORS, %object
  85              		.size	USBFS_STRING_DESCRIPTORS, 103
  86              	USBFS_STRING_DESCRIPTORS:
  87 0054 04       		.byte	4
  88 0055 03       		.byte	3
  89 0056 09       		.byte	9
  90 0057 04       		.byte	4
  91 0058 28       		.byte	40
  92 0059 03       		.byte	3
  93 005a 4E       		.byte	78
  94 005b 00       		.byte	0
  95 005c 61       		.byte	97
  96 005d 00       		.byte	0
  97 005e 72       		.byte	114
  98 005f 00       		.byte	0
  99 0060 65       		.byte	101
 100 0061 00       		.byte	0
 101 0062 73       		.byte	115
 102 0063 00       		.byte	0
 103 0064 75       		.byte	117
 104 0065 00       		.byte	0
 105 0066 61       		.byte	97
 106 0067 00       		.byte	0
 107 0068 6E       		.byte	110
 108 0069 00       		.byte	0
 109 006a 20       		.byte	32
 110 006b 00       		.byte	0
 111 006c 55       		.byte	85
 112 006d 00       		.byte	0
 113 006e 6E       		.byte	110
 114 006f 00       		.byte	0
ARM GAS  C:\Users\kvl6\AppData\Local\Temp\ccJbiOHs.s 			page 3


 115 0070 69       		.byte	105
 116 0071 00       		.byte	0
 117 0072 76       		.byte	118
 118 0073 00       		.byte	0
 119 0074 65       		.byte	101
 120 0075 00       		.byte	0
 121 0076 72       		.byte	114
 122 0077 00       		.byte	0
 123 0078 73       		.byte	115
 124 0079 00       		.byte	0
 125 007a 69       		.byte	105
 126 007b 00       		.byte	0
 127 007c 74       		.byte	116
 128 007d 00       		.byte	0
 129 007e 79       		.byte	121
 130 007f 00       		.byte	0
 131 0080 1A       		.byte	26
 132 0081 03       		.byte	3
 133 0082 53       		.byte	83
 134 0083 00       		.byte	0
 135 0084 70       		.byte	112
 136 0085 00       		.byte	0
 137 0086 65       		.byte	101
 138 0087 00       		.byte	0
 139 0088 63       		.byte	99
 140 0089 00       		.byte	0
 141 008a 74       		.byte	116
 142 008b 00       		.byte	0
 143 008c 72       		.byte	114
 144 008d 00       		.byte	0
 145 008e 6F       		.byte	111
 146 008f 00       		.byte	0
 147 0090 6D       		.byte	109
 148 0091 00       		.byte	0
 149 0092 65       		.byte	101
 150 0093 00       		.byte	0
 151 0094 74       		.byte	116
 152 0095 00       		.byte	0
 153 0096 65       		.byte	101
 154 0097 00       		.byte	0
 155 0098 72       		.byte	114
 156 0099 00       		.byte	0
 157 009a 14       		.byte	20
 158 009b 03       		.byte	3
 159 009c 55       		.byte	85
 160 009d 00       		.byte	0
 161 009e 53       		.byte	83
 162 009f 00       		.byte	0
 163 00a0 42       		.byte	66
 164 00a1 00       		.byte	0
 165 00a2 20       		.byte	32
 166 00a3 00       		.byte	0
 167 00a4 63       		.byte	99
 168 00a5 00       		.byte	0
 169 00a6 6F       		.byte	111
 170 00a7 00       		.byte	0
 171 00a8 6D       		.byte	109
ARM GAS  C:\Users\kvl6\AppData\Local\Temp\ccJbiOHs.s 			page 4


 172 00a9 00       		.byte	0
 173 00aa 6D       		.byte	109
 174 00ab 00       		.byte	0
 175 00ac 73       		.byte	115
 176 00ad 00       		.byte	0
 177 00ae 0C       		.byte	12
 178 00af 03       		.byte	3
 179 00b0 55       		.byte	85
 180 00b1 00       		.byte	0
 181 00b2 53       		.byte	83
 182 00b3 00       		.byte	0
 183 00b4 42       		.byte	66
 184 00b5 00       		.byte	0
 185 00b6 5F       		.byte	95
 186 00b7 00       		.byte	0
 187 00b8 30       		.byte	48
 188 00b9 00       		.byte	0
 189 00ba 00       		.byte	0
 190 00bb 00       		.space	1
 191              		.type	USBFS_DEVICE0_CONFIGURATION0_DESCR, %object
 192              		.size	USBFS_DEVICE0_CONFIGURATION0_DESCR, 32
 193              	USBFS_DEVICE0_CONFIGURATION0_DESCR:
 194 00bc 09       		.byte	9
 195 00bd 02       		.byte	2
 196 00be 20       		.byte	32
 197 00bf 00       		.byte	0
 198 00c0 01       		.byte	1
 199 00c1 01       		.byte	1
 200 00c2 03       		.byte	3
 201 00c3 80       		.byte	-128
 202 00c4 32       		.byte	50
 203 00c5 09       		.byte	9
 204 00c6 04       		.byte	4
 205 00c7 00       		.byte	0
 206 00c8 00       		.byte	0
 207 00c9 02       		.byte	2
 208 00ca FF       		.byte	-1
 209 00cb 00       		.byte	0
 210 00cc 00       		.byte	0
 211 00cd 04       		.byte	4
 212 00ce 07       		.byte	7
 213 00cf 05       		.byte	5
 214 00d0 81       		.byte	-127
 215 00d1 03       		.byte	3
 216 00d2 28       		.byte	40
 217 00d3 00       		.byte	0
 218 00d4 04       		.byte	4
 219 00d5 07       		.byte	7
 220 00d6 05       		.byte	5
 221 00d7 02       		.byte	2
 222 00d8 03       		.byte	3
 223 00d9 28       		.byte	40
 224 00da 00       		.byte	0
 225 00db 32       		.byte	50
 226              		.type	USBFS_DEVICE0_DESCR, %object
 227              		.size	USBFS_DEVICE0_DESCR, 18
 228              	USBFS_DEVICE0_DESCR:
ARM GAS  C:\Users\kvl6\AppData\Local\Temp\ccJbiOHs.s 			page 5


 229 00dc 12       		.byte	18
 230 00dd 01       		.byte	1
 231 00de 00       		.byte	0
 232 00df 02       		.byte	2
 233 00e0 00       		.byte	0
 234 00e1 00       		.byte	0
 235 00e2 00       		.byte	0
 236 00e3 08       		.byte	8
 237 00e4 B4       		.byte	-76
 238 00e5 04       		.byte	4
 239 00e6 51       		.byte	81
 240 00e7 80       		.byte	-128
 241 00e8 00       		.byte	0
 242 00e9 00       		.byte	0
 243 00ea 01       		.byte	1
 244 00eb 02       		.byte	2
 245 00ec 00       		.byte	0
 246 00ed 01       		.byte	1
 247              		.text
 248              	.Letext0:
 249              		.file 1 "Generated_Source\\PSoC5\\cytypes.h"
 250              		.file 2 "Generated_Source\\PSoC5\\USBFS.h"
 251              		.file 3 "Generated_Source\\PSoC5\\USBFS_descr.c"
 252              		.section	.debug_info,"",%progbits
 253              	.Ldebug_info0:
 254 0000 67020000 		.4byte	0x267
 255 0004 0400     		.2byte	0x4
 256 0006 00000000 		.4byte	.Ldebug_abbrev0
 257 000a 04       		.byte	0x4
 258 000b 01       		.uleb128 0x1
 259 000c 8A000000 		.4byte	.LASF33
 260 0010 0C       		.byte	0xc
 261 0011 56020000 		.4byte	.LASF34
 262 0015 5F010000 		.4byte	.LASF35
 263 0019 00000000 		.4byte	.Ldebug_line0
 264 001d 02       		.uleb128 0x2
 265 001e 01       		.byte	0x1
 266 001f 06       		.byte	0x6
 267 0020 FE020000 		.4byte	.LASF0
 268 0024 02       		.uleb128 0x2
 269 0025 01       		.byte	0x1
 270 0026 08       		.byte	0x8
 271 0027 B2010000 		.4byte	.LASF1
 272 002b 02       		.uleb128 0x2
 273 002c 02       		.byte	0x2
 274 002d 05       		.byte	0x5
 275 002e CF020000 		.4byte	.LASF2
 276 0032 02       		.uleb128 0x2
 277 0033 02       		.byte	0x2
 278 0034 07       		.byte	0x7
 279 0035 4D000000 		.4byte	.LASF3
 280 0039 02       		.uleb128 0x2
 281 003a 04       		.byte	0x4
 282 003b 05       		.byte	0x5
 283 003c E9020000 		.4byte	.LASF4
 284 0040 02       		.uleb128 0x2
 285 0041 04       		.byte	0x4
ARM GAS  C:\Users\kvl6\AppData\Local\Temp\ccJbiOHs.s 			page 6


 286 0042 07       		.byte	0x7
 287 0043 20020000 		.4byte	.LASF5
 288 0047 02       		.uleb128 0x2
 289 0048 08       		.byte	0x8
 290 0049 05       		.byte	0x5
 291 004a A5020000 		.4byte	.LASF6
 292 004e 02       		.uleb128 0x2
 293 004f 08       		.byte	0x8
 294 0050 07       		.byte	0x7
 295 0051 3F020000 		.4byte	.LASF7
 296 0055 03       		.uleb128 0x3
 297 0056 04       		.byte	0x4
 298 0057 05       		.byte	0x5
 299 0058 696E7400 		.ascii	"int\000"
 300 005c 02       		.uleb128 0x2
 301 005d 04       		.byte	0x4
 302 005e 07       		.byte	0x7
 303 005f 32020000 		.4byte	.LASF8
 304 0063 04       		.uleb128 0x4
 305 0064 D9020000 		.4byte	.LASF9
 306 0068 01       		.byte	0x1
 307 0069 9201     		.2byte	0x192
 308 006b 24000000 		.4byte	0x24
 309 006f 04       		.uleb128 0x4
 310 0070 C7010000 		.4byte	.LASF10
 311 0074 01       		.byte	0x1
 312 0075 9301     		.2byte	0x193
 313 0077 32000000 		.4byte	0x32
 314 007b 02       		.uleb128 0x2
 315 007c 04       		.byte	0x4
 316 007d 04       		.byte	0x4
 317 007e 60000000 		.4byte	.LASF11
 318 0082 02       		.uleb128 0x2
 319 0083 08       		.byte	0x8
 320 0084 04       		.byte	0x4
 321 0085 C0010000 		.4byte	.LASF12
 322 0089 02       		.uleb128 0x2
 323 008a 01       		.byte	0x1
 324 008b 08       		.byte	0x8
 325 008c BF020000 		.4byte	.LASF13
 326 0090 02       		.uleb128 0x2
 327 0091 08       		.byte	0x8
 328 0092 04       		.byte	0x4
 329 0093 F2020000 		.4byte	.LASF14
 330 0097 02       		.uleb128 0x2
 331 0098 04       		.byte	0x4
 332 0099 07       		.byte	0x7
 333 009a 9C020000 		.4byte	.LASF15
 334 009e 05       		.uleb128 0x5
 335 009f 08       		.byte	0x8
 336 00a0 02       		.byte	0x2
 337 00a1 97       		.byte	0x97
 338 00a2 EF000000 		.4byte	0xef
 339 00a6 06       		.uleb128 0x6
 340 00a7 DF020000 		.4byte	.LASF16
 341 00ab 02       		.byte	0x2
 342 00ac 99       		.byte	0x99
ARM GAS  C:\Users\kvl6\AppData\Local\Temp\ccJbiOHs.s 			page 7


 343 00ad 63000000 		.4byte	0x63
 344 00b1 00       		.byte	0
 345 00b2 06       		.uleb128 0x6
 346 00b3 66000000 		.4byte	.LASF17
 347 00b7 02       		.byte	0x2
 348 00b8 9A       		.byte	0x9a
 349 00b9 63000000 		.4byte	0x63
 350 00bd 01       		.byte	0x1
 351 00be 06       		.uleb128 0x6
 352 00bf 46010000 		.4byte	.LASF18
 353 00c3 02       		.byte	0x2
 354 00c4 9B       		.byte	0x9b
 355 00c5 63000000 		.4byte	0x63
 356 00c9 02       		.byte	0x2
 357 00ca 06       		.uleb128 0x6
 358 00cb 18010000 		.4byte	.LASF19
 359 00cf 02       		.byte	0x2
 360 00d0 9C       		.byte	0x9c
 361 00d1 63000000 		.4byte	0x63
 362 00d5 03       		.byte	0x3
 363 00d6 06       		.uleb128 0x6
 364 00d7 C4020000 		.4byte	.LASF20
 365 00db 02       		.byte	0x2
 366 00dc 9D       		.byte	0x9d
 367 00dd 6F000000 		.4byte	0x6f
 368 00e1 04       		.byte	0x4
 369 00e2 06       		.uleb128 0x6
 370 00e3 0A030000 		.4byte	.LASF21
 371 00e7 02       		.byte	0x2
 372 00e8 9E       		.byte	0x9e
 373 00e9 63000000 		.4byte	0x63
 374 00ed 06       		.byte	0x6
 375 00ee 00       		.byte	0
 376 00ef 07       		.uleb128 0x7
 377 00f0 82020000 		.4byte	.LASF22
 378 00f4 02       		.byte	0x2
 379 00f5 9F       		.byte	0x9f
 380 00f6 9E000000 		.4byte	0x9e
 381 00fa 05       		.uleb128 0x5
 382 00fb 08       		.byte	0x8
 383 00fc 02       		.byte	0x2
 384 00fd AE       		.byte	0xae
 385 00fe 19010000 		.4byte	0x119
 386 0102 08       		.uleb128 0x8
 387 0103 6300     		.ascii	"c\000"
 388 0105 02       		.byte	0x2
 389 0106 B0       		.byte	0xb0
 390 0107 63000000 		.4byte	0x63
 391 010b 00       		.byte	0
 392 010c 06       		.uleb128 0x6
 393 010d 7B020000 		.4byte	.LASF23
 394 0111 02       		.byte	0x2
 395 0112 B1       		.byte	0xb1
 396 0113 19010000 		.4byte	0x119
 397 0117 04       		.byte	0x4
 398 0118 00       		.byte	0
 399 0119 09       		.uleb128 0x9
ARM GAS  C:\Users\kvl6\AppData\Local\Temp\ccJbiOHs.s 			page 8


 400 011a 04       		.byte	0x4
 401 011b 1F010000 		.4byte	0x11f
 402 011f 0A       		.uleb128 0xa
 403 0120 07       		.uleb128 0x7
 404 0121 B3020000 		.4byte	.LASF24
 405 0125 02       		.byte	0x2
 406 0126 B2       		.byte	0xb2
 407 0127 FA000000 		.4byte	0xfa
 408 012b 0B       		.uleb128 0xb
 409 012c 3B010000 		.4byte	0x13b
 410 0130 3B010000 		.4byte	0x13b
 411 0134 0C       		.uleb128 0xc
 412 0135 97000000 		.4byte	0x97
 413 0139 11       		.byte	0x11
 414 013a 00       		.byte	0
 415 013b 0D       		.uleb128 0xd
 416 013c 63000000 		.4byte	0x63
 417 0140 0E       		.uleb128 0xe
 418 0141 00000000 		.4byte	.LASF25
 419 0145 03       		.byte	0x3
 420 0146 24       		.byte	0x24
 421 0147 51010000 		.4byte	0x151
 422 014b 05       		.uleb128 0x5
 423 014c 03       		.byte	0x3
 424 014d 00000000 		.4byte	USBFS_DEVICE0_DESCR
 425 0151 0D       		.uleb128 0xd
 426 0152 2B010000 		.4byte	0x12b
 427 0156 0B       		.uleb128 0xb
 428 0157 3B010000 		.4byte	0x13b
 429 015b 66010000 		.4byte	0x166
 430 015f 0C       		.uleb128 0xc
 431 0160 97000000 		.4byte	0x97
 432 0164 1F       		.byte	0x1f
 433 0165 00       		.byte	0
 434 0166 0E       		.uleb128 0xe
 435 0167 FD010000 		.4byte	.LASF26
 436 016b 03       		.byte	0x3
 437 016c 37       		.byte	0x37
 438 016d 77010000 		.4byte	0x177
 439 0171 05       		.uleb128 0x5
 440 0172 03       		.byte	0x3
 441 0173 00000000 		.4byte	USBFS_DEVICE0_CONFIGURATION0_DESCR
 442 0177 0D       		.uleb128 0xd
 443 0178 56010000 		.4byte	0x156
 444 017c 0B       		.uleb128 0xb
 445 017d 8C010000 		.4byte	0x18c
 446 0181 8C010000 		.4byte	0x18c
 447 0185 0C       		.uleb128 0xc
 448 0186 97000000 		.4byte	0x97
 449 018a 01       		.byte	0x1
 450 018b 00       		.byte	0
 451 018c 0D       		.uleb128 0xd
 452 018d EF000000 		.4byte	0xef
 453 0191 0E       		.uleb128 0xe
 454 0192 CE010000 		.4byte	.LASF27
 455 0196 03       		.byte	0x3
 456 0197 96       		.byte	0x96
ARM GAS  C:\Users\kvl6\AppData\Local\Temp\ccJbiOHs.s 			page 9


 457 0198 A2010000 		.4byte	0x1a2
 458 019c 05       		.uleb128 0x5
 459 019d 03       		.byte	0x3
 460 019e 00000000 		.4byte	USBFS_DEVICE0_CONFIGURATION0_EP_SETTINGS_TABLE
 461 01a2 0D       		.uleb128 0xd
 462 01a3 7C010000 		.4byte	0x17c
 463 01a7 0B       		.uleb128 0xb
 464 01a8 3B010000 		.4byte	0x13b
 465 01ac B7010000 		.4byte	0x1b7
 466 01b0 0C       		.uleb128 0xc
 467 01b1 97000000 		.4byte	0x97
 468 01b5 00       		.byte	0
 469 01b6 00       		.byte	0
 470 01b7 0E       		.uleb128 0xe
 471 01b8 14000000 		.4byte	.LASF28
 472 01bc 03       		.byte	0x3
 473 01bd 9B       		.byte	0x9b
 474 01be C8010000 		.4byte	0x1c8
 475 01c2 05       		.uleb128 0x5
 476 01c3 03       		.byte	0x3
 477 01c4 00000000 		.4byte	USBFS_DEVICE0_CONFIGURATION0_INTERFACE_CLASS
 478 01c8 0D       		.uleb128 0xd
 479 01c9 A7010000 		.4byte	0x1a7
 480 01cd 0B       		.uleb128 0xb
 481 01ce DD010000 		.4byte	0x1dd
 482 01d2 DD010000 		.4byte	0x1dd
 483 01d6 0C       		.uleb128 0xc
 484 01d7 97000000 		.4byte	0x97
 485 01db 03       		.byte	0x3
 486 01dc 00       		.byte	0
 487 01dd 0D       		.uleb128 0xd
 488 01de 20010000 		.4byte	0x120
 489 01e2 0E       		.uleb128 0xe
 490 01e3 23010000 		.4byte	.LASF29
 491 01e7 03       		.byte	0x3
 492 01e8 A3       		.byte	0xa3
 493 01e9 F3010000 		.4byte	0x1f3
 494 01ed 05       		.uleb128 0x5
 495 01ee 03       		.byte	0x3
 496 01ef 00000000 		.4byte	USBFS_DEVICE0_CONFIGURATION0_TABLE
 497 01f3 0D       		.uleb128 0xd
 498 01f4 CD010000 		.4byte	0x1cd
 499 01f8 0B       		.uleb128 0xb
 500 01f9 DD010000 		.4byte	0x1dd
 501 01fd 08020000 		.4byte	0x208
 502 0201 0C       		.uleb128 0xc
 503 0202 97000000 		.4byte	0x97
 504 0206 02       		.byte	0x2
 505 0207 00       		.byte	0
 506 0208 0E       		.uleb128 0xe
 507 0209 4B010000 		.4byte	.LASF30
 508 020d 03       		.byte	0x3
 509 020e AD       		.byte	0xad
 510 020f 19020000 		.4byte	0x219
 511 0213 05       		.uleb128 0x5
 512 0214 03       		.byte	0x3
 513 0215 00000000 		.4byte	USBFS_DEVICE0_TABLE
ARM GAS  C:\Users\kvl6\AppData\Local\Temp\ccJbiOHs.s 			page 10


 514 0219 0D       		.uleb128 0xd
 515 021a F8010000 		.4byte	0x1f8
 516 021e 0B       		.uleb128 0xb
 517 021f DD010000 		.4byte	0x1dd
 518 0223 2E020000 		.4byte	0x22e
 519 0227 0C       		.uleb128 0xc
 520 0228 97000000 		.4byte	0x97
 521 022c 00       		.byte	0
 522 022d 00       		.byte	0
 523 022e 0E       		.uleb128 0xe
 524 022f 41000000 		.4byte	.LASF31
 525 0233 03       		.byte	0x3
 526 0234 B5       		.byte	0xb5
 527 0235 3F020000 		.4byte	0x23f
 528 0239 05       		.uleb128 0x5
 529 023a 03       		.byte	0x3
 530 023b 00000000 		.4byte	USBFS_TABLE
 531 023f 0D       		.uleb128 0xd
 532 0240 1E020000 		.4byte	0x21e
 533 0244 0B       		.uleb128 0xb
 534 0245 3B010000 		.4byte	0x13b
 535 0249 54020000 		.4byte	0x254
 536 024d 0C       		.uleb128 0xc
 537 024e 97000000 		.4byte	0x97
 538 0252 66       		.byte	0x66
 539 0253 00       		.byte	0
 540 0254 0E       		.uleb128 0xe
 541 0255 71000000 		.4byte	.LASF32
 542 0259 03       		.byte	0x3
 543 025a 63       		.byte	0x63
 544 025b 65020000 		.4byte	0x265
 545 025f 05       		.uleb128 0x5
 546 0260 03       		.byte	0x3
 547 0261 00000000 		.4byte	USBFS_STRING_DESCRIPTORS
 548 0265 0D       		.uleb128 0xd
 549 0266 44020000 		.4byte	0x244
 550 026a 00       		.byte	0
 551              		.section	.debug_abbrev,"",%progbits
 552              	.Ldebug_abbrev0:
 553 0000 01       		.uleb128 0x1
 554 0001 11       		.uleb128 0x11
 555 0002 01       		.byte	0x1
 556 0003 25       		.uleb128 0x25
 557 0004 0E       		.uleb128 0xe
 558 0005 13       		.uleb128 0x13
 559 0006 0B       		.uleb128 0xb
 560 0007 03       		.uleb128 0x3
 561 0008 0E       		.uleb128 0xe
 562 0009 1B       		.uleb128 0x1b
 563 000a 0E       		.uleb128 0xe
 564 000b 10       		.uleb128 0x10
 565 000c 17       		.uleb128 0x17
 566 000d 00       		.byte	0
 567 000e 00       		.byte	0
 568 000f 02       		.uleb128 0x2
 569 0010 24       		.uleb128 0x24
 570 0011 00       		.byte	0
ARM GAS  C:\Users\kvl6\AppData\Local\Temp\ccJbiOHs.s 			page 11


 571 0012 0B       		.uleb128 0xb
 572 0013 0B       		.uleb128 0xb
 573 0014 3E       		.uleb128 0x3e
 574 0015 0B       		.uleb128 0xb
 575 0016 03       		.uleb128 0x3
 576 0017 0E       		.uleb128 0xe
 577 0018 00       		.byte	0
 578 0019 00       		.byte	0
 579 001a 03       		.uleb128 0x3
 580 001b 24       		.uleb128 0x24
 581 001c 00       		.byte	0
 582 001d 0B       		.uleb128 0xb
 583 001e 0B       		.uleb128 0xb
 584 001f 3E       		.uleb128 0x3e
 585 0020 0B       		.uleb128 0xb
 586 0021 03       		.uleb128 0x3
 587 0022 08       		.uleb128 0x8
 588 0023 00       		.byte	0
 589 0024 00       		.byte	0
 590 0025 04       		.uleb128 0x4
 591 0026 16       		.uleb128 0x16
 592 0027 00       		.byte	0
 593 0028 03       		.uleb128 0x3
 594 0029 0E       		.uleb128 0xe
 595 002a 3A       		.uleb128 0x3a
 596 002b 0B       		.uleb128 0xb
 597 002c 3B       		.uleb128 0x3b
 598 002d 05       		.uleb128 0x5
 599 002e 49       		.uleb128 0x49
 600 002f 13       		.uleb128 0x13
 601 0030 00       		.byte	0
 602 0031 00       		.byte	0
 603 0032 05       		.uleb128 0x5
 604 0033 13       		.uleb128 0x13
 605 0034 01       		.byte	0x1
 606 0035 0B       		.uleb128 0xb
 607 0036 0B       		.uleb128 0xb
 608 0037 3A       		.uleb128 0x3a
 609 0038 0B       		.uleb128 0xb
 610 0039 3B       		.uleb128 0x3b
 611 003a 0B       		.uleb128 0xb
 612 003b 01       		.uleb128 0x1
 613 003c 13       		.uleb128 0x13
 614 003d 00       		.byte	0
 615 003e 00       		.byte	0
 616 003f 06       		.uleb128 0x6
 617 0040 0D       		.uleb128 0xd
 618 0041 00       		.byte	0
 619 0042 03       		.uleb128 0x3
 620 0043 0E       		.uleb128 0xe
 621 0044 3A       		.uleb128 0x3a
 622 0045 0B       		.uleb128 0xb
 623 0046 3B       		.uleb128 0x3b
 624 0047 0B       		.uleb128 0xb
 625 0048 49       		.uleb128 0x49
 626 0049 13       		.uleb128 0x13
 627 004a 38       		.uleb128 0x38
ARM GAS  C:\Users\kvl6\AppData\Local\Temp\ccJbiOHs.s 			page 12


 628 004b 0B       		.uleb128 0xb
 629 004c 00       		.byte	0
 630 004d 00       		.byte	0
 631 004e 07       		.uleb128 0x7
 632 004f 16       		.uleb128 0x16
 633 0050 00       		.byte	0
 634 0051 03       		.uleb128 0x3
 635 0052 0E       		.uleb128 0xe
 636 0053 3A       		.uleb128 0x3a
 637 0054 0B       		.uleb128 0xb
 638 0055 3B       		.uleb128 0x3b
 639 0056 0B       		.uleb128 0xb
 640 0057 49       		.uleb128 0x49
 641 0058 13       		.uleb128 0x13
 642 0059 00       		.byte	0
 643 005a 00       		.byte	0
 644 005b 08       		.uleb128 0x8
 645 005c 0D       		.uleb128 0xd
 646 005d 00       		.byte	0
 647 005e 03       		.uleb128 0x3
 648 005f 08       		.uleb128 0x8
 649 0060 3A       		.uleb128 0x3a
 650 0061 0B       		.uleb128 0xb
 651 0062 3B       		.uleb128 0x3b
 652 0063 0B       		.uleb128 0xb
 653 0064 49       		.uleb128 0x49
 654 0065 13       		.uleb128 0x13
 655 0066 38       		.uleb128 0x38
 656 0067 0B       		.uleb128 0xb
 657 0068 00       		.byte	0
 658 0069 00       		.byte	0
 659 006a 09       		.uleb128 0x9
 660 006b 0F       		.uleb128 0xf
 661 006c 00       		.byte	0
 662 006d 0B       		.uleb128 0xb
 663 006e 0B       		.uleb128 0xb
 664 006f 49       		.uleb128 0x49
 665 0070 13       		.uleb128 0x13
 666 0071 00       		.byte	0
 667 0072 00       		.byte	0
 668 0073 0A       		.uleb128 0xa
 669 0074 26       		.uleb128 0x26
 670 0075 00       		.byte	0
 671 0076 00       		.byte	0
 672 0077 00       		.byte	0
 673 0078 0B       		.uleb128 0xb
 674 0079 01       		.uleb128 0x1
 675 007a 01       		.byte	0x1
 676 007b 49       		.uleb128 0x49
 677 007c 13       		.uleb128 0x13
 678 007d 01       		.uleb128 0x1
 679 007e 13       		.uleb128 0x13
 680 007f 00       		.byte	0
 681 0080 00       		.byte	0
 682 0081 0C       		.uleb128 0xc
 683 0082 21       		.uleb128 0x21
 684 0083 00       		.byte	0
ARM GAS  C:\Users\kvl6\AppData\Local\Temp\ccJbiOHs.s 			page 13


 685 0084 49       		.uleb128 0x49
 686 0085 13       		.uleb128 0x13
 687 0086 2F       		.uleb128 0x2f
 688 0087 0B       		.uleb128 0xb
 689 0088 00       		.byte	0
 690 0089 00       		.byte	0
 691 008a 0D       		.uleb128 0xd
 692 008b 26       		.uleb128 0x26
 693 008c 00       		.byte	0
 694 008d 49       		.uleb128 0x49
 695 008e 13       		.uleb128 0x13
 696 008f 00       		.byte	0
 697 0090 00       		.byte	0
 698 0091 0E       		.uleb128 0xe
 699 0092 34       		.uleb128 0x34
 700 0093 00       		.byte	0
 701 0094 03       		.uleb128 0x3
 702 0095 0E       		.uleb128 0xe
 703 0096 3A       		.uleb128 0x3a
 704 0097 0B       		.uleb128 0xb
 705 0098 3B       		.uleb128 0x3b
 706 0099 0B       		.uleb128 0xb
 707 009a 49       		.uleb128 0x49
 708 009b 13       		.uleb128 0x13
 709 009c 3F       		.uleb128 0x3f
 710 009d 19       		.uleb128 0x19
 711 009e 02       		.uleb128 0x2
 712 009f 18       		.uleb128 0x18
 713 00a0 00       		.byte	0
 714 00a1 00       		.byte	0
 715 00a2 00       		.byte	0
 716              		.section	.debug_aranges,"",%progbits
 717 0000 14000000 		.4byte	0x14
 718 0004 0200     		.2byte	0x2
 719 0006 00000000 		.4byte	.Ldebug_info0
 720 000a 04       		.byte	0x4
 721 000b 00       		.byte	0
 722 000c 0000     		.2byte	0
 723 000e 0000     		.2byte	0
 724 0010 00000000 		.4byte	0
 725 0014 00000000 		.4byte	0
 726              		.section	.debug_line,"",%progbits
 727              	.Ldebug_line0:
 728 0000 59000000 		.section	.debug_str,"MS",%progbits,1
 728      02005300 
 728      00000201 
 728      FB0E0D00 
 728      01010101 
 729              	.LASF25:
 730 0000 55534246 		.ascii	"USBFS_DEVICE0_DESCR\000"
 730      535F4445 
 730      56494345 
 730      305F4445 
 730      53435200 
 731              	.LASF28:
 732 0014 55534246 		.ascii	"USBFS_DEVICE0_CONFIGURATION0_INTERFACE_CLASS\000"
 732      535F4445 
ARM GAS  C:\Users\kvl6\AppData\Local\Temp\ccJbiOHs.s 			page 14


 732      56494345 
 732      305F434F 
 732      4E464947 
 733              	.LASF31:
 734 0041 55534246 		.ascii	"USBFS_TABLE\000"
 734      535F5441 
 734      424C4500 
 735              	.LASF3:
 736 004d 73686F72 		.ascii	"short unsigned int\000"
 736      7420756E 
 736      7369676E 
 736      65642069 
 736      6E7400
 737              	.LASF11:
 738 0060 666C6F61 		.ascii	"float\000"
 738      7400
 739              	.LASF17:
 740 0066 616C7453 		.ascii	"altSetting\000"
 740      65747469 
 740      6E6700
 741              	.LASF32:
 742 0071 55534246 		.ascii	"USBFS_STRING_DESCRIPTORS\000"
 742      535F5354 
 742      52494E47 
 742      5F444553 
 742      43524950 
 743              	.LASF33:
 744 008a 474E5520 		.ascii	"GNU C11 5.4.1 20160609 (release) [ARM/embedded-5-br"
 744      43313120 
 744      352E342E 
 744      31203230 
 744      31363036 
 745 00bd 616E6368 		.ascii	"anch revision 237715] -mcpu=cortex-m3 -mthumb -g -O"
 745      20726576 
 745      6973696F 
 745      6E203233 
 745      37373135 
 746 00f0 67202D66 		.ascii	"g -ffunction-sections -ffat-lto-objects\000"
 746      66756E63 
 746      74696F6E 
 746      2D736563 
 746      74696F6E 
 747              	.LASF19:
 748 0118 61747472 		.ascii	"attributes\000"
 748      69627574 
 748      657300
 749              	.LASF29:
 750 0123 55534246 		.ascii	"USBFS_DEVICE0_CONFIGURATION0_TABLE\000"
 750      535F4445 
 750      56494345 
 750      305F434F 
 750      4E464947 
 751              	.LASF18:
 752 0146 61646472 		.ascii	"addr\000"
 752      00
 753              	.LASF30:
 754 014b 55534246 		.ascii	"USBFS_DEVICE0_TABLE\000"
ARM GAS  C:\Users\kvl6\AppData\Local\Temp\ccJbiOHs.s 			page 15


 754      535F4445 
 754      56494345 
 754      305F5441 
 754      424C4500 
 755              	.LASF35:
 756 015f 443A5C50 		.ascii	"D:\\PSoC_Projects\\Spectrometers\\PSoC-ColorSensors"
 756      536F435F 
 756      50726F6A 
 756      65637473 
 756      5C537065 
 757 018f 5F537065 		.ascii	"_Spectrometers\\AS7262\\AS7262.cydsn\000"
 757      6374726F 
 757      6D657465 
 757      72735C41 
 757      53373236 
 758              	.LASF1:
 759 01b2 756E7369 		.ascii	"unsigned char\000"
 759      676E6564 
 759      20636861 
 759      7200
 760              	.LASF12:
 761 01c0 646F7562 		.ascii	"double\000"
 761      6C6500
 762              	.LASF10:
 763 01c7 75696E74 		.ascii	"uint16\000"
 763      313600
 764              	.LASF27:
 765 01ce 55534246 		.ascii	"USBFS_DEVICE0_CONFIGURATION0_EP_SETTINGS_TABLE\000"
 765      535F4445 
 765      56494345 
 765      305F434F 
 765      4E464947 
 766              	.LASF26:
 767 01fd 55534246 		.ascii	"USBFS_DEVICE0_CONFIGURATION0_DESCR\000"
 767      535F4445 
 767      56494345 
 767      305F434F 
 767      4E464947 
 768              	.LASF5:
 769 0220 6C6F6E67 		.ascii	"long unsigned int\000"
 769      20756E73 
 769      69676E65 
 769      6420696E 
 769      7400
 770              	.LASF8:
 771 0232 756E7369 		.ascii	"unsigned int\000"
 771      676E6564 
 771      20696E74 
 771      00
 772              	.LASF7:
 773 023f 6C6F6E67 		.ascii	"long long unsigned int\000"
 773      206C6F6E 
 773      6720756E 
 773      7369676E 
 773      65642069 
 774              	.LASF34:
 775 0256 47656E65 		.ascii	"Generated_Source\\PSoC5\\USBFS_descr.c\000"
ARM GAS  C:\Users\kvl6\AppData\Local\Temp\ccJbiOHs.s 			page 16


 775      72617465 
 775      645F536F 
 775      75726365 
 775      5C50536F 
 776              	.LASF23:
 777 027b 705F6C69 		.ascii	"p_list\000"
 777      737400
 778              	.LASF22:
 779 0282 545F5553 		.ascii	"T_USBFS_EP_SETTINGS_BLOCK\000"
 779      4246535F 
 779      45505F53 
 779      45545449 
 779      4E47535F 
 780              	.LASF15:
 781 029c 73697A65 		.ascii	"sizetype\000"
 781      74797065 
 781      00
 782              	.LASF6:
 783 02a5 6C6F6E67 		.ascii	"long long int\000"
 783      206C6F6E 
 783      6720696E 
 783      7400
 784              	.LASF24:
 785 02b3 545F5553 		.ascii	"T_USBFS_LUT\000"
 785      4246535F 
 785      4C555400 
 786              	.LASF13:
 787 02bf 63686172 		.ascii	"char\000"
 787      00
 788              	.LASF20:
 789 02c4 62756666 		.ascii	"bufferSize\000"
 789      65725369 
 789      7A6500
 790              	.LASF2:
 791 02cf 73686F72 		.ascii	"short int\000"
 791      7420696E 
 791      7400
 792              	.LASF9:
 793 02d9 75696E74 		.ascii	"uint8\000"
 793      3800
 794              	.LASF16:
 795 02df 696E7465 		.ascii	"interface\000"
 795      72666163 
 795      6500
 796              	.LASF4:
 797 02e9 6C6F6E67 		.ascii	"long int\000"
 797      20696E74 
 797      00
 798              	.LASF14:
 799 02f2 6C6F6E67 		.ascii	"long double\000"
 799      20646F75 
 799      626C6500 
 800              	.LASF0:
 801 02fe 7369676E 		.ascii	"signed char\000"
 801      65642063 
 801      68617200 
 802              	.LASF21:
ARM GAS  C:\Users\kvl6\AppData\Local\Temp\ccJbiOHs.s 			page 17


 803 030a 624D6973 		.ascii	"bMisc\000"
 803      6300
 804              		.ident	"GCC: (GNU Tools for ARM Embedded Processors) 5.4.1 20160609 (release) [ARM/embedded-5-bran
