--------------- Build Started: 02/12/2018 16:14:09 Project: C12880MA, Configuration: ARM GCC 5.4-2016-q2-update Debug ---------------
cydsfit.exe -.appdatapath "C:\Users\Kyle\AppData\Local\Cypress Semiconductor\PSoC Creator\4.1" -.fdsnotice -.fdswarpdepfile=warp_dependencies.txt -.fdselabdepfile=elab_dependencies.txt -.fdsbldfile=generated_files.txt -.fdsreffile=referenced_files.txt -p "C:\Users\Kyle\Documents\PSoC Creator\Spectrometers\C12880MA.cydsn\C12880MA.cyprj" -d CY8C5868AXI-LP035 -s "C:\Users\Kyle\Documents\PSoC Creator\Spectrometers\C12880MA.cydsn\Generated_Source\PSoC5" -- -yv2 -q10 -ygs -o2 -v3 -.fftcfgtype=LE
Elaborating Design...
HDL Generation...
Synthesis...
Tech Mapping...
Info: plm.M0038: The pin named Pin_debug_EOC(0) at location P0[0] prevents usage of special purposes: OpAmp:out. (App=cydsfit)
Info: plm.M0038: The pin named Pin_debug_EOS(0) at location P0[1] prevents usage of special purposes: OpAmp:out. (App=cydsfit)
Analog Placement...
Log: apr.M0058: The analog placement iterative improvement is 51% done. (App=cydsfit)
Log: apr.M0058: The analog placement iterative improvement is 71% done. (App=cydsfit)
Analog Routing...
Analog Code Generation...
Digital Placement...
Digital Routing...
Bitstream Generation...
Bitstream Verification...
Static timing analysis...
API Generation...
Dependency Generation...
Cleanup...
--------------- Build Succeeded: 02/12/2018 16:14:23 ---------------
