--------------- Build Started: 04/02/2018 09:02:08 Project: C12880MA_059, Configuration: ARM GCC 5.4-2016-q2-update Debug ---------------
cydsfit.exe -.appdatapath "C:\Users\Kyle\AppData\Local\Cypress Semiconductor\PSoC Creator\4.2" -.fdsnotice -.fdswarpdepfile=warp_dependencies.txt -.fdselabdepfile=elab_dependencies.txt -.fdsbldfile=generated_files.txt -.fdsreffile=referenced_files.txt -p "C:\Users\Kyle\Documents\PSoC Creator\Spectrometers\C12880MA_059.cydsn\C12880MA_059.cyprj" -d CY8C5888LTI-LP097 -s "C:\Users\Kyle\Documents\PSoC Creator\Spectrometers\C12880MA_059.cydsn\Generated_Source\PSoC5" -- -yv2 -q10 -ygs -o2 -v3 -.fftcfgtype=LE
Elaborating Design...
HDL Generation...
Synthesis...
Tech Mapping...
ADD: pft.M0040: information: The following 1 pin(s) will be assigned a location by the fitter: EoS(0)
Analog Placement...
Analog Routing...
Analog Code Generation...
Warning: apr.M0042: Bonded pin(s) "P3[3]" are not used in your current design but have been connected in order to route the design. (App=cydsfit)
Digital Placement...
Digital Routing...
Bitstream Generation...
Bitstream Verification...
Static timing analysis...
API Generation...
Dependency Generation...
Cleanup...
--------------- Build Succeeded: 04/02/2018 09:02:27 ---------------
